Determining if the function __atomic_fetch_add_4 exists in the atomic failed with the following output:
Change Dir: /media/Data/git/pi/OpenELEC.tv/build/CMakeFiles/CMakeTmp

Run Build Command:"/usr/bin/make" "cmTC_defdc/fast"
/usr/bin/make -f CMakeFiles/cmTC_defdc.dir/build.make CMakeFiles/cmTC_defdc.dir/build
make[1]: Entering directory '/media/Data/git/pi/OpenELEC.tv/build/CMakeFiles/CMakeTmp'
Building C object CMakeFiles/cmTC_defdc.dir/CheckFunctionExists.c.o
/media/Data/git/pi/OpenELEC.tv/build.OpenELEC-RPi.arm-6.0-devel/toolchain/bin/armv6zk-openelec-linux-gnueabi-gcc    -DCHECK_FUNCTION_EXISTS=__atomic_fetch_add_4   -o CMakeFiles/cmTC_defdc.dir/CheckFunctionExists.c.o   -c /usr/share/cmake-3.5/Modules/CheckFunctionExists.c
/usr/share/cmake-3.5/Modules/CheckFunctionExists.c:6:6: warning: conflicting types for built-in function '__atomic_fetch_add_4'
 char CHECK_FUNCTION_EXISTS();
      ^
Linking C executable cmTC_defdc
/usr/bin/cmake -E cmake_link_script CMakeFiles/cmTC_defdc.dir/link.txt --verbose=1
/media/Data/git/pi/OpenELEC.tv/build.OpenELEC-RPi.arm-6.0-devel/toolchain/bin/armv6zk-openelec-linux-gnueabi-gcc   -DCHECK_FUNCTION_EXISTS=__atomic_fetch_add_4    CMakeFiles/cmTC_defdc.dir/CheckFunctionExists.c.o  -o cmTC_defdc -rdynamic -latomic 
/media/Data/git/pi/OpenELEC.tv/build.OpenELEC-RPi.arm-6.0-devel/toolchain/lib/gcc/armv6zk-openelec-linux-gnueabi/4.9.3/../../../../armv6zk-openelec-linux-gnueabi/bin/ld: cannot find -latomic
collect2: error: ld returned 1 exit status
CMakeFiles/cmTC_defdc.dir/build.make:97: recipe for target 'cmTC_defdc' failed
make[1]: *** [cmTC_defdc] Error 1
make[1]: Leaving directory '/media/Data/git/pi/OpenELEC.tv/build/CMakeFiles/CMakeTmp'
Makefile:126: recipe for target 'cmTC_defdc/fast' failed
make: *** [cmTC_defdc/fast] Error 2


Determining if the pthread_create exist failed with the following output:
Change Dir: /media/Data/git/pi/OpenELEC.tv/build/CMakeFiles/CMakeTmp

Run Build Command:"/usr/bin/make" "cmTC_1e370/fast"
/usr/bin/make -f CMakeFiles/cmTC_1e370.dir/build.make CMakeFiles/cmTC_1e370.dir/build
make[1]: Entering directory '/media/Data/git/pi/OpenELEC.tv/build/CMakeFiles/CMakeTmp'
Building C object CMakeFiles/cmTC_1e370.dir/CheckSymbolExists.c.o
/media/Data/git/pi/OpenELEC.tv/build.OpenELEC-RPi.arm-6.0-devel/toolchain/bin/armv6zk-openelec-linux-gnueabi-gcc     -o CMakeFiles/cmTC_1e370.dir/CheckSymbolExists.c.o   -c /media/Data/git/pi/OpenELEC.tv/build/CMakeFiles/CMakeTmp/CheckSymbolExists.c
Linking C executable cmTC_1e370
/usr/bin/cmake -E cmake_link_script CMakeFiles/cmTC_1e370.dir/link.txt --verbose=1
/media/Data/git/pi/OpenELEC.tv/build.OpenELEC-RPi.arm-6.0-devel/toolchain/bin/armv6zk-openelec-linux-gnueabi-gcc       CMakeFiles/cmTC_1e370.dir/CheckSymbolExists.c.o  -o cmTC_1e370 -rdynamic 
CMakeFiles/cmTC_1e370.dir/CheckSymbolExists.c.o: In function `main':
CheckSymbolExists.c:(.text+0x38): undefined reference to `pthread_create'
collect2: error: ld returned 1 exit status
CMakeFiles/cmTC_1e370.dir/build.make:97: recipe for target 'cmTC_1e370' failed
make[1]: *** [cmTC_1e370] Error 1
make[1]: Leaving directory '/media/Data/git/pi/OpenELEC.tv/build/CMakeFiles/CMakeTmp'
Makefile:126: recipe for target 'cmTC_1e370/fast' failed
make: *** [cmTC_1e370/fast] Error 2

File /media/Data/git/pi/OpenELEC.tv/build/CMakeFiles/CMakeTmp/CheckSymbolExists.c:
/* */
#include <pthread.h>

int main(int argc, char** argv)
{
  (void)argv;
#ifndef pthread_create
  return ((int*)(&pthread_create))[argc];
#else
  (void)argc;
  return 0;
#endif
}

Determining if the function pthread_create exists in the pthreads failed with the following output:
Change Dir: /media/Data/git/pi/OpenELEC.tv/build/CMakeFiles/CMakeTmp

Run Build Command:"/usr/bin/make" "cmTC_04ffb/fast"
/usr/bin/make -f CMakeFiles/cmTC_04ffb.dir/build.make CMakeFiles/cmTC_04ffb.dir/build
make[1]: Entering directory '/media/Data/git/pi/OpenELEC.tv/build/CMakeFiles/CMakeTmp'
Building C object CMakeFiles/cmTC_04ffb.dir/CheckFunctionExists.c.o
/media/Data/git/pi/OpenELEC.tv/build.OpenELEC-RPi.arm-6.0-devel/toolchain/bin/armv6zk-openelec-linux-gnueabi-gcc    -DCHECK_FUNCTION_EXISTS=pthread_create   -o CMakeFiles/cmTC_04ffb.dir/CheckFunctionExists.c.o   -c /usr/share/cmake-3.5/Modules/CheckFunctionExists.c
Linking C executable cmTC_04ffb
/usr/bin/cmake -E cmake_link_script CMakeFiles/cmTC_04ffb.dir/link.txt --verbose=1
/media/Data/git/pi/OpenELEC.tv/build.OpenELEC-RPi.arm-6.0-devel/toolchain/bin/armv6zk-openelec-linux-gnueabi-gcc   -DCHECK_FUNCTION_EXISTS=pthread_create    CMakeFiles/cmTC_04ffb.dir/CheckFunctionExists.c.o  -o cmTC_04ffb -rdynamic -lpthreads 
/media/Data/git/pi/OpenELEC.tv/build.OpenELEC-RPi.arm-6.0-devel/toolchain/lib/gcc/armv6zk-openelec-linux-gnueabi/4.9.3/../../../../armv6zk-openelec-linux-gnueabi/bin/ld: cannot find -lpthreads
collect2: error: ld returned 1 exit status
CMakeFiles/cmTC_04ffb.dir/build.make:97: recipe for target 'cmTC_04ffb' failed
make[1]: *** [cmTC_04ffb] Error 1
make[1]: Leaving directory '/media/Data/git/pi/OpenELEC.tv/build/CMakeFiles/CMakeTmp'
Makefile:126: recipe for target 'cmTC_04ffb/fast' failed
make: *** [cmTC_04ffb/fast] Error 2


