The target system is: Linux - 1 - arm
The host system is: Linux - 4.4.0-21-generic - x86_64
Compiling the C compiler identification source file "CMakeCCompilerId.c" succeeded.
Compiler: /media/Data/git/pi/OpenELEC.tv/build.OpenELEC-RPi.arm-6.0-devel/toolchain/bin/armv6zk-openelec-linux-gnueabi-gcc 
Build flags: 
Id flags: 

The output was:
0


Compilation of the C compiler identification source "CMakeCCompilerId.c" produced "a.out"

The C compiler identification is GNU, found in "/media/Data/git/pi/OpenELEC.tv/build-pvr.mythtv-RPi.arm/CMakeFiles/3.5.1/CompilerIdC/a.out"

Compiling the CXX compiler identification source file "CMakeCXXCompilerId.cpp" succeeded.
Compiler: /media/Data/git/pi/OpenELEC.tv/build.OpenELEC-RPi.arm-6.0-devel/toolchain/bin/armv6zk-openelec-linux-gnueabi-g++ 
Build flags: 
Id flags: 

The output was:
0


Compilation of the CXX compiler identification source "CMakeCXXCompilerId.cpp" produced "a.out"

The CXX compiler identification is GNU, found in "/media/Data/git/pi/OpenELEC.tv/build-pvr.mythtv-RPi.arm/CMakeFiles/3.5.1/CompilerIdCXX/a.out"

Determining if the C compiler works passed with the following output:
Change Dir: /media/Data/git/pi/OpenELEC.tv/build-pvr.mythtv-RPi.arm/CMakeFiles/CMakeTmp

Run Build Command:"/usr/bin/make" "cmTC_27665/fast"
/usr/bin/make -f CMakeFiles/cmTC_27665.dir/build.make CMakeFiles/cmTC_27665.dir/build
make[1]: Entering directory '/media/Data/git/pi/OpenELEC.tv/build-pvr.mythtv-RPi.arm/CMakeFiles/CMakeTmp'
Building C object CMakeFiles/cmTC_27665.dir/testCCompiler.c.o
/media/Data/git/pi/OpenELEC.tv/build.OpenELEC-RPi.arm-6.0-devel/toolchain/bin/armv6zk-openelec-linux-gnueabi-gcc     -o CMakeFiles/cmTC_27665.dir/testCCompiler.c.o   -c /media/Data/git/pi/OpenELEC.tv/build-pvr.mythtv-RPi.arm/CMakeFiles/CMakeTmp/testCCompiler.c
Linking C executable cmTC_27665
/usr/bin/cmake -E cmake_link_script CMakeFiles/cmTC_27665.dir/link.txt --verbose=1
/media/Data/git/pi/OpenELEC.tv/build.OpenELEC-RPi.arm-6.0-devel/toolchain/bin/armv6zk-openelec-linux-gnueabi-gcc       CMakeFiles/cmTC_27665.dir/testCCompiler.c.o  -o cmTC_27665 -rdynamic 
make[1]: Leaving directory '/media/Data/git/pi/OpenELEC.tv/build-pvr.mythtv-RPi.arm/CMakeFiles/CMakeTmp'


Detecting C compiler ABI info compiled with the following output:
Change Dir: /media/Data/git/pi/OpenELEC.tv/build-pvr.mythtv-RPi.arm/CMakeFiles/CMakeTmp

Run Build Command:"/usr/bin/make" "cmTC_3950a/fast"
/usr/bin/make -f CMakeFiles/cmTC_3950a.dir/build.make CMakeFiles/cmTC_3950a.dir/build
make[1]: Entering directory '/media/Data/git/pi/OpenELEC.tv/build-pvr.mythtv-RPi.arm/CMakeFiles/CMakeTmp'
Building C object CMakeFiles/cmTC_3950a.dir/CMakeCCompilerABI.c.o
/media/Data/git/pi/OpenELEC.tv/build.OpenELEC-RPi.arm-6.0-devel/toolchain/bin/armv6zk-openelec-linux-gnueabi-gcc     -o CMakeFiles/cmTC_3950a.dir/CMakeCCompilerABI.c.o   -c /usr/share/cmake-3.5/Modules/CMakeCCompilerABI.c
Linking C executable cmTC_3950a
/usr/bin/cmake -E cmake_link_script CMakeFiles/cmTC_3950a.dir/link.txt --verbose=1
/media/Data/git/pi/OpenELEC.tv/build.OpenELEC-RPi.arm-6.0-devel/toolchain/bin/armv6zk-openelec-linux-gnueabi-gcc      -v CMakeFiles/cmTC_3950a.dir/CMakeCCompilerABI.c.o  -o cmTC_3950a -rdynamic  
Using built-in specs.
COLLECT_GCC=/media/Data/git/pi/OpenELEC.tv/build.OpenELEC-RPi.arm-6.0-devel/toolchain/bin/armv6zk-openelec-linux-gnueabi-gcc-4.9.3
COLLECT_LTO_WRAPPER=/media/Data/git/pi/OpenELEC.tv/build.OpenELEC-RPi.arm-6.0-devel/toolchain/lib/gcc/armv6zk-openelec-linux-gnueabi/4.9.3/lto-wrapper
Target: armv6zk-openelec-linux-gnueabi
Configured with: /media/Data/git/pi/OpenELEC.tv/build.OpenELEC-RPi.arm-6.0-devel/gcc-4.9.3/configure --host=x86_64-linux-gnu --build=x86_64-linux-gnu --prefix=/media/Data/git/pi/OpenELEC.tv/build.OpenELEC-RPi.arm-6.0-devel/toolchain --bindir=/media/Data/git/pi/OpenELEC.tv/build.OpenELEC-RPi.arm-6.0-devel/toolchain/bin --sbindir=/media/Data/git/pi/OpenELEC.tv/build.OpenELEC-RPi.arm-6.0-devel/toolchain/sbin --sysconfdir=/media/Data/git/pi/OpenELEC.tv/build.OpenELEC-RPi.arm-6.0-devel/toolchain/etc --libexecdir=/media/Data/git/pi/OpenELEC.tv/build.OpenELEC-RPi.arm-6.0-devel/toolchain/lib --localstatedir=/media/Data/git/pi/OpenELEC.tv/build.OpenELEC-RPi.arm-6.0-devel/toolchain/var --disable-static --enable-shared --target=armv6zk-openelec-linux-gnueabi --with-sysroot=/media/Data/git/pi/OpenELEC.tv/build.OpenELEC-RPi.arm-6.0-devel/toolchain/armv6zk-openelec-linux-gnueabi/sysroot --with-gmp=/media/Data/git/pi/OpenELEC.tv/build.OpenELEC-RPi.arm-6.0-devel/toolchain --with-mpfr=/media/Data/git/pi/OpenELEC.tv/build.OpenELEC-RPi.arm-6.0-devel/toolchain --with-mpc=/media/Data/git/pi/OpenELEC.tv/build.OpenELEC-RPi.arm-6.0-devel/toolchain --without-ppl --without-cloog --enable-languages=c,c++ --with-gnu-as --with-gnu-ld --enable-__cxa_atexit --disable-libada --enable-decimal-float --disable-libmudflap --disable-libssp --disable-multilib --disable-libatomic --disable-libitm --enable-gold --enable-ld=default --enable-plugin --enable-lto --disable-libquadmath --disable-libgomp --enable-tls --enable-shared --disable-static --enable-c99 --enable-long-long --enable-threads=posix --disable-libstdcxx-pch --enable-libstdcxx-time --enable-clocale=gnu --with-abi=aapcs-linux --with-arch=armv6zk --with-float=hard --with-fpu=vfp --disable-nls --enable-checking=release
Thread model: posix
gcc version 4.9.3 (GCC) 
COMPILER_PATH=/media/Data/git/pi/OpenELEC.tv/build.OpenELEC-RPi.arm-6.0-devel/toolchain/lib/gcc/armv6zk-openelec-linux-gnueabi/4.9.3/:/media/Data/git/pi/OpenELEC.tv/build.OpenELEC-RPi.arm-6.0-devel/toolchain/lib/gcc/armv6zk-openelec-linux-gnueabi/4.9.3/:/media/Data/git/pi/OpenELEC.tv/build.OpenELEC-RPi.arm-6.0-devel/toolchain/lib/gcc/armv6zk-openelec-linux-gnueabi/:/media/Data/git/pi/OpenELEC.tv/build.OpenELEC-RPi.arm-6.0-devel/toolchain/lib/gcc/armv6zk-openelec-linux-gnueabi/4.9.3/:/media/Data/git/pi/OpenELEC.tv/build.OpenELEC-RPi.arm-6.0-devel/toolchain/lib/gcc/armv6zk-openelec-linux-gnueabi/:/media/Data/git/pi/OpenELEC.tv/build.OpenELEC-RPi.arm-6.0-devel/toolchain/lib/gcc/armv6zk-openelec-linux-gnueabi/4.9.3/../../../../armv6zk-openelec-linux-gnueabi/bin/
LIBRARY_PATH=/media/Data/git/pi/OpenELEC.tv/build.OpenELEC-RPi.arm-6.0-devel/toolchain/lib/gcc/armv6zk-openelec-linux-gnueabi/4.9.3/:/media/Data/git/pi/OpenELEC.tv/build.OpenELEC-RPi.arm-6.0-devel/toolchain/lib/gcc/armv6zk-openelec-linux-gnueabi/4.9.3/../../../../armv6zk-openelec-linux-gnueabi/lib/:/media/Data/git/pi/OpenELEC.tv/build.OpenELEC-RPi.arm-6.0-devel/toolchain/armv6zk-openelec-linux-gnueabi/sysroot/lib/:/media/Data/git/pi/OpenELEC.tv/build.OpenELEC-RPi.arm-6.0-devel/toolchain/armv6zk-openelec-linux-gnueabi/sysroot/usr/lib/
COLLECT_GCC_OPTIONS='-v' '-o' 'cmTC_3950a' '-rdynamic' '-march=armv6zk' '-mfloat-abi=hard' '-mfpu=vfp' '-mabi=aapcs-linux' '-mtls-dialect=gnu'
 /media/Data/git/pi/OpenELEC.tv/build.OpenELEC-RPi.arm-6.0-devel/toolchain/lib/gcc/armv6zk-openelec-linux-gnueabi/4.9.3/collect2 -plugin /media/Data/git/pi/OpenELEC.tv/build.OpenELEC-RPi.arm-6.0-devel/toolchain/lib/gcc/armv6zk-openelec-linux-gnueabi/4.9.3/liblto_plugin.so -plugin-opt=/media/Data/git/pi/OpenELEC.tv/build.OpenELEC-RPi.arm-6.0-devel/toolchain/lib/gcc/armv6zk-openelec-linux-gnueabi/4.9.3/lto-wrapper -plugin-opt=-fresolution=/tmp/ccXykYHR.res -plugin-opt=-pass-through=-lgcc -plugin-opt=-pass-through=-lgcc_s -plugin-opt=-pass-through=-lc -plugin-opt=-pass-through=-lgcc -plugin-opt=-pass-through=-lgcc_s --sysroot=/media/Data/git/pi/OpenELEC.tv/build.OpenELEC-RPi.arm-6.0-devel/toolchain/armv6zk-openelec-linux-gnueabi/sysroot --eh-frame-hdr -export-dynamic -dynamic-linker /lib/ld-linux-armhf.so.3 -X -m armelf_linux_eabi -o cmTC_3950a /media/Data/git/pi/OpenELEC.tv/build.OpenELEC-RPi.arm-6.0-devel/toolchain/armv6zk-openelec-linux-gnueabi/sysroot/usr/lib/crt1.o /media/Data/git/pi/OpenELEC.tv/build.OpenELEC-RPi.arm-6.0-devel/toolchain/armv6zk-openelec-linux-gnueabi/sysroot/usr/lib/crti.o /media/Data/git/pi/OpenELEC.tv/build.OpenELEC-RPi.arm-6.0-devel/toolchain/lib/gcc/armv6zk-openelec-linux-gnueabi/4.9.3/crtbegin.o -L/media/Data/git/pi/OpenELEC.tv/build.OpenELEC-RPi.arm-6.0-devel/toolchain/lib/gcc/armv6zk-openelec-linux-gnueabi/4.9.3 -L/media/Data/git/pi/OpenELEC.tv/build.OpenELEC-RPi.arm-6.0-devel/toolchain/lib/gcc/armv6zk-openelec-linux-gnueabi/4.9.3/../../../../armv6zk-openelec-linux-gnueabi/lib -L/media/Data/git/pi/OpenELEC.tv/build.OpenELEC-RPi.arm-6.0-devel/toolchain/armv6zk-openelec-linux-gnueabi/sysroot/lib -L/media/Data/git/pi/OpenELEC.tv/build.OpenELEC-RPi.arm-6.0-devel/toolchain/armv6zk-openelec-linux-gnueabi/sysroot/usr/lib CMakeFiles/cmTC_3950a.dir/CMakeCCompilerABI.c.o -lgcc --as-needed -lgcc_s --no-as-needed -lc -lgcc --as-needed -lgcc_s --no-as-needed /media/Data/git/pi/OpenELEC.tv/build.OpenELEC-RPi.arm-6.0-devel/toolchain/lib/gcc/armv6zk-openelec-linux-gnueabi/4.9.3/crtend.o /media/Data/git/pi/OpenELEC.tv/build.OpenELEC-RPi.arm-6.0-devel/toolchain/armv6zk-openelec-linux-gnueabi/sysroot/usr/lib/crtn.o
make[1]: Leaving directory '/media/Data/git/pi/OpenELEC.tv/build-pvr.mythtv-RPi.arm/CMakeFiles/CMakeTmp'


Parsed C implicit link information from above output:
  link line regex: [^( *|.*[/\])(armv6zk-openelec-linux-gnueabi-ld|([^/\]+-)?ld|collect2)[^/\]*( |$)]
  ignore line: [Change Dir: /media/Data/git/pi/OpenELEC.tv/build-pvr.mythtv-RPi.arm/CMakeFiles/CMakeTmp]
  ignore line: []
  ignore line: [Run Build Command:"/usr/bin/make" "cmTC_3950a/fast"]
  ignore line: [/usr/bin/make -f CMakeFiles/cmTC_3950a.dir/build.make CMakeFiles/cmTC_3950a.dir/build]
  ignore line: [make[1]: Entering directory '/media/Data/git/pi/OpenELEC.tv/build-pvr.mythtv-RPi.arm/CMakeFiles/CMakeTmp']
  ignore line: [Building C object CMakeFiles/cmTC_3950a.dir/CMakeCCompilerABI.c.o]
  ignore line: [/media/Data/git/pi/OpenELEC.tv/build.OpenELEC-RPi.arm-6.0-devel/toolchain/bin/armv6zk-openelec-linux-gnueabi-gcc     -o CMakeFiles/cmTC_3950a.dir/CMakeCCompilerABI.c.o   -c /usr/share/cmake-3.5/Modules/CMakeCCompilerABI.c]
  ignore line: [Linking C executable cmTC_3950a]
  ignore line: [/usr/bin/cmake -E cmake_link_script CMakeFiles/cmTC_3950a.dir/link.txt --verbose=1]
  ignore line: [/media/Data/git/pi/OpenELEC.tv/build.OpenELEC-RPi.arm-6.0-devel/toolchain/bin/armv6zk-openelec-linux-gnueabi-gcc      -v CMakeFiles/cmTC_3950a.dir/CMakeCCompilerABI.c.o  -o cmTC_3950a -rdynamic  ]
  ignore line: [Using built-in specs.]
  ignore line: [COLLECT_GCC=/media/Data/git/pi/OpenELEC.tv/build.OpenELEC-RPi.arm-6.0-devel/toolchain/bin/armv6zk-openelec-linux-gnueabi-gcc-4.9.3]
  ignore line: [COLLECT_LTO_WRAPPER=/media/Data/git/pi/OpenELEC.tv/build.OpenELEC-RPi.arm-6.0-devel/toolchain/lib/gcc/armv6zk-openelec-linux-gnueabi/4.9.3/lto-wrapper]
  ignore line: [Target: armv6zk-openelec-linux-gnueabi]
  ignore line: [Configured with: /media/Data/git/pi/OpenELEC.tv/build.OpenELEC-RPi.arm-6.0-devel/gcc-4.9.3/configure --host=x86_64-linux-gnu --build=x86_64-linux-gnu --prefix=/media/Data/git/pi/OpenELEC.tv/build.OpenELEC-RPi.arm-6.0-devel/toolchain --bindir=/media/Data/git/pi/OpenELEC.tv/build.OpenELEC-RPi.arm-6.0-devel/toolchain/bin --sbindir=/media/Data/git/pi/OpenELEC.tv/build.OpenELEC-RPi.arm-6.0-devel/toolchain/sbin --sysconfdir=/media/Data/git/pi/OpenELEC.tv/build.OpenELEC-RPi.arm-6.0-devel/toolchain/etc --libexecdir=/media/Data/git/pi/OpenELEC.tv/build.OpenELEC-RPi.arm-6.0-devel/toolchain/lib --localstatedir=/media/Data/git/pi/OpenELEC.tv/build.OpenELEC-RPi.arm-6.0-devel/toolchain/var --disable-static --enable-shared --target=armv6zk-openelec-linux-gnueabi --with-sysroot=/media/Data/git/pi/OpenELEC.tv/build.OpenELEC-RPi.arm-6.0-devel/toolchain/armv6zk-openelec-linux-gnueabi/sysroot --with-gmp=/media/Data/git/pi/OpenELEC.tv/build.OpenELEC-RPi.arm-6.0-devel/toolchain --with-mpfr=/media/Data/git/pi/OpenELEC.tv/build.OpenELEC-RPi.arm-6.0-devel/toolchain --with-mpc=/media/Data/git/pi/OpenELEC.tv/build.OpenELEC-RPi.arm-6.0-devel/toolchain --without-ppl --without-cloog --enable-languages=c,c++ --with-gnu-as --with-gnu-ld --enable-__cxa_atexit --disable-libada --enable-decimal-float --disable-libmudflap --disable-libssp --disable-multilib --disable-libatomic --disable-libitm --enable-gold --enable-ld=default --enable-plugin --enable-lto --disable-libquadmath --disable-libgomp --enable-tls --enable-shared --disable-static --enable-c99 --enable-long-long --enable-threads=posix --disable-libstdcxx-pch --enable-libstdcxx-time --enable-clocale=gnu --with-abi=aapcs-linux --with-arch=armv6zk --with-float=hard --with-fpu=vfp --disable-nls --enable-checking=release]
  ignore line: [Thread model: posix]
  ignore line: [gcc version 4.9.3 (GCC) ]
  ignore line: [COMPILER_PATH=/media/Data/git/pi/OpenELEC.tv/build.OpenELEC-RPi.arm-6.0-devel/toolchain/lib/gcc/armv6zk-openelec-linux-gnueabi/4.9.3/:/media/Data/git/pi/OpenELEC.tv/build.OpenELEC-RPi.arm-6.0-devel/toolchain/lib/gcc/armv6zk-openelec-linux-gnueabi/4.9.3/:/media/Data/git/pi/OpenELEC.tv/build.OpenELEC-RPi.arm-6.0-devel/toolchain/lib/gcc/armv6zk-openelec-linux-gnueabi/:/media/Data/git/pi/OpenELEC.tv/build.OpenELEC-RPi.arm-6.0-devel/toolchain/lib/gcc/armv6zk-openelec-linux-gnueabi/4.9.3/:/media/Data/git/pi/OpenELEC.tv/build.OpenELEC-RPi.arm-6.0-devel/toolchain/lib/gcc/armv6zk-openelec-linux-gnueabi/:/media/Data/git/pi/OpenELEC.tv/build.OpenELEC-RPi.arm-6.0-devel/toolchain/lib/gcc/armv6zk-openelec-linux-gnueabi/4.9.3/../../../../armv6zk-openelec-linux-gnueabi/bin/]
  ignore line: [LIBRARY_PATH=/media/Data/git/pi/OpenELEC.tv/build.OpenELEC-RPi.arm-6.0-devel/toolchain/lib/gcc/armv6zk-openelec-linux-gnueabi/4.9.3/:/media/Data/git/pi/OpenELEC.tv/build.OpenELEC-RPi.arm-6.0-devel/toolchain/lib/gcc/armv6zk-openelec-linux-gnueabi/4.9.3/../../../../armv6zk-openelec-linux-gnueabi/lib/:/media/Data/git/pi/OpenELEC.tv/build.OpenELEC-RPi.arm-6.0-devel/toolchain/armv6zk-openelec-linux-gnueabi/sysroot/lib/:/media/Data/git/pi/OpenELEC.tv/build.OpenELEC-RPi.arm-6.0-devel/toolchain/armv6zk-openelec-linux-gnueabi/sysroot/usr/lib/]
  ignore line: [COLLECT_GCC_OPTIONS='-v' '-o' 'cmTC_3950a' '-rdynamic' '-march=armv6zk' '-mfloat-abi=hard' '-mfpu=vfp' '-mabi=aapcs-linux' '-mtls-dialect=gnu']
  link line: [ /media/Data/git/pi/OpenELEC.tv/build.OpenELEC-RPi.arm-6.0-devel/toolchain/lib/gcc/armv6zk-openelec-linux-gnueabi/4.9.3/collect2 -plugin /media/Data/git/pi/OpenELEC.tv/build.OpenELEC-RPi.arm-6.0-devel/toolchain/lib/gcc/armv6zk-openelec-linux-gnueabi/4.9.3/liblto_plugin.so -plugin-opt=/media/Data/git/pi/OpenELEC.tv/build.OpenELEC-RPi.arm-6.0-devel/toolchain/lib/gcc/armv6zk-openelec-linux-gnueabi/4.9.3/lto-wrapper -plugin-opt=-fresolution=/tmp/ccXykYHR.res -plugin-opt=-pass-through=-lgcc -plugin-opt=-pass-through=-lgcc_s -plugin-opt=-pass-through=-lc -plugin-opt=-pass-through=-lgcc -plugin-opt=-pass-through=-lgcc_s --sysroot=/media/Data/git/pi/OpenELEC.tv/build.OpenELEC-RPi.arm-6.0-devel/toolchain/armv6zk-openelec-linux-gnueabi/sysroot --eh-frame-hdr -export-dynamic -dynamic-linker /lib/ld-linux-armhf.so.3 -X -m armelf_linux_eabi -o cmTC_3950a /media/Data/git/pi/OpenELEC.tv/build.OpenELEC-RPi.arm-6.0-devel/toolchain/armv6zk-openelec-linux-gnueabi/sysroot/usr/lib/crt1.o /media/Data/git/pi/OpenELEC.tv/build.OpenELEC-RPi.arm-6.0-devel/toolchain/armv6zk-openelec-linux-gnueabi/sysroot/usr/lib/crti.o /media/Data/git/pi/OpenELEC.tv/build.OpenELEC-RPi.arm-6.0-devel/toolchain/lib/gcc/armv6zk-openelec-linux-gnueabi/4.9.3/crtbegin.o -L/media/Data/git/pi/OpenELEC.tv/build.OpenELEC-RPi.arm-6.0-devel/toolchain/lib/gcc/armv6zk-openelec-linux-gnueabi/4.9.3 -L/media/Data/git/pi/OpenELEC.tv/build.OpenELEC-RPi.arm-6.0-devel/toolchain/lib/gcc/armv6zk-openelec-linux-gnueabi/4.9.3/../../../../armv6zk-openelec-linux-gnueabi/lib -L/media/Data/git/pi/OpenELEC.tv/build.OpenELEC-RPi.arm-6.0-devel/toolchain/armv6zk-openelec-linux-gnueabi/sysroot/lib -L/media/Data/git/pi/OpenELEC.tv/build.OpenELEC-RPi.arm-6.0-devel/toolchain/armv6zk-openelec-linux-gnueabi/sysroot/usr/lib CMakeFiles/cmTC_3950a.dir/CMakeCCompilerABI.c.o -lgcc --as-needed -lgcc_s --no-as-needed -lc -lgcc --as-needed -lgcc_s --no-as-needed /media/Data/git/pi/OpenELEC.tv/build.OpenELEC-RPi.arm-6.0-devel/toolchain/lib/gcc/armv6zk-openelec-linux-gnueabi/4.9.3/crtend.o /media/Data/git/pi/OpenELEC.tv/build.OpenELEC-RPi.arm-6.0-devel/toolchain/armv6zk-openelec-linux-gnueabi/sysroot/usr/lib/crtn.o]
    arg [/media/Data/git/pi/OpenELEC.tv/build.OpenELEC-RPi.arm-6.0-devel/toolchain/lib/gcc/armv6zk-openelec-linux-gnueabi/4.9.3/collect2] ==> ignore
    arg [-plugin] ==> ignore
    arg [/media/Data/git/pi/OpenELEC.tv/build.OpenELEC-RPi.arm-6.0-devel/toolchain/lib/gcc/armv6zk-openelec-linux-gnueabi/4.9.3/liblto_plugin.so] ==> ignore
    arg [-plugin-opt=/media/Data/git/pi/OpenELEC.tv/build.OpenELEC-RPi.arm-6.0-devel/toolchain/lib/gcc/armv6zk-openelec-linux-gnueabi/4.9.3/lto-wrapper] ==> ignore
    arg [-plugin-opt=-fresolution=/tmp/ccXykYHR.res] ==> ignore
    arg [-plugin-opt=-pass-through=-lgcc] ==> ignore
    arg [-plugin-opt=-pass-through=-lgcc_s] ==> ignore
    arg [-plugin-opt=-pass-through=-lc] ==> ignore
    arg [-plugin-opt=-pass-through=-lgcc] ==> ignore
    arg [-plugin-opt=-pass-through=-lgcc_s] ==> ignore
    arg [--sysroot=/media/Data/git/pi/OpenELEC.tv/build.OpenELEC-RPi.arm-6.0-devel/toolchain/armv6zk-openelec-linux-gnueabi/sysroot] ==> ignore
    arg [--eh-frame-hdr] ==> ignore
    arg [-export-dynamic] ==> ignore
    arg [-dynamic-linker] ==> ignore
    arg [/lib/ld-linux-armhf.so.3] ==> ignore
    arg [-X] ==> ignore
    arg [-m] ==> ignore
    arg [armelf_linux_eabi] ==> ignore
    arg [-o] ==> ignore
    arg [cmTC_3950a] ==> ignore
    arg [/media/Data/git/pi/OpenELEC.tv/build.OpenELEC-RPi.arm-6.0-devel/toolchain/armv6zk-openelec-linux-gnueabi/sysroot/usr/lib/crt1.o] ==> ignore
    arg [/media/Data/git/pi/OpenELEC.tv/build.OpenELEC-RPi.arm-6.0-devel/toolchain/armv6zk-openelec-linux-gnueabi/sysroot/usr/lib/crti.o] ==> ignore
    arg [/media/Data/git/pi/OpenELEC.tv/build.OpenELEC-RPi.arm-6.0-devel/toolchain/lib/gcc/armv6zk-openelec-linux-gnueabi/4.9.3/crtbegin.o] ==> ignore
    arg [-L/media/Data/git/pi/OpenELEC.tv/build.OpenELEC-RPi.arm-6.0-devel/toolchain/lib/gcc/armv6zk-openelec-linux-gnueabi/4.9.3] ==> dir [/media/Data/git/pi/OpenELEC.tv/build.OpenELEC-RPi.arm-6.0-devel/toolchain/lib/gcc/armv6zk-openelec-linux-gnueabi/4.9.3]
    arg [-L/media/Data/git/pi/OpenELEC.tv/build.OpenELEC-RPi.arm-6.0-devel/toolchain/lib/gcc/armv6zk-openelec-linux-gnueabi/4.9.3/../../../../armv6zk-openelec-linux-gnueabi/lib] ==> dir [/media/Data/git/pi/OpenELEC.tv/build.OpenELEC-RPi.arm-6.0-devel/toolchain/lib/gcc/armv6zk-openelec-linux-gnueabi/4.9.3/../../../../armv6zk-openelec-linux-gnueabi/lib]
    arg [-L/media/Data/git/pi/OpenELEC.tv/build.OpenELEC-RPi.arm-6.0-devel/toolchain/armv6zk-openelec-linux-gnueabi/sysroot/lib] ==> dir [/media/Data/git/pi/OpenELEC.tv/build.OpenELEC-RPi.arm-6.0-devel/toolchain/armv6zk-openelec-linux-gnueabi/sysroot/lib]
    arg [-L/media/Data/git/pi/OpenELEC.tv/build.OpenELEC-RPi.arm-6.0-devel/toolchain/armv6zk-openelec-linux-gnueabi/sysroot/usr/lib] ==> dir [/media/Data/git/pi/OpenELEC.tv/build.OpenELEC-RPi.arm-6.0-devel/toolchain/armv6zk-openelec-linux-gnueabi/sysroot/usr/lib]
    arg [CMakeFiles/cmTC_3950a.dir/CMakeCCompilerABI.c.o] ==> ignore
    arg [-lgcc] ==> lib [gcc]
    arg [--as-needed] ==> ignore
    arg [-lgcc_s] ==> lib [gcc_s]
    arg [--no-as-needed] ==> ignore
    arg [-lc] ==> lib [c]
    arg [-lgcc] ==> lib [gcc]
    arg [--as-needed] ==> ignore
    arg [-lgcc_s] ==> lib [gcc_s]
    arg [--no-as-needed] ==> ignore
    arg [/media/Data/git/pi/OpenELEC.tv/build.OpenELEC-RPi.arm-6.0-devel/toolchain/lib/gcc/armv6zk-openelec-linux-gnueabi/4.9.3/crtend.o] ==> ignore
    arg [/media/Data/git/pi/OpenELEC.tv/build.OpenELEC-RPi.arm-6.0-devel/toolchain/armv6zk-openelec-linux-gnueabi/sysroot/usr/lib/crtn.o] ==> ignore
  remove lib [gcc]
  remove lib [gcc_s]
  remove lib [gcc]
  remove lib [gcc_s]
  collapse library dir [/media/Data/git/pi/OpenELEC.tv/build.OpenELEC-RPi.arm-6.0-devel/toolchain/lib/gcc/armv6zk-openelec-linux-gnueabi/4.9.3] ==> [/media/Data/git/pi/OpenELEC.tv/build.OpenELEC-RPi.arm-6.0-devel/toolchain/lib/gcc/armv6zk-openelec-linux-gnueabi/4.9.3]
  collapse library dir [/media/Data/git/pi/OpenELEC.tv/build.OpenELEC-RPi.arm-6.0-devel/toolchain/lib/gcc/armv6zk-openelec-linux-gnueabi/4.9.3/../../../../armv6zk-openelec-linux-gnueabi/lib] ==> [/media/Data/git/pi/OpenELEC.tv/build.OpenELEC-RPi.arm-6.0-devel/toolchain/armv6zk-openelec-linux-gnueabi/lib]
  collapse library dir [/media/Data/git/pi/OpenELEC.tv/build.OpenELEC-RPi.arm-6.0-devel/toolchain/armv6zk-openelec-linux-gnueabi/sysroot/lib] ==> [/media/Data/git/pi/OpenELEC.tv/build.OpenELEC-RPi.arm-6.0-devel/toolchain/armv6zk-openelec-linux-gnueabi/sysroot/lib]
  collapse library dir [/media/Data/git/pi/OpenELEC.tv/build.OpenELEC-RPi.arm-6.0-devel/toolchain/armv6zk-openelec-linux-gnueabi/sysroot/usr/lib] ==> [/media/Data/git/pi/OpenELEC.tv/build.OpenELEC-RPi.arm-6.0-devel/toolchain/armv6zk-openelec-linux-gnueabi/sysroot/usr/lib]
  implicit libs: [c]
  implicit dirs: [/media/Data/git/pi/OpenELEC.tv/build.OpenELEC-RPi.arm-6.0-devel/toolchain/lib/gcc/armv6zk-openelec-linux-gnueabi/4.9.3;/media/Data/git/pi/OpenELEC.tv/build.OpenELEC-RPi.arm-6.0-devel/toolchain/armv6zk-openelec-linux-gnueabi/lib;/media/Data/git/pi/OpenELEC.tv/build.OpenELEC-RPi.arm-6.0-devel/toolchain/armv6zk-openelec-linux-gnueabi/sysroot/lib;/media/Data/git/pi/OpenELEC.tv/build.OpenELEC-RPi.arm-6.0-devel/toolchain/armv6zk-openelec-linux-gnueabi/sysroot/usr/lib]
  implicit fwks: []




Detecting C [-std=c11] compiler features compiled with the following output:
Change Dir: /media/Data/git/pi/OpenELEC.tv/build-pvr.mythtv-RPi.arm/CMakeFiles/CMakeTmp

Run Build Command:"/usr/bin/make" "cmTC_2bf94/fast"
/usr/bin/make -f CMakeFiles/cmTC_2bf94.dir/build.make CMakeFiles/cmTC_2bf94.dir/build
make[1]: Entering directory '/media/Data/git/pi/OpenELEC.tv/build-pvr.mythtv-RPi.arm/CMakeFiles/CMakeTmp'
Building C object CMakeFiles/cmTC_2bf94.dir/feature_tests.c.o
/media/Data/git/pi/OpenELEC.tv/build.OpenELEC-RPi.arm-6.0-devel/toolchain/bin/armv6zk-openelec-linux-gnueabi-gcc    -std=c11 -o CMakeFiles/cmTC_2bf94.dir/feature_tests.c.o   -c /media/Data/git/pi/OpenELEC.tv/build-pvr.mythtv-RPi.arm/CMakeFiles/feature_tests.c
Linking C executable cmTC_2bf94
/usr/bin/cmake -E cmake_link_script CMakeFiles/cmTC_2bf94.dir/link.txt --verbose=1
/media/Data/git/pi/OpenELEC.tv/build.OpenELEC-RPi.arm-6.0-devel/toolchain/bin/armv6zk-openelec-linux-gnueabi-gcc       CMakeFiles/cmTC_2bf94.dir/feature_tests.c.o  -o cmTC_2bf94 -rdynamic 
make[1]: Leaving directory '/media/Data/git/pi/OpenELEC.tv/build-pvr.mythtv-RPi.arm/CMakeFiles/CMakeTmp'


    Feature record: C_FEATURE:1c_function_prototypes
    Feature record: C_FEATURE:1c_restrict
    Feature record: C_FEATURE:1c_static_assert
    Feature record: C_FEATURE:1c_variadic_macros


Detecting C [-std=c99] compiler features compiled with the following output:
Change Dir: /media/Data/git/pi/OpenELEC.tv/build-pvr.mythtv-RPi.arm/CMakeFiles/CMakeTmp

Run Build Command:"/usr/bin/make" "cmTC_799e5/fast"
/usr/bin/make -f CMakeFiles/cmTC_799e5.dir/build.make CMakeFiles/cmTC_799e5.dir/build
make[1]: Entering directory '/media/Data/git/pi/OpenELEC.tv/build-pvr.mythtv-RPi.arm/CMakeFiles/CMakeTmp'
Building C object CMakeFiles/cmTC_799e5.dir/feature_tests.c.o
/media/Data/git/pi/OpenELEC.tv/build.OpenELEC-RPi.arm-6.0-devel/toolchain/bin/armv6zk-openelec-linux-gnueabi-gcc    -std=c99 -o CMakeFiles/cmTC_799e5.dir/feature_tests.c.o   -c /media/Data/git/pi/OpenELEC.tv/build-pvr.mythtv-RPi.arm/CMakeFiles/feature_tests.c
Linking C executable cmTC_799e5
/usr/bin/cmake -E cmake_link_script CMakeFiles/cmTC_799e5.dir/link.txt --verbose=1
/media/Data/git/pi/OpenELEC.tv/build.OpenELEC-RPi.arm-6.0-devel/toolchain/bin/armv6zk-openelec-linux-gnueabi-gcc       CMakeFiles/cmTC_799e5.dir/feature_tests.c.o  -o cmTC_799e5 -rdynamic 
make[1]: Leaving directory '/media/Data/git/pi/OpenELEC.tv/build-pvr.mythtv-RPi.arm/CMakeFiles/CMakeTmp'


    Feature record: C_FEATURE:1c_function_prototypes
    Feature record: C_FEATURE:1c_restrict
    Feature record: C_FEATURE:0c_static_assert
    Feature record: C_FEATURE:1c_variadic_macros


Detecting C [-std=c90] compiler features compiled with the following output:
Change Dir: /media/Data/git/pi/OpenELEC.tv/build-pvr.mythtv-RPi.arm/CMakeFiles/CMakeTmp

Run Build Command:"/usr/bin/make" "cmTC_dc9f8/fast"
/usr/bin/make -f CMakeFiles/cmTC_dc9f8.dir/build.make CMakeFiles/cmTC_dc9f8.dir/build
make[1]: Entering directory '/media/Data/git/pi/OpenELEC.tv/build-pvr.mythtv-RPi.arm/CMakeFiles/CMakeTmp'
Building C object CMakeFiles/cmTC_dc9f8.dir/feature_tests.c.o
/media/Data/git/pi/OpenELEC.tv/build.OpenELEC-RPi.arm-6.0-devel/toolchain/bin/armv6zk-openelec-linux-gnueabi-gcc    -std=c90 -o CMakeFiles/cmTC_dc9f8.dir/feature_tests.c.o   -c /media/Data/git/pi/OpenELEC.tv/build-pvr.mythtv-RPi.arm/CMakeFiles/feature_tests.c
Linking C executable cmTC_dc9f8
/usr/bin/cmake -E cmake_link_script CMakeFiles/cmTC_dc9f8.dir/link.txt --verbose=1
/media/Data/git/pi/OpenELEC.tv/build.OpenELEC-RPi.arm-6.0-devel/toolchain/bin/armv6zk-openelec-linux-gnueabi-gcc       CMakeFiles/cmTC_dc9f8.dir/feature_tests.c.o  -o cmTC_dc9f8 -rdynamic 
make[1]: Leaving directory '/media/Data/git/pi/OpenELEC.tv/build-pvr.mythtv-RPi.arm/CMakeFiles/CMakeTmp'


    Feature record: C_FEATURE:1c_function_prototypes
    Feature record: C_FEATURE:0c_restrict
    Feature record: C_FEATURE:0c_static_assert
    Feature record: C_FEATURE:0c_variadic_macros
Determining if the CXX compiler works passed with the following output:
Change Dir: /media/Data/git/pi/OpenELEC.tv/build-pvr.mythtv-RPi.arm/CMakeFiles/CMakeTmp

Run Build Command:"/usr/bin/make" "cmTC_f0cbe/fast"
/usr/bin/make -f CMakeFiles/cmTC_f0cbe.dir/build.make CMakeFiles/cmTC_f0cbe.dir/build
make[1]: Entering directory '/media/Data/git/pi/OpenELEC.tv/build-pvr.mythtv-RPi.arm/CMakeFiles/CMakeTmp'
Building CXX object CMakeFiles/cmTC_f0cbe.dir/testCXXCompiler.cxx.o
/media/Data/git/pi/OpenELEC.tv/build.OpenELEC-RPi.arm-6.0-devel/toolchain/bin/armv6zk-openelec-linux-gnueabi-g++      -o CMakeFiles/cmTC_f0cbe.dir/testCXXCompiler.cxx.o -c /media/Data/git/pi/OpenELEC.tv/build-pvr.mythtv-RPi.arm/CMakeFiles/CMakeTmp/testCXXCompiler.cxx
Linking CXX executable cmTC_f0cbe
/usr/bin/cmake -E cmake_link_script CMakeFiles/cmTC_f0cbe.dir/link.txt --verbose=1
/media/Data/git/pi/OpenELEC.tv/build.OpenELEC-RPi.arm-6.0-devel/toolchain/bin/armv6zk-openelec-linux-gnueabi-g++        CMakeFiles/cmTC_f0cbe.dir/testCXXCompiler.cxx.o  -o cmTC_f0cbe -rdynamic 
make[1]: Leaving directory '/media/Data/git/pi/OpenELEC.tv/build-pvr.mythtv-RPi.arm/CMakeFiles/CMakeTmp'


Detecting CXX compiler ABI info compiled with the following output:
Change Dir: /media/Data/git/pi/OpenELEC.tv/build-pvr.mythtv-RPi.arm/CMakeFiles/CMakeTmp

Run Build Command:"/usr/bin/make" "cmTC_ebc48/fast"
/usr/bin/make -f CMakeFiles/cmTC_ebc48.dir/build.make CMakeFiles/cmTC_ebc48.dir/build
make[1]: Entering directory '/media/Data/git/pi/OpenELEC.tv/build-pvr.mythtv-RPi.arm/CMakeFiles/CMakeTmp'
Building CXX object CMakeFiles/cmTC_ebc48.dir/CMakeCXXCompilerABI.cpp.o
/media/Data/git/pi/OpenELEC.tv/build.OpenELEC-RPi.arm-6.0-devel/toolchain/bin/armv6zk-openelec-linux-gnueabi-g++      -o CMakeFiles/cmTC_ebc48.dir/CMakeCXXCompilerABI.cpp.o -c /usr/share/cmake-3.5/Modules/CMakeCXXCompilerABI.cpp
Linking CXX executable cmTC_ebc48
/usr/bin/cmake -E cmake_link_script CMakeFiles/cmTC_ebc48.dir/link.txt --verbose=1
/media/Data/git/pi/OpenELEC.tv/build.OpenELEC-RPi.arm-6.0-devel/toolchain/bin/armv6zk-openelec-linux-gnueabi-g++       -v CMakeFiles/cmTC_ebc48.dir/CMakeCXXCompilerABI.cpp.o  -o cmTC_ebc48 -rdynamic  
Using built-in specs.
COLLECT_GCC=/media/Data/git/pi/OpenELEC.tv/build.OpenELEC-RPi.arm-6.0-devel/toolchain/bin/armv6zk-openelec-linux-gnueabi-g++-4.9.3
COLLECT_LTO_WRAPPER=/media/Data/git/pi/OpenELEC.tv/build.OpenELEC-RPi.arm-6.0-devel/toolchain/lib/gcc/armv6zk-openelec-linux-gnueabi/4.9.3/lto-wrapper
Target: armv6zk-openelec-linux-gnueabi
Configured with: /media/Data/git/pi/OpenELEC.tv/build.OpenELEC-RPi.arm-6.0-devel/gcc-4.9.3/configure --host=x86_64-linux-gnu --build=x86_64-linux-gnu --prefix=/media/Data/git/pi/OpenELEC.tv/build.OpenELEC-RPi.arm-6.0-devel/toolchain --bindir=/media/Data/git/pi/OpenELEC.tv/build.OpenELEC-RPi.arm-6.0-devel/toolchain/bin --sbindir=/media/Data/git/pi/OpenELEC.tv/build.OpenELEC-RPi.arm-6.0-devel/toolchain/sbin --sysconfdir=/media/Data/git/pi/OpenELEC.tv/build.OpenELEC-RPi.arm-6.0-devel/toolchain/etc --libexecdir=/media/Data/git/pi/OpenELEC.tv/build.OpenELEC-RPi.arm-6.0-devel/toolchain/lib --localstatedir=/media/Data/git/pi/OpenELEC.tv/build.OpenELEC-RPi.arm-6.0-devel/toolchain/var --disable-static --enable-shared --target=armv6zk-openelec-linux-gnueabi --with-sysroot=/media/Data/git/pi/OpenELEC.tv/build.OpenELEC-RPi.arm-6.0-devel/toolchain/armv6zk-openelec-linux-gnueabi/sysroot --with-gmp=/media/Data/git/pi/OpenELEC.tv/build.OpenELEC-RPi.arm-6.0-devel/toolchain --with-mpfr=/media/Data/git/pi/OpenELEC.tv/build.OpenELEC-RPi.arm-6.0-devel/toolchain --with-mpc=/media/Data/git/pi/OpenELEC.tv/build.OpenELEC-RPi.arm-6.0-devel/toolchain --without-ppl --without-cloog --enable-languages=c,c++ --with-gnu-as --with-gnu-ld --enable-__cxa_atexit --disable-libada --enable-decimal-float --disable-libmudflap --disable-libssp --disable-multilib --disable-libatomic --disable-libitm --enable-gold --enable-ld=default --enable-plugin --enable-lto --disable-libquadmath --disable-libgomp --enable-tls --enable-shared --disable-static --enable-c99 --enable-long-long --enable-threads=posix --disable-libstdcxx-pch --enable-libstdcxx-time --enable-clocale=gnu --with-abi=aapcs-linux --with-arch=armv6zk --with-float=hard --with-fpu=vfp --disable-nls --enable-checking=release
Thread model: posix
gcc version 4.9.3 (GCC) 
COMPILER_PATH=/media/Data/git/pi/OpenELEC.tv/build.OpenELEC-RPi.arm-6.0-devel/toolchain/lib/gcc/armv6zk-openelec-linux-gnueabi/4.9.3/:/media/Data/git/pi/OpenELEC.tv/build.OpenELEC-RPi.arm-6.0-devel/toolchain/lib/gcc/armv6zk-openelec-linux-gnueabi/4.9.3/:/media/Data/git/pi/OpenELEC.tv/build.OpenELEC-RPi.arm-6.0-devel/toolchain/lib/gcc/armv6zk-openelec-linux-gnueabi/:/media/Data/git/pi/OpenELEC.tv/build.OpenELEC-RPi.arm-6.0-devel/toolchain/lib/gcc/armv6zk-openelec-linux-gnueabi/4.9.3/:/media/Data/git/pi/OpenELEC.tv/build.OpenELEC-RPi.arm-6.0-devel/toolchain/lib/gcc/armv6zk-openelec-linux-gnueabi/:/media/Data/git/pi/OpenELEC.tv/build.OpenELEC-RPi.arm-6.0-devel/toolchain/lib/gcc/armv6zk-openelec-linux-gnueabi/4.9.3/../../../../armv6zk-openelec-linux-gnueabi/bin/
LIBRARY_PATH=/media/Data/git/pi/OpenELEC.tv/build.OpenELEC-RPi.arm-6.0-devel/toolchain/lib/gcc/armv6zk-openelec-linux-gnueabi/4.9.3/:/media/Data/git/pi/OpenELEC.tv/build.OpenELEC-RPi.arm-6.0-devel/toolchain/lib/gcc/armv6zk-openelec-linux-gnueabi/4.9.3/../../../../armv6zk-openelec-linux-gnueabi/lib/:/media/Data/git/pi/OpenELEC.tv/build.OpenELEC-RPi.arm-6.0-devel/toolchain/armv6zk-openelec-linux-gnueabi/sysroot/lib/:/media/Data/git/pi/OpenELEC.tv/build.OpenELEC-RPi.arm-6.0-devel/toolchain/armv6zk-openelec-linux-gnueabi/sysroot/usr/lib/
COLLECT_GCC_OPTIONS='-v' '-o' 'cmTC_ebc48' '-rdynamic' '-shared-libgcc' '-march=armv6zk' '-mfloat-abi=hard' '-mfpu=vfp' '-mabi=aapcs-linux' '-mtls-dialect=gnu'
 /media/Data/git/pi/OpenELEC.tv/build.OpenELEC-RPi.arm-6.0-devel/toolchain/lib/gcc/armv6zk-openelec-linux-gnueabi/4.9.3/collect2 -plugin /media/Data/git/pi/OpenELEC.tv/build.OpenELEC-RPi.arm-6.0-devel/toolchain/lib/gcc/armv6zk-openelec-linux-gnueabi/4.9.3/liblto_plugin.so -plugin-opt=/media/Data/git/pi/OpenELEC.tv/build.OpenELEC-RPi.arm-6.0-devel/toolchain/lib/gcc/armv6zk-openelec-linux-gnueabi/4.9.3/lto-wrapper -plugin-opt=-fresolution=/tmp/ccPc4JNN.res -plugin-opt=-pass-through=-lgcc_s -plugin-opt=-pass-through=-lgcc -plugin-opt=-pass-through=-lc -plugin-opt=-pass-through=-lgcc_s -plugin-opt=-pass-through=-lgcc --sysroot=/media/Data/git/pi/OpenELEC.tv/build.OpenELEC-RPi.arm-6.0-devel/toolchain/armv6zk-openelec-linux-gnueabi/sysroot --eh-frame-hdr -export-dynamic -dynamic-linker /lib/ld-linux-armhf.so.3 -X -m armelf_linux_eabi -o cmTC_ebc48 /media/Data/git/pi/OpenELEC.tv/build.OpenELEC-RPi.arm-6.0-devel/toolchain/armv6zk-openelec-linux-gnueabi/sysroot/usr/lib/crt1.o /media/Data/git/pi/OpenELEC.tv/build.OpenELEC-RPi.arm-6.0-devel/toolchain/armv6zk-openelec-linux-gnueabi/sysroot/usr/lib/crti.o /media/Data/git/pi/OpenELEC.tv/build.OpenELEC-RPi.arm-6.0-devel/toolchain/lib/gcc/armv6zk-openelec-linux-gnueabi/4.9.3/crtbegin.o -L/media/Data/git/pi/OpenELEC.tv/build.OpenELEC-RPi.arm-6.0-devel/toolchain/lib/gcc/armv6zk-openelec-linux-gnueabi/4.9.3 -L/media/Data/git/pi/OpenELEC.tv/build.OpenELEC-RPi.arm-6.0-devel/toolchain/lib/gcc/armv6zk-openelec-linux-gnueabi/4.9.3/../../../../armv6zk-openelec-linux-gnueabi/lib -L/media/Data/git/pi/OpenELEC.tv/build.OpenELEC-RPi.arm-6.0-devel/toolchain/armv6zk-openelec-linux-gnueabi/sysroot/lib -L/media/Data/git/pi/OpenELEC.tv/build.OpenELEC-RPi.arm-6.0-devel/toolchain/armv6zk-openelec-linux-gnueabi/sysroot/usr/lib CMakeFiles/cmTC_ebc48.dir/CMakeCXXCompilerABI.cpp.o -lstdc++ -lm -lgcc_s -lgcc -lc -lgcc_s -lgcc /media/Data/git/pi/OpenELEC.tv/build.OpenELEC-RPi.arm-6.0-devel/toolchain/lib/gcc/armv6zk-openelec-linux-gnueabi/4.9.3/crtend.o /media/Data/git/pi/OpenELEC.tv/build.OpenELEC-RPi.arm-6.0-devel/toolchain/armv6zk-openelec-linux-gnueabi/sysroot/usr/lib/crtn.o
make[1]: Leaving directory '/media/Data/git/pi/OpenELEC.tv/build-pvr.mythtv-RPi.arm/CMakeFiles/CMakeTmp'


Parsed CXX implicit link information from above output:
  link line regex: [^( *|.*[/\])(armv6zk-openelec-linux-gnueabi-ld|([^/\]+-)?ld|collect2)[^/\]*( |$)]
  ignore line: [Change Dir: /media/Data/git/pi/OpenELEC.tv/build-pvr.mythtv-RPi.arm/CMakeFiles/CMakeTmp]
  ignore line: []
  ignore line: [Run Build Command:"/usr/bin/make" "cmTC_ebc48/fast"]
  ignore line: [/usr/bin/make -f CMakeFiles/cmTC_ebc48.dir/build.make CMakeFiles/cmTC_ebc48.dir/build]
  ignore line: [make[1]: Entering directory '/media/Data/git/pi/OpenELEC.tv/build-pvr.mythtv-RPi.arm/CMakeFiles/CMakeTmp']
  ignore line: [Building CXX object CMakeFiles/cmTC_ebc48.dir/CMakeCXXCompilerABI.cpp.o]
  ignore line: [/media/Data/git/pi/OpenELEC.tv/build.OpenELEC-RPi.arm-6.0-devel/toolchain/bin/armv6zk-openelec-linux-gnueabi-g++      -o CMakeFiles/cmTC_ebc48.dir/CMakeCXXCompilerABI.cpp.o -c /usr/share/cmake-3.5/Modules/CMakeCXXCompilerABI.cpp]
  ignore line: [Linking CXX executable cmTC_ebc48]
  ignore line: [/usr/bin/cmake -E cmake_link_script CMakeFiles/cmTC_ebc48.dir/link.txt --verbose=1]
  ignore line: [/media/Data/git/pi/OpenELEC.tv/build.OpenELEC-RPi.arm-6.0-devel/toolchain/bin/armv6zk-openelec-linux-gnueabi-g++       -v CMakeFiles/cmTC_ebc48.dir/CMakeCXXCompilerABI.cpp.o  -o cmTC_ebc48 -rdynamic  ]
  ignore line: [Using built-in specs.]
  ignore line: [COLLECT_GCC=/media/Data/git/pi/OpenELEC.tv/build.OpenELEC-RPi.arm-6.0-devel/toolchain/bin/armv6zk-openelec-linux-gnueabi-g++-4.9.3]
  ignore line: [COLLECT_LTO_WRAPPER=/media/Data/git/pi/OpenELEC.tv/build.OpenELEC-RPi.arm-6.0-devel/toolchain/lib/gcc/armv6zk-openelec-linux-gnueabi/4.9.3/lto-wrapper]
  ignore line: [Target: armv6zk-openelec-linux-gnueabi]
  ignore line: [Configured with: /media/Data/git/pi/OpenELEC.tv/build.OpenELEC-RPi.arm-6.0-devel/gcc-4.9.3/configure --host=x86_64-linux-gnu --build=x86_64-linux-gnu --prefix=/media/Data/git/pi/OpenELEC.tv/build.OpenELEC-RPi.arm-6.0-devel/toolchain --bindir=/media/Data/git/pi/OpenELEC.tv/build.OpenELEC-RPi.arm-6.0-devel/toolchain/bin --sbindir=/media/Data/git/pi/OpenELEC.tv/build.OpenELEC-RPi.arm-6.0-devel/toolchain/sbin --sysconfdir=/media/Data/git/pi/OpenELEC.tv/build.OpenELEC-RPi.arm-6.0-devel/toolchain/etc --libexecdir=/media/Data/git/pi/OpenELEC.tv/build.OpenELEC-RPi.arm-6.0-devel/toolchain/lib --localstatedir=/media/Data/git/pi/OpenELEC.tv/build.OpenELEC-RPi.arm-6.0-devel/toolchain/var --disable-static --enable-shared --target=armv6zk-openelec-linux-gnueabi --with-sysroot=/media/Data/git/pi/OpenELEC.tv/build.OpenELEC-RPi.arm-6.0-devel/toolchain/armv6zk-openelec-linux-gnueabi/sysroot --with-gmp=/media/Data/git/pi/OpenELEC.tv/build.OpenELEC-RPi.arm-6.0-devel/toolchain --with-mpfr=/media/Data/git/pi/OpenELEC.tv/build.OpenELEC-RPi.arm-6.0-devel/toolchain --with-mpc=/media/Data/git/pi/OpenELEC.tv/build.OpenELEC-RPi.arm-6.0-devel/toolchain --without-ppl --without-cloog --enable-languages=c,c++ --with-gnu-as --with-gnu-ld --enable-__cxa_atexit --disable-libada --enable-decimal-float --disable-libmudflap --disable-libssp --disable-multilib --disable-libatomic --disable-libitm --enable-gold --enable-ld=default --enable-plugin --enable-lto --disable-libquadmath --disable-libgomp --enable-tls --enable-shared --disable-static --enable-c99 --enable-long-long --enable-threads=posix --disable-libstdcxx-pch --enable-libstdcxx-time --enable-clocale=gnu --with-abi=aapcs-linux --with-arch=armv6zk --with-float=hard --with-fpu=vfp --disable-nls --enable-checking=release]
  ignore line: [Thread model: posix]
  ignore line: [gcc version 4.9.3 (GCC) ]
  ignore line: [COMPILER_PATH=/media/Data/git/pi/OpenELEC.tv/build.OpenELEC-RPi.arm-6.0-devel/toolchain/lib/gcc/armv6zk-openelec-linux-gnueabi/4.9.3/:/media/Data/git/pi/OpenELEC.tv/build.OpenELEC-RPi.arm-6.0-devel/toolchain/lib/gcc/armv6zk-openelec-linux-gnueabi/4.9.3/:/media/Data/git/pi/OpenELEC.tv/build.OpenELEC-RPi.arm-6.0-devel/toolchain/lib/gcc/armv6zk-openelec-linux-gnueabi/:/media/Data/git/pi/OpenELEC.tv/build.OpenELEC-RPi.arm-6.0-devel/toolchain/lib/gcc/armv6zk-openelec-linux-gnueabi/4.9.3/:/media/Data/git/pi/OpenELEC.tv/build.OpenELEC-RPi.arm-6.0-devel/toolchain/lib/gcc/armv6zk-openelec-linux-gnueabi/:/media/Data/git/pi/OpenELEC.tv/build.OpenELEC-RPi.arm-6.0-devel/toolchain/lib/gcc/armv6zk-openelec-linux-gnueabi/4.9.3/../../../../armv6zk-openelec-linux-gnueabi/bin/]
  ignore line: [LIBRARY_PATH=/media/Data/git/pi/OpenELEC.tv/build.OpenELEC-RPi.arm-6.0-devel/toolchain/lib/gcc/armv6zk-openelec-linux-gnueabi/4.9.3/:/media/Data/git/pi/OpenELEC.tv/build.OpenELEC-RPi.arm-6.0-devel/toolchain/lib/gcc/armv6zk-openelec-linux-gnueabi/4.9.3/../../../../armv6zk-openelec-linux-gnueabi/lib/:/media/Data/git/pi/OpenELEC.tv/build.OpenELEC-RPi.arm-6.0-devel/toolchain/armv6zk-openelec-linux-gnueabi/sysroot/lib/:/media/Data/git/pi/OpenELEC.tv/build.OpenELEC-RPi.arm-6.0-devel/toolchain/armv6zk-openelec-linux-gnueabi/sysroot/usr/lib/]
  ignore line: [COLLECT_GCC_OPTIONS='-v' '-o' 'cmTC_ebc48' '-rdynamic' '-shared-libgcc' '-march=armv6zk' '-mfloat-abi=hard' '-mfpu=vfp' '-mabi=aapcs-linux' '-mtls-dialect=gnu']
  link line: [ /media/Data/git/pi/OpenELEC.tv/build.OpenELEC-RPi.arm-6.0-devel/toolchain/lib/gcc/armv6zk-openelec-linux-gnueabi/4.9.3/collect2 -plugin /media/Data/git/pi/OpenELEC.tv/build.OpenELEC-RPi.arm-6.0-devel/toolchain/lib/gcc/armv6zk-openelec-linux-gnueabi/4.9.3/liblto_plugin.so -plugin-opt=/media/Data/git/pi/OpenELEC.tv/build.OpenELEC-RPi.arm-6.0-devel/toolchain/lib/gcc/armv6zk-openelec-linux-gnueabi/4.9.3/lto-wrapper -plugin-opt=-fresolution=/tmp/ccPc4JNN.res -plugin-opt=-pass-through=-lgcc_s -plugin-opt=-pass-through=-lgcc -plugin-opt=-pass-through=-lc -plugin-opt=-pass-through=-lgcc_s -plugin-opt=-pass-through=-lgcc --sysroot=/media/Data/git/pi/OpenELEC.tv/build.OpenELEC-RPi.arm-6.0-devel/toolchain/armv6zk-openelec-linux-gnueabi/sysroot --eh-frame-hdr -export-dynamic -dynamic-linker /lib/ld-linux-armhf.so.3 -X -m armelf_linux_eabi -o cmTC_ebc48 /media/Data/git/pi/OpenELEC.tv/build.OpenELEC-RPi.arm-6.0-devel/toolchain/armv6zk-openelec-linux-gnueabi/sysroot/usr/lib/crt1.o /media/Data/git/pi/OpenELEC.tv/build.OpenELEC-RPi.arm-6.0-devel/toolchain/armv6zk-openelec-linux-gnueabi/sysroot/usr/lib/crti.o /media/Data/git/pi/OpenELEC.tv/build.OpenELEC-RPi.arm-6.0-devel/toolchain/lib/gcc/armv6zk-openelec-linux-gnueabi/4.9.3/crtbegin.o -L/media/Data/git/pi/OpenELEC.tv/build.OpenELEC-RPi.arm-6.0-devel/toolchain/lib/gcc/armv6zk-openelec-linux-gnueabi/4.9.3 -L/media/Data/git/pi/OpenELEC.tv/build.OpenELEC-RPi.arm-6.0-devel/toolchain/lib/gcc/armv6zk-openelec-linux-gnueabi/4.9.3/../../../../armv6zk-openelec-linux-gnueabi/lib -L/media/Data/git/pi/OpenELEC.tv/build.OpenELEC-RPi.arm-6.0-devel/toolchain/armv6zk-openelec-linux-gnueabi/sysroot/lib -L/media/Data/git/pi/OpenELEC.tv/build.OpenELEC-RPi.arm-6.0-devel/toolchain/armv6zk-openelec-linux-gnueabi/sysroot/usr/lib CMakeFiles/cmTC_ebc48.dir/CMakeCXXCompilerABI.cpp.o -lstdc++ -lm -lgcc_s -lgcc -lc -lgcc_s -lgcc /media/Data/git/pi/OpenELEC.tv/build.OpenELEC-RPi.arm-6.0-devel/toolchain/lib/gcc/armv6zk-openelec-linux-gnueabi/4.9.3/crtend.o /media/Data/git/pi/OpenELEC.tv/build.OpenELEC-RPi.arm-6.0-devel/toolchain/armv6zk-openelec-linux-gnueabi/sysroot/usr/lib/crtn.o]
    arg [/media/Data/git/pi/OpenELEC.tv/build.OpenELEC-RPi.arm-6.0-devel/toolchain/lib/gcc/armv6zk-openelec-linux-gnueabi/4.9.3/collect2] ==> ignore
    arg [-plugin] ==> ignore
    arg [/media/Data/git/pi/OpenELEC.tv/build.OpenELEC-RPi.arm-6.0-devel/toolchain/lib/gcc/armv6zk-openelec-linux-gnueabi/4.9.3/liblto_plugin.so] ==> ignore
    arg [-plugin-opt=/media/Data/git/pi/OpenELEC.tv/build.OpenELEC-RPi.arm-6.0-devel/toolchain/lib/gcc/armv6zk-openelec-linux-gnueabi/4.9.3/lto-wrapper] ==> ignore
    arg [-plugin-opt=-fresolution=/tmp/ccPc4JNN.res] ==> ignore
    arg [-plugin-opt=-pass-through=-lgcc_s] ==> ignore
    arg [-plugin-opt=-pass-through=-lgcc] ==> ignore
    arg [-plugin-opt=-pass-through=-lc] ==> ignore
    arg [-plugin-opt=-pass-through=-lgcc_s] ==> ignore
    arg [-plugin-opt=-pass-through=-lgcc] ==> ignore
    arg [--sysroot=/media/Data/git/pi/OpenELEC.tv/build.OpenELEC-RPi.arm-6.0-devel/toolchain/armv6zk-openelec-linux-gnueabi/sysroot] ==> ignore
    arg [--eh-frame-hdr] ==> ignore
    arg [-export-dynamic] ==> ignore
    arg [-dynamic-linker] ==> ignore
    arg [/lib/ld-linux-armhf.so.3] ==> ignore
    arg [-X] ==> ignore
    arg [-m] ==> ignore
    arg [armelf_linux_eabi] ==> ignore
    arg [-o] ==> ignore
    arg [cmTC_ebc48] ==> ignore
    arg [/media/Data/git/pi/OpenELEC.tv/build.OpenELEC-RPi.arm-6.0-devel/toolchain/armv6zk-openelec-linux-gnueabi/sysroot/usr/lib/crt1.o] ==> ignore
    arg [/media/Data/git/pi/OpenELEC.tv/build.OpenELEC-RPi.arm-6.0-devel/toolchain/armv6zk-openelec-linux-gnueabi/sysroot/usr/lib/crti.o] ==> ignore
    arg [/media/Data/git/pi/OpenELEC.tv/build.OpenELEC-RPi.arm-6.0-devel/toolchain/lib/gcc/armv6zk-openelec-linux-gnueabi/4.9.3/crtbegin.o] ==> ignore
    arg [-L/media/Data/git/pi/OpenELEC.tv/build.OpenELEC-RPi.arm-6.0-devel/toolchain/lib/gcc/armv6zk-openelec-linux-gnueabi/4.9.3] ==> dir [/media/Data/git/pi/OpenELEC.tv/build.OpenELEC-RPi.arm-6.0-devel/toolchain/lib/gcc/armv6zk-openelec-linux-gnueabi/4.9.3]
    arg [-L/media/Data/git/pi/OpenELEC.tv/build.OpenELEC-RPi.arm-6.0-devel/toolchain/lib/gcc/armv6zk-openelec-linux-gnueabi/4.9.3/../../../../armv6zk-openelec-linux-gnueabi/lib] ==> dir [/media/Data/git/pi/OpenELEC.tv/build.OpenELEC-RPi.arm-6.0-devel/toolchain/lib/gcc/armv6zk-openelec-linux-gnueabi/4.9.3/../../../../armv6zk-openelec-linux-gnueabi/lib]
    arg [-L/media/Data/git/pi/OpenELEC.tv/build.OpenELEC-RPi.arm-6.0-devel/toolchain/armv6zk-openelec-linux-gnueabi/sysroot/lib] ==> dir [/media/Data/git/pi/OpenELEC.tv/build.OpenELEC-RPi.arm-6.0-devel/toolchain/armv6zk-openelec-linux-gnueabi/sysroot/lib]
    arg [-L/media/Data/git/pi/OpenELEC.tv/build.OpenELEC-RPi.arm-6.0-devel/toolchain/armv6zk-openelec-linux-gnueabi/sysroot/usr/lib] ==> dir [/media/Data/git/pi/OpenELEC.tv/build.OpenELEC-RPi.arm-6.0-devel/toolchain/armv6zk-openelec-linux-gnueabi/sysroot/usr/lib]
    arg [CMakeFiles/cmTC_ebc48.dir/CMakeCXXCompilerABI.cpp.o] ==> ignore
    arg [-lstdc++] ==> lib [stdc++]
    arg [-lm] ==> lib [m]
    arg [-lgcc_s] ==> lib [gcc_s]
    arg [-lgcc] ==> lib [gcc]
    arg [-lc] ==> lib [c]
    arg [-lgcc_s] ==> lib [gcc_s]
    arg [-lgcc] ==> lib [gcc]
    arg [/media/Data/git/pi/OpenELEC.tv/build.OpenELEC-RPi.arm-6.0-devel/toolchain/lib/gcc/armv6zk-openelec-linux-gnueabi/4.9.3/crtend.o] ==> ignore
    arg [/media/Data/git/pi/OpenELEC.tv/build.OpenELEC-RPi.arm-6.0-devel/toolchain/armv6zk-openelec-linux-gnueabi/sysroot/usr/lib/crtn.o] ==> ignore
  remove lib [gcc_s]
  remove lib [gcc]
  remove lib [gcc_s]
  remove lib [gcc]
  collapse library dir [/media/Data/git/pi/OpenELEC.tv/build.OpenELEC-RPi.arm-6.0-devel/toolchain/lib/gcc/armv6zk-openelec-linux-gnueabi/4.9.3] ==> [/media/Data/git/pi/OpenELEC.tv/build.OpenELEC-RPi.arm-6.0-devel/toolchain/lib/gcc/armv6zk-openelec-linux-gnueabi/4.9.3]
  collapse library dir [/media/Data/git/pi/OpenELEC.tv/build.OpenELEC-RPi.arm-6.0-devel/toolchain/lib/gcc/armv6zk-openelec-linux-gnueabi/4.9.3/../../../../armv6zk-openelec-linux-gnueabi/lib] ==> [/media/Data/git/pi/OpenELEC.tv/build.OpenELEC-RPi.arm-6.0-devel/toolchain/armv6zk-openelec-linux-gnueabi/lib]
  collapse library dir [/media/Data/git/pi/OpenELEC.tv/build.OpenELEC-RPi.arm-6.0-devel/toolchain/armv6zk-openelec-linux-gnueabi/sysroot/lib] ==> [/media/Data/git/pi/OpenELEC.tv/build.OpenELEC-RPi.arm-6.0-devel/toolchain/armv6zk-openelec-linux-gnueabi/sysroot/lib]
  collapse library dir [/media/Data/git/pi/OpenELEC.tv/build.OpenELEC-RPi.arm-6.0-devel/toolchain/armv6zk-openelec-linux-gnueabi/sysroot/usr/lib] ==> [/media/Data/git/pi/OpenELEC.tv/build.OpenELEC-RPi.arm-6.0-devel/toolchain/armv6zk-openelec-linux-gnueabi/sysroot/usr/lib]
  implicit libs: [stdc++;m;c]
  implicit dirs: [/media/Data/git/pi/OpenELEC.tv/build.OpenELEC-RPi.arm-6.0-devel/toolchain/lib/gcc/armv6zk-openelec-linux-gnueabi/4.9.3;/media/Data/git/pi/OpenELEC.tv/build.OpenELEC-RPi.arm-6.0-devel/toolchain/armv6zk-openelec-linux-gnueabi/lib;/media/Data/git/pi/OpenELEC.tv/build.OpenELEC-RPi.arm-6.0-devel/toolchain/armv6zk-openelec-linux-gnueabi/sysroot/lib;/media/Data/git/pi/OpenELEC.tv/build.OpenELEC-RPi.arm-6.0-devel/toolchain/armv6zk-openelec-linux-gnueabi/sysroot/usr/lib]
  implicit fwks: []




Detecting CXX [-std=c++14] compiler features compiled with the following output:
Change Dir: /media/Data/git/pi/OpenELEC.tv/build-pvr.mythtv-RPi.arm/CMakeFiles/CMakeTmp

Run Build Command:"/usr/bin/make" "cmTC_96670/fast"
/usr/bin/make -f CMakeFiles/cmTC_96670.dir/build.make CMakeFiles/cmTC_96670.dir/build
make[1]: Entering directory '/media/Data/git/pi/OpenELEC.tv/build-pvr.mythtv-RPi.arm/CMakeFiles/CMakeTmp'
Building CXX object CMakeFiles/cmTC_96670.dir/feature_tests.cxx.o
/media/Data/git/pi/OpenELEC.tv/build.OpenELEC-RPi.arm-6.0-devel/toolchain/bin/armv6zk-openelec-linux-gnueabi-g++     -std=c++14 -o CMakeFiles/cmTC_96670.dir/feature_tests.cxx.o -c /media/Data/git/pi/OpenELEC.tv/build-pvr.mythtv-RPi.arm/CMakeFiles/feature_tests.cxx
Linking CXX executable cmTC_96670
/usr/bin/cmake -E cmake_link_script CMakeFiles/cmTC_96670.dir/link.txt --verbose=1
/media/Data/git/pi/OpenELEC.tv/build.OpenELEC-RPi.arm-6.0-devel/toolchain/bin/armv6zk-openelec-linux-gnueabi-g++        CMakeFiles/cmTC_96670.dir/feature_tests.cxx.o  -o cmTC_96670 -rdynamic 
make[1]: Leaving directory '/media/Data/git/pi/OpenELEC.tv/build-pvr.mythtv-RPi.arm/CMakeFiles/CMakeTmp'


    Feature record: CXX_FEATURE:0cxx_aggregate_default_initializers
    Feature record: CXX_FEATURE:1cxx_alias_templates
    Feature record: CXX_FEATURE:1cxx_alignas
    Feature record: CXX_FEATURE:1cxx_alignof
    Feature record: CXX_FEATURE:1cxx_attributes
    Feature record: CXX_FEATURE:1cxx_attribute_deprecated
    Feature record: CXX_FEATURE:1cxx_auto_type
    Feature record: CXX_FEATURE:1cxx_binary_literals
    Feature record: CXX_FEATURE:1cxx_constexpr
    Feature record: CXX_FEATURE:1cxx_contextual_conversions
    Feature record: CXX_FEATURE:1cxx_decltype
    Feature record: CXX_FEATURE:1cxx_decltype_auto
    Feature record: CXX_FEATURE:1cxx_decltype_incomplete_return_types
    Feature record: CXX_FEATURE:1cxx_default_function_template_args
    Feature record: CXX_FEATURE:1cxx_defaulted_functions
    Feature record: CXX_FEATURE:1cxx_defaulted_move_initializers
    Feature record: CXX_FEATURE:1cxx_delegating_constructors
    Feature record: CXX_FEATURE:1cxx_deleted_functions
    Feature record: CXX_FEATURE:1cxx_digit_separators
    Feature record: CXX_FEATURE:1cxx_enum_forward_declarations
    Feature record: CXX_FEATURE:1cxx_explicit_conversions
    Feature record: CXX_FEATURE:1cxx_extended_friend_declarations
    Feature record: CXX_FEATURE:1cxx_extern_templates
    Feature record: CXX_FEATURE:1cxx_final
    Feature record: CXX_FEATURE:1cxx_func_identifier
    Feature record: CXX_FEATURE:1cxx_generalized_initializers
    Feature record: CXX_FEATURE:1cxx_generic_lambdas
    Feature record: CXX_FEATURE:1cxx_inheriting_constructors
    Feature record: CXX_FEATURE:1cxx_inline_namespaces
    Feature record: CXX_FEATURE:1cxx_lambdas
    Feature record: CXX_FEATURE:1cxx_lambda_init_captures
    Feature record: CXX_FEATURE:1cxx_local_type_template_args
    Feature record: CXX_FEATURE:1cxx_long_long_type
    Feature record: CXX_FEATURE:1cxx_noexcept
    Feature record: CXX_FEATURE:1cxx_nonstatic_member_init
    Feature record: CXX_FEATURE:1cxx_nullptr
    Feature record: CXX_FEATURE:1cxx_override
    Feature record: CXX_FEATURE:1cxx_range_for
    Feature record: CXX_FEATURE:1cxx_raw_string_literals
    Feature record: CXX_FEATURE:1cxx_reference_qualified_functions
    Feature record: CXX_FEATURE:0cxx_relaxed_constexpr
    Feature record: CXX_FEATURE:1cxx_return_type_deduction
    Feature record: CXX_FEATURE:1cxx_right_angle_brackets
    Feature record: CXX_FEATURE:1cxx_rvalue_references
    Feature record: CXX_FEATURE:1cxx_sizeof_member
    Feature record: CXX_FEATURE:1cxx_static_assert
    Feature record: CXX_FEATURE:1cxx_strong_enums
    Feature record: CXX_FEATURE:1cxx_template_template_parameters
    Feature record: CXX_FEATURE:1cxx_thread_local
    Feature record: CXX_FEATURE:1cxx_trailing_return_types
    Feature record: CXX_FEATURE:1cxx_unicode_literals
    Feature record: CXX_FEATURE:1cxx_uniform_initialization
    Feature record: CXX_FEATURE:1cxx_unrestricted_unions
    Feature record: CXX_FEATURE:1cxx_user_literals
    Feature record: CXX_FEATURE:0cxx_variable_templates
    Feature record: CXX_FEATURE:1cxx_variadic_macros
    Feature record: CXX_FEATURE:1cxx_variadic_templates


Detecting CXX [-std=c++11] compiler features compiled with the following output:
Change Dir: /media/Data/git/pi/OpenELEC.tv/build-pvr.mythtv-RPi.arm/CMakeFiles/CMakeTmp

Run Build Command:"/usr/bin/make" "cmTC_8bebd/fast"
/usr/bin/make -f CMakeFiles/cmTC_8bebd.dir/build.make CMakeFiles/cmTC_8bebd.dir/build
make[1]: Entering directory '/media/Data/git/pi/OpenELEC.tv/build-pvr.mythtv-RPi.arm/CMakeFiles/CMakeTmp'
Building CXX object CMakeFiles/cmTC_8bebd.dir/feature_tests.cxx.o
/media/Data/git/pi/OpenELEC.tv/build.OpenELEC-RPi.arm-6.0-devel/toolchain/bin/armv6zk-openelec-linux-gnueabi-g++     -std=c++11 -o CMakeFiles/cmTC_8bebd.dir/feature_tests.cxx.o -c /media/Data/git/pi/OpenELEC.tv/build-pvr.mythtv-RPi.arm/CMakeFiles/feature_tests.cxx
Linking CXX executable cmTC_8bebd
/usr/bin/cmake -E cmake_link_script CMakeFiles/cmTC_8bebd.dir/link.txt --verbose=1
/media/Data/git/pi/OpenELEC.tv/build.OpenELEC-RPi.arm-6.0-devel/toolchain/bin/armv6zk-openelec-linux-gnueabi-g++        CMakeFiles/cmTC_8bebd.dir/feature_tests.cxx.o  -o cmTC_8bebd -rdynamic 
make[1]: Leaving directory '/media/Data/git/pi/OpenELEC.tv/build-pvr.mythtv-RPi.arm/CMakeFiles/CMakeTmp'


    Feature record: CXX_FEATURE:0cxx_aggregate_default_initializers
    Feature record: CXX_FEATURE:1cxx_alias_templates
    Feature record: CXX_FEATURE:1cxx_alignas
    Feature record: CXX_FEATURE:1cxx_alignof
    Feature record: CXX_FEATURE:1cxx_attributes
    Feature record: CXX_FEATURE:0cxx_attribute_deprecated
    Feature record: CXX_FEATURE:1cxx_auto_type
    Feature record: CXX_FEATURE:0cxx_binary_literals
    Feature record: CXX_FEATURE:1cxx_constexpr
    Feature record: CXX_FEATURE:0cxx_contextual_conversions
    Feature record: CXX_FEATURE:1cxx_decltype
    Feature record: CXX_FEATURE:0cxx_decltype_auto
    Feature record: CXX_FEATURE:1cxx_decltype_incomplete_return_types
    Feature record: CXX_FEATURE:1cxx_default_function_template_args
    Feature record: CXX_FEATURE:1cxx_defaulted_functions
    Feature record: CXX_FEATURE:1cxx_defaulted_move_initializers
    Feature record: CXX_FEATURE:1cxx_delegating_constructors
    Feature record: CXX_FEATURE:1cxx_deleted_functions
    Feature record: CXX_FEATURE:0cxx_digit_separators
    Feature record: CXX_FEATURE:1cxx_enum_forward_declarations
    Feature record: CXX_FEATURE:1cxx_explicit_conversions
    Feature record: CXX_FEATURE:1cxx_extended_friend_declarations
    Feature record: CXX_FEATURE:1cxx_extern_templates
    Feature record: CXX_FEATURE:1cxx_final
    Feature record: CXX_FEATURE:1cxx_func_identifier
    Feature record: CXX_FEATURE:1cxx_generalized_initializers
    Feature record: CXX_FEATURE:0cxx_generic_lambdas
    Feature record: CXX_FEATURE:1cxx_inheriting_constructors
    Feature record: CXX_FEATURE:1cxx_inline_namespaces
    Feature record: CXX_FEATURE:1cxx_lambdas
    Feature record: CXX_FEATURE:0cxx_lambda_init_captures
    Feature record: CXX_FEATURE:1cxx_local_type_template_args
    Feature record: CXX_FEATURE:1cxx_long_long_type
    Feature record: CXX_FEATURE:1cxx_noexcept
    Feature record: CXX_FEATURE:1cxx_nonstatic_member_init
    Feature record: CXX_FEATURE:1cxx_nullptr
    Feature record: CXX_FEATURE:1cxx_override
    Feature record: CXX_FEATURE:1cxx_range_for
    Feature record: CXX_FEATURE:1cxx_raw_string_literals
    Feature record: CXX_FEATURE:1cxx_reference_qualified_functions
    Feature record: CXX_FEATURE:0cxx_relaxed_constexpr
    Feature record: CXX_FEATURE:0cxx_return_type_deduction
    Feature record: CXX_FEATURE:1cxx_right_angle_brackets
    Feature record: CXX_FEATURE:1cxx_rvalue_references
    Feature record: CXX_FEATURE:1cxx_sizeof_member
    Feature record: CXX_FEATURE:1cxx_static_assert
    Feature record: CXX_FEATURE:1cxx_strong_enums
    Feature record: CXX_FEATURE:1cxx_template_template_parameters
    Feature record: CXX_FEATURE:1cxx_thread_local
    Feature record: CXX_FEATURE:1cxx_trailing_return_types
    Feature record: CXX_FEATURE:1cxx_unicode_literals
    Feature record: CXX_FEATURE:1cxx_uniform_initialization
    Feature record: CXX_FEATURE:1cxx_unrestricted_unions
    Feature record: CXX_FEATURE:1cxx_user_literals
    Feature record: CXX_FEATURE:0cxx_variable_templates
    Feature record: CXX_FEATURE:1cxx_variadic_macros
    Feature record: CXX_FEATURE:1cxx_variadic_templates


Detecting CXX [-std=c++98] compiler features compiled with the following output:
Change Dir: /media/Data/git/pi/OpenELEC.tv/build-pvr.mythtv-RPi.arm/CMakeFiles/CMakeTmp

Run Build Command:"/usr/bin/make" "cmTC_cedcb/fast"
/usr/bin/make -f CMakeFiles/cmTC_cedcb.dir/build.make CMakeFiles/cmTC_cedcb.dir/build
make[1]: Entering directory '/media/Data/git/pi/OpenELEC.tv/build-pvr.mythtv-RPi.arm/CMakeFiles/CMakeTmp'
Building CXX object CMakeFiles/cmTC_cedcb.dir/feature_tests.cxx.o
/media/Data/git/pi/OpenELEC.tv/build.OpenELEC-RPi.arm-6.0-devel/toolchain/bin/armv6zk-openelec-linux-gnueabi-g++     -std=c++98 -o CMakeFiles/cmTC_cedcb.dir/feature_tests.cxx.o -c /media/Data/git/pi/OpenELEC.tv/build-pvr.mythtv-RPi.arm/CMakeFiles/feature_tests.cxx
Linking CXX executable cmTC_cedcb
/usr/bin/cmake -E cmake_link_script CMakeFiles/cmTC_cedcb.dir/link.txt --verbose=1
/media/Data/git/pi/OpenELEC.tv/build.OpenELEC-RPi.arm-6.0-devel/toolchain/bin/armv6zk-openelec-linux-gnueabi-g++        CMakeFiles/cmTC_cedcb.dir/feature_tests.cxx.o  -o cmTC_cedcb -rdynamic 
make[1]: Leaving directory '/media/Data/git/pi/OpenELEC.tv/build-pvr.mythtv-RPi.arm/CMakeFiles/CMakeTmp'


    Feature record: CXX_FEATURE:0cxx_aggregate_default_initializers
    Feature record: CXX_FEATURE:0cxx_alias_templates
    Feature record: CXX_FEATURE:0cxx_alignas
    Feature record: CXX_FEATURE:0cxx_alignof
    Feature record: CXX_FEATURE:0cxx_attributes
    Feature record: CXX_FEATURE:0cxx_attribute_deprecated
    Feature record: CXX_FEATURE:0cxx_auto_type
    Feature record: CXX_FEATURE:0cxx_binary_literals
    Feature record: CXX_FEATURE:0cxx_constexpr
    Feature record: CXX_FEATURE:0cxx_contextual_conversions
    Feature record: CXX_FEATURE:0cxx_decltype
    Feature record: CXX_FEATURE:0cxx_decltype_auto
    Feature record: CXX_FEATURE:0cxx_decltype_incomplete_return_types
    Feature record: CXX_FEATURE:0cxx_default_function_template_args
    Feature record: CXX_FEATURE:0cxx_defaulted_functions
    Feature record: CXX_FEATURE:0cxx_defaulted_move_initializers
    Feature record: CXX_FEATURE:0cxx_delegating_constructors
    Feature record: CXX_FEATURE:0cxx_deleted_functions
    Feature record: CXX_FEATURE:0cxx_digit_separators
    Feature record: CXX_FEATURE:0cxx_enum_forward_declarations
    Feature record: CXX_FEATURE:0cxx_explicit_conversions
    Feature record: CXX_FEATURE:0cxx_extended_friend_declarations
    Feature record: CXX_FEATURE:0cxx_extern_templates
    Feature record: CXX_FEATURE:0cxx_final
    Feature record: CXX_FEATURE:0cxx_func_identifier
    Feature record: CXX_FEATURE:0cxx_generalized_initializers
    Feature record: CXX_FEATURE:0cxx_generic_lambdas
    Feature record: CXX_FEATURE:0cxx_inheriting_constructors
    Feature record: CXX_FEATURE:0cxx_inline_namespaces
    Feature record: CXX_FEATURE:0cxx_lambdas
    Feature record: CXX_FEATURE:0cxx_lambda_init_captures
    Feature record: CXX_FEATURE:0cxx_local_type_template_args
    Feature record: CXX_FEATURE:0cxx_long_long_type
    Feature record: CXX_FEATURE:0cxx_noexcept
    Feature record: CXX_FEATURE:0cxx_nonstatic_member_init
    Feature record: CXX_FEATURE:0cxx_nullptr
    Feature record: CXX_FEATURE:0cxx_override
    Feature record: CXX_FEATURE:0cxx_range_for
    Feature record: CXX_FEATURE:0cxx_raw_string_literals
    Feature record: CXX_FEATURE:0cxx_reference_qualified_functions
    Feature record: CXX_FEATURE:0cxx_relaxed_constexpr
    Feature record: CXX_FEATURE:0cxx_return_type_deduction
    Feature record: CXX_FEATURE:0cxx_right_angle_brackets
    Feature record: CXX_FEATURE:0cxx_rvalue_references
    Feature record: CXX_FEATURE:0cxx_sizeof_member
    Feature record: CXX_FEATURE:0cxx_static_assert
    Feature record: CXX_FEATURE:0cxx_strong_enums
    Feature record: CXX_FEATURE:1cxx_template_template_parameters
    Feature record: CXX_FEATURE:0cxx_thread_local
    Feature record: CXX_FEATURE:0cxx_trailing_return_types
    Feature record: CXX_FEATURE:0cxx_unicode_literals
    Feature record: CXX_FEATURE:0cxx_uniform_initialization
    Feature record: CXX_FEATURE:0cxx_unrestricted_unions
    Feature record: CXX_FEATURE:0cxx_user_literals
    Feature record: CXX_FEATURE:0cxx_variable_templates
    Feature record: CXX_FEATURE:0cxx_variadic_macros
    Feature record: CXX_FEATURE:0cxx_variadic_templates
Determining if the CXX compiler accepts the flag -flto passed with the following output:
Change Dir: /media/Data/git/pi/OpenELEC.tv/build-pvr.mythtv-RPi.arm/CMakeFiles/CMakeTmp

Run Build Command:"/usr/bin/make" "cmTC_d172e/fast"
/usr/bin/make -f CMakeFiles/cmTC_d172e.dir/build.make CMakeFiles/cmTC_d172e.dir/build
make[1]: Entering directory '/media/Data/git/pi/OpenELEC.tv/build-pvr.mythtv-RPi.arm/CMakeFiles/CMakeTmp'
Building CXX object CMakeFiles/cmTC_d172e.dir/DummyCXXFile.cxx.o
/media/Data/git/pi/OpenELEC.tv/build.OpenELEC-RPi.arm-6.0-devel/toolchain/bin/armv6zk-openelec-linux-gnueabi-g++     -flto   -o CMakeFiles/cmTC_d172e.dir/DummyCXXFile.cxx.o -c /usr/share/cmake-3.5/Modules/DummyCXXFile.cxx
Linking CXX executable cmTC_d172e
/usr/bin/cmake -E cmake_link_script CMakeFiles/cmTC_d172e.dir/link.txt --verbose=1
/media/Data/git/pi/OpenELEC.tv/build.OpenELEC-RPi.arm-6.0-devel/toolchain/bin/armv6zk-openelec-linux-gnueabi-g++    -flto    CMakeFiles/cmTC_d172e.dir/DummyCXXFile.cxx.o  -o cmTC_d172e -rdynamic 
make[1]: Leaving directory '/media/Data/git/pi/OpenELEC.tv/build-pvr.mythtv-RPi.arm/CMakeFiles/CMakeTmp'


Performing C++ SOURCE FILE Test HAS_BUILTIN_SYNC_ADD_AND_FETCH succeeded with the following output:
Change Dir: /media/Data/git/pi/OpenELEC.tv/build-pvr.mythtv-RPi.arm/CMakeFiles/CMakeTmp

Run Build Command:"/usr/bin/make" "cmTC_9b628/fast"
/usr/bin/make -f CMakeFiles/cmTC_9b628.dir/build.make CMakeFiles/cmTC_9b628.dir/build
make[1]: Entering directory '/media/Data/git/pi/OpenELEC.tv/build-pvr.mythtv-RPi.arm/CMakeFiles/CMakeTmp'
Building CXX object CMakeFiles/cmTC_9b628.dir/src.cxx.o
/media/Data/git/pi/OpenELEC.tv/build.OpenELEC-RPi.arm-6.0-devel/toolchain/bin/armv6zk-openelec-linux-gnueabi-g++     -DHAS_BUILTIN_SYNC_ADD_AND_FETCH   -o CMakeFiles/cmTC_9b628.dir/src.cxx.o -c /media/Data/git/pi/OpenELEC.tv/build-pvr.mythtv-RPi.arm/CMakeFiles/CMakeTmp/src.cxx
Linking CXX executable cmTC_9b628
/usr/bin/cmake -E cmake_link_script CMakeFiles/cmTC_9b628.dir/link.txt --verbose=1
/media/Data/git/pi/OpenELEC.tv/build.OpenELEC-RPi.arm-6.0-devel/toolchain/bin/armv6zk-openelec-linux-gnueabi-g++    -DHAS_BUILTIN_SYNC_ADD_AND_FETCH    CMakeFiles/cmTC_9b628.dir/src.cxx.o  -o cmTC_9b628 -rdynamic 
make[1]: Leaving directory '/media/Data/git/pi/OpenELEC.tv/build-pvr.mythtv-RPi.arm/CMakeFiles/CMakeTmp'

Source file was:
int main() { long* temp=0; long ret=__sync_add_and_fetch(temp, 1); return 0; }
Performing C++ SOURCE FILE Test HAS_BUILTIN_SYNC_SUB_AND_FETCH succeeded with the following output:
Change Dir: /media/Data/git/pi/OpenELEC.tv/build-pvr.mythtv-RPi.arm/CMakeFiles/CMakeTmp

Run Build Command:"/usr/bin/make" "cmTC_00fb2/fast"
/usr/bin/make -f CMakeFiles/cmTC_00fb2.dir/build.make CMakeFiles/cmTC_00fb2.dir/build
make[1]: Entering directory '/media/Data/git/pi/OpenELEC.tv/build-pvr.mythtv-RPi.arm/CMakeFiles/CMakeTmp'
Building CXX object CMakeFiles/cmTC_00fb2.dir/src.cxx.o
/media/Data/git/pi/OpenELEC.tv/build.OpenELEC-RPi.arm-6.0-devel/toolchain/bin/armv6zk-openelec-linux-gnueabi-g++     -DHAS_BUILTIN_SYNC_SUB_AND_FETCH   -o CMakeFiles/cmTC_00fb2.dir/src.cxx.o -c /media/Data/git/pi/OpenELEC.tv/build-pvr.mythtv-RPi.arm/CMakeFiles/CMakeTmp/src.cxx
Linking CXX executable cmTC_00fb2
/usr/bin/cmake -E cmake_link_script CMakeFiles/cmTC_00fb2.dir/link.txt --verbose=1
/media/Data/git/pi/OpenELEC.tv/build.OpenELEC-RPi.arm-6.0-devel/toolchain/bin/armv6zk-openelec-linux-gnueabi-g++    -DHAS_BUILTIN_SYNC_SUB_AND_FETCH    CMakeFiles/cmTC_00fb2.dir/src.cxx.o  -o cmTC_00fb2 -rdynamic 
make[1]: Leaving directory '/media/Data/git/pi/OpenELEC.tv/build-pvr.mythtv-RPi.arm/CMakeFiles/CMakeTmp'

Source file was:
int main() { long* temp=0; long ret=__sync_sub_and_fetch(temp, 1); return 0; }
Performing C++ SOURCE FILE Test HAS_BUILTIN_SYNC_VAL_COMPARE_AND_SWAP succeeded with the following output:
Change Dir: /media/Data/git/pi/OpenELEC.tv/build-pvr.mythtv-RPi.arm/CMakeFiles/CMakeTmp

Run Build Command:"/usr/bin/make" "cmTC_d61aa/fast"
/usr/bin/make -f CMakeFiles/cmTC_d61aa.dir/build.make CMakeFiles/cmTC_d61aa.dir/build
make[1]: Entering directory '/media/Data/git/pi/OpenELEC.tv/build-pvr.mythtv-RPi.arm/CMakeFiles/CMakeTmp'
Building CXX object CMakeFiles/cmTC_d61aa.dir/src.cxx.o
/media/Data/git/pi/OpenELEC.tv/build.OpenELEC-RPi.arm-6.0-devel/toolchain/bin/armv6zk-openelec-linux-gnueabi-g++     -DHAS_BUILTIN_SYNC_VAL_COMPARE_AND_SWAP   -o CMakeFiles/cmTC_d61aa.dir/src.cxx.o -c /media/Data/git/pi/OpenELEC.tv/build-pvr.mythtv-RPi.arm/CMakeFiles/CMakeTmp/src.cxx
Linking CXX executable cmTC_d61aa
/usr/bin/cmake -E cmake_link_script CMakeFiles/cmTC_d61aa.dir/link.txt --verbose=1
/media/Data/git/pi/OpenELEC.tv/build.OpenELEC-RPi.arm-6.0-devel/toolchain/bin/armv6zk-openelec-linux-gnueabi-g++    -DHAS_BUILTIN_SYNC_VAL_COMPARE_AND_SWAP    CMakeFiles/cmTC_d61aa.dir/src.cxx.o  -o cmTC_d61aa -rdynamic 
make[1]: Leaving directory '/media/Data/git/pi/OpenELEC.tv/build-pvr.mythtv-RPi.arm/CMakeFiles/CMakeTmp'

Source file was:
int main() { long *temp = 0; long ret=__sync_val_compare_and_swap(temp, 1, 1); return 0; }
Determining if the include file pthread.h exists passed with the following output:
Change Dir: /media/Data/git/pi/OpenELEC.tv/build-pvr.mythtv-RPi.arm/CMakeFiles/CMakeTmp

Run Build Command:"/usr/bin/make" "cmTC_cdb31/fast"
/usr/bin/make -f CMakeFiles/cmTC_cdb31.dir/build.make CMakeFiles/cmTC_cdb31.dir/build
make[1]: Entering directory '/media/Data/git/pi/OpenELEC.tv/build-pvr.mythtv-RPi.arm/CMakeFiles/CMakeTmp'
Building C object CMakeFiles/cmTC_cdb31.dir/CheckIncludeFile.c.o
/media/Data/git/pi/OpenELEC.tv/build.OpenELEC-RPi.arm-6.0-devel/toolchain/bin/armv6zk-openelec-linux-gnueabi-gcc     -o CMakeFiles/cmTC_cdb31.dir/CheckIncludeFile.c.o   -c /media/Data/git/pi/OpenELEC.tv/build-pvr.mythtv-RPi.arm/CMakeFiles/CMakeTmp/CheckIncludeFile.c
Linking C executable cmTC_cdb31
/usr/bin/cmake -E cmake_link_script CMakeFiles/cmTC_cdb31.dir/link.txt --verbose=1
/media/Data/git/pi/OpenELEC.tv/build.OpenELEC-RPi.arm-6.0-devel/toolchain/bin/armv6zk-openelec-linux-gnueabi-gcc       CMakeFiles/cmTC_cdb31.dir/CheckIncludeFile.c.o  -o cmTC_cdb31 -rdynamic 
make[1]: Leaving directory '/media/Data/git/pi/OpenELEC.tv/build-pvr.mythtv-RPi.arm/CMakeFiles/CMakeTmp'


Determining if the function pthread_create exists in the pthread passed with the following output:
Change Dir: /media/Data/git/pi/OpenELEC.tv/build-pvr.mythtv-RPi.arm/CMakeFiles/CMakeTmp

Run Build Command:"/usr/bin/make" "cmTC_c6194/fast"
/usr/bin/make -f CMakeFiles/cmTC_c6194.dir/build.make CMakeFiles/cmTC_c6194.dir/build
make[1]: Entering directory '/media/Data/git/pi/OpenELEC.tv/build-pvr.mythtv-RPi.arm/CMakeFiles/CMakeTmp'
Building C object CMakeFiles/cmTC_c6194.dir/CheckFunctionExists.c.o
/media/Data/git/pi/OpenELEC.tv/build.OpenELEC-RPi.arm-6.0-devel/toolchain/bin/armv6zk-openelec-linux-gnueabi-gcc    -DCHECK_FUNCTION_EXISTS=pthread_create   -o CMakeFiles/cmTC_c6194.dir/CheckFunctionExists.c.o   -c /usr/share/cmake-3.5/Modules/CheckFunctionExists.c
Linking C executable cmTC_c6194
/usr/bin/cmake -E cmake_link_script CMakeFiles/cmTC_c6194.dir/link.txt --verbose=1
/media/Data/git/pi/OpenELEC.tv/build.OpenELEC-RPi.arm-6.0-devel/toolchain/bin/armv6zk-openelec-linux-gnueabi-gcc   -DCHECK_FUNCTION_EXISTS=pthread_create    CMakeFiles/cmTC_c6194.dir/CheckFunctionExists.c.o  -o cmTC_c6194 -rdynamic -lpthread 
make[1]: Leaving directory '/media/Data/git/pi/OpenELEC.tv/build-pvr.mythtv-RPi.arm/CMakeFiles/CMakeTmp'


Determining if the function timegm exists passed with the following output:
Change Dir: /media/Data/git/pi/OpenELEC.tv/build-pvr.mythtv-RPi.arm/CMakeFiles/CMakeTmp

Run Build Command:"/usr/bin/make" "cmTC_21c79/fast"
/usr/bin/make -f CMakeFiles/cmTC_21c79.dir/build.make CMakeFiles/cmTC_21c79.dir/build
make[1]: Entering directory '/media/Data/git/pi/OpenELEC.tv/build-pvr.mythtv-RPi.arm/CMakeFiles/CMakeTmp'
Building C object CMakeFiles/cmTC_21c79.dir/CheckFunctionExists.c.o
/media/Data/git/pi/OpenELEC.tv/build.OpenELEC-RPi.arm-6.0-devel/toolchain/bin/armv6zk-openelec-linux-gnueabi-gcc    -DCHECK_FUNCTION_EXISTS=timegm   -o CMakeFiles/cmTC_21c79.dir/CheckFunctionExists.c.o   -c /usr/share/cmake-3.5/Modules/CheckFunctionExists.c
Linking C executable cmTC_21c79
/usr/bin/cmake -E cmake_link_script CMakeFiles/cmTC_21c79.dir/link.txt --verbose=1
/media/Data/git/pi/OpenELEC.tv/build.OpenELEC-RPi.arm-6.0-devel/toolchain/bin/armv6zk-openelec-linux-gnueabi-gcc   -DCHECK_FUNCTION_EXISTS=timegm    CMakeFiles/cmTC_21c79.dir/CheckFunctionExists.c.o  -o cmTC_21c79 -rdynamic 
make[1]: Leaving directory '/media/Data/git/pi/OpenELEC.tv/build-pvr.mythtv-RPi.arm/CMakeFiles/CMakeTmp'


Determining if the function localtime_r exists passed with the following output:
Change Dir: /media/Data/git/pi/OpenELEC.tv/build-pvr.mythtv-RPi.arm/CMakeFiles/CMakeTmp

Run Build Command:"/usr/bin/make" "cmTC_b61fb/fast"
/usr/bin/make -f CMakeFiles/cmTC_b61fb.dir/build.make CMakeFiles/cmTC_b61fb.dir/build
make[1]: Entering directory '/media/Data/git/pi/OpenELEC.tv/build-pvr.mythtv-RPi.arm/CMakeFiles/CMakeTmp'
Building C object CMakeFiles/cmTC_b61fb.dir/CheckFunctionExists.c.o
/media/Data/git/pi/OpenELEC.tv/build.OpenELEC-RPi.arm-6.0-devel/toolchain/bin/armv6zk-openelec-linux-gnueabi-gcc    -DCHECK_FUNCTION_EXISTS=localtime_r   -o CMakeFiles/cmTC_b61fb.dir/CheckFunctionExists.c.o   -c /usr/share/cmake-3.5/Modules/CheckFunctionExists.c
Linking C executable cmTC_b61fb
/usr/bin/cmake -E cmake_link_script CMakeFiles/cmTC_b61fb.dir/link.txt --verbose=1
/media/Data/git/pi/OpenELEC.tv/build.OpenELEC-RPi.arm-6.0-devel/toolchain/bin/armv6zk-openelec-linux-gnueabi-gcc   -DCHECK_FUNCTION_EXISTS=localtime_r    CMakeFiles/cmTC_b61fb.dir/CheckFunctionExists.c.o  -o cmTC_b61fb -rdynamic 
make[1]: Leaving directory '/media/Data/git/pi/OpenELEC.tv/build-pvr.mythtv-RPi.arm/CMakeFiles/CMakeTmp'


Determining if the function gmtime_r exists passed with the following output:
Change Dir: /media/Data/git/pi/OpenELEC.tv/build-pvr.mythtv-RPi.arm/CMakeFiles/CMakeTmp

Run Build Command:"/usr/bin/make" "cmTC_31abd/fast"
/usr/bin/make -f CMakeFiles/cmTC_31abd.dir/build.make CMakeFiles/cmTC_31abd.dir/build
make[1]: Entering directory '/media/Data/git/pi/OpenELEC.tv/build-pvr.mythtv-RPi.arm/CMakeFiles/CMakeTmp'
Building C object CMakeFiles/cmTC_31abd.dir/CheckFunctionExists.c.o
/media/Data/git/pi/OpenELEC.tv/build.OpenELEC-RPi.arm-6.0-devel/toolchain/bin/armv6zk-openelec-linux-gnueabi-gcc    -DCHECK_FUNCTION_EXISTS=gmtime_r   -o CMakeFiles/cmTC_31abd.dir/CheckFunctionExists.c.o   -c /usr/share/cmake-3.5/Modules/CheckFunctionExists.c
Linking C executable cmTC_31abd
/usr/bin/cmake -E cmake_link_script CMakeFiles/cmTC_31abd.dir/link.txt --verbose=1
/media/Data/git/pi/OpenELEC.tv/build.OpenELEC-RPi.arm-6.0-devel/toolchain/bin/armv6zk-openelec-linux-gnueabi-gcc   -DCHECK_FUNCTION_EXISTS=gmtime_r    CMakeFiles/cmTC_31abd.dir/CheckFunctionExists.c.o  -o cmTC_31abd -rdynamic 
make[1]: Leaving directory '/media/Data/git/pi/OpenELEC.tv/build-pvr.mythtv-RPi.arm/CMakeFiles/CMakeTmp'


Performing C SOURCE FILE Test HAVE_INLINE succeeded with the following output:
Change Dir: /media/Data/git/pi/OpenELEC.tv/build-pvr.mythtv-RPi.arm/CMakeFiles/CMakeTmp

Run Build Command:"/usr/bin/make" "cmTC_41365/fast"
/usr/bin/make -f CMakeFiles/cmTC_41365.dir/build.make CMakeFiles/cmTC_41365.dir/build
make[1]: Entering directory '/media/Data/git/pi/OpenELEC.tv/build-pvr.mythtv-RPi.arm/CMakeFiles/CMakeTmp'
Building C object CMakeFiles/cmTC_41365.dir/src.c.o
/media/Data/git/pi/OpenELEC.tv/build.OpenELEC-RPi.arm-6.0-devel/toolchain/bin/armv6zk-openelec-linux-gnueabi-gcc    -DHAVE_INLINE   -o CMakeFiles/cmTC_41365.dir/src.c.o   -c /media/Data/git/pi/OpenELEC.tv/build-pvr.mythtv-RPi.arm/CMakeFiles/CMakeTmp/src.c
Linking C executable cmTC_41365
/usr/bin/cmake -E cmake_link_script CMakeFiles/cmTC_41365.dir/link.txt --verbose=1
/media/Data/git/pi/OpenELEC.tv/build.OpenELEC-RPi.arm-6.0-devel/toolchain/bin/armv6zk-openelec-linux-gnueabi-gcc   -DHAVE_INLINE    CMakeFiles/cmTC_41365.dir/src.c.o  -o cmTC_41365 -rdynamic 
make[1]: Leaving directory '/media/Data/git/pi/OpenELEC.tv/build-pvr.mythtv-RPi.arm/CMakeFiles/CMakeTmp'

Source file was:
inline void func(); void func() { } int main() { func(); return 0; }
Performing C SOURCE FILE Test HAVE___INLINE succeeded with the following output:
Change Dir: /media/Data/git/pi/OpenELEC.tv/build-pvr.mythtv-RPi.arm/CMakeFiles/CMakeTmp

Run Build Command:"/usr/bin/make" "cmTC_30ef1/fast"
/usr/bin/make -f CMakeFiles/cmTC_30ef1.dir/build.make CMakeFiles/cmTC_30ef1.dir/build
make[1]: Entering directory '/media/Data/git/pi/OpenELEC.tv/build-pvr.mythtv-RPi.arm/CMakeFiles/CMakeTmp'
Building C object CMakeFiles/cmTC_30ef1.dir/src.c.o
/media/Data/git/pi/OpenELEC.tv/build.OpenELEC-RPi.arm-6.0-devel/toolchain/bin/armv6zk-openelec-linux-gnueabi-gcc    -DHAVE___INLINE   -o CMakeFiles/cmTC_30ef1.dir/src.c.o   -c /media/Data/git/pi/OpenELEC.tv/build-pvr.mythtv-RPi.arm/CMakeFiles/CMakeTmp/src.c
Linking C executable cmTC_30ef1
/usr/bin/cmake -E cmake_link_script CMakeFiles/cmTC_30ef1.dir/link.txt --verbose=1
/media/Data/git/pi/OpenELEC.tv/build.OpenELEC-RPi.arm-6.0-devel/toolchain/bin/armv6zk-openelec-linux-gnueabi-gcc   -DHAVE___INLINE    CMakeFiles/cmTC_30ef1.dir/src.c.o  -o cmTC_30ef1 -rdynamic 
make[1]: Leaving directory '/media/Data/git/pi/OpenELEC.tv/build-pvr.mythtv-RPi.arm/CMakeFiles/CMakeTmp'

Source file was:
__inline void func(); void func() { } int main() { func(); return 0; }
Performing C SOURCE FILE Test HAVE___INLINE__ succeeded with the following output:
Change Dir: /media/Data/git/pi/OpenELEC.tv/build-pvr.mythtv-RPi.arm/CMakeFiles/CMakeTmp

Run Build Command:"/usr/bin/make" "cmTC_f10c0/fast"
/usr/bin/make -f CMakeFiles/cmTC_f10c0.dir/build.make CMakeFiles/cmTC_f10c0.dir/build
make[1]: Entering directory '/media/Data/git/pi/OpenELEC.tv/build-pvr.mythtv-RPi.arm/CMakeFiles/CMakeTmp'
Building C object CMakeFiles/cmTC_f10c0.dir/src.c.o
/media/Data/git/pi/OpenELEC.tv/build.OpenELEC-RPi.arm-6.0-devel/toolchain/bin/armv6zk-openelec-linux-gnueabi-gcc    -DHAVE___INLINE__   -o CMakeFiles/cmTC_f10c0.dir/src.c.o   -c /media/Data/git/pi/OpenELEC.tv/build-pvr.mythtv-RPi.arm/CMakeFiles/CMakeTmp/src.c
Linking C executable cmTC_f10c0
/usr/bin/cmake -E cmake_link_script CMakeFiles/cmTC_f10c0.dir/link.txt --verbose=1
/media/Data/git/pi/OpenELEC.tv/build.OpenELEC-RPi.arm-6.0-devel/toolchain/bin/armv6zk-openelec-linux-gnueabi-gcc   -DHAVE___INLINE__    CMakeFiles/cmTC_f10c0.dir/src.c.o  -o cmTC_f10c0 -rdynamic 
make[1]: Leaving directory '/media/Data/git/pi/OpenELEC.tv/build-pvr.mythtv-RPi.arm/CMakeFiles/CMakeTmp'

Source file was:
__inline__ void func(); void func() { } int main() { func(); return 0; }
Performing C++ SOURCE FILE Test COMPILER_SUPPORTS_CXX11 succeeded with the following output:
Change Dir: /media/Data/git/pi/OpenELEC.tv/build-pvr.mythtv-RPi.arm/CMakeFiles/CMakeTmp

Run Build Command:"/usr/bin/make" "cmTC_6785c/fast"
/usr/bin/make -f CMakeFiles/cmTC_6785c.dir/build.make CMakeFiles/cmTC_6785c.dir/build
make[1]: Entering directory '/media/Data/git/pi/OpenELEC.tv/build-pvr.mythtv-RPi.arm/CMakeFiles/CMakeTmp'
Building CXX object CMakeFiles/cmTC_6785c.dir/src.cxx.o
/media/Data/git/pi/OpenELEC.tv/build.OpenELEC-RPi.arm-6.0-devel/toolchain/bin/armv6zk-openelec-linux-gnueabi-g++     -DCOMPILER_SUPPORTS_CXX11   -std=c++11 -o CMakeFiles/cmTC_6785c.dir/src.cxx.o -c /media/Data/git/pi/OpenELEC.tv/build-pvr.mythtv-RPi.arm/CMakeFiles/CMakeTmp/src.cxx
Linking CXX executable cmTC_6785c
/usr/bin/cmake -E cmake_link_script CMakeFiles/cmTC_6785c.dir/link.txt --verbose=1
/media/Data/git/pi/OpenELEC.tv/build.OpenELEC-RPi.arm-6.0-devel/toolchain/bin/armv6zk-openelec-linux-gnueabi-g++    -DCOMPILER_SUPPORTS_CXX11    CMakeFiles/cmTC_6785c.dir/src.cxx.o  -o cmTC_6785c -rdynamic 
make[1]: Leaving directory '/media/Data/git/pi/OpenELEC.tv/build-pvr.mythtv-RPi.arm/CMakeFiles/CMakeTmp'

Source file was:
int main() { return 0; }
