Determining if the function __atomic_fetch_add_4 exists in the atomic failed with the following output:
Change Dir: /media/Data/git/pi/OpenELEC.tv/build-pvr.mythtv-RPi.arm/CMakeFiles/CMakeTmp

Run Build Command:"/usr/bin/make" "cmTC_21196/fast"
/usr/bin/make -f CMakeFiles/cmTC_21196.dir/build.make CMakeFiles/cmTC_21196.dir/build
make[1]: Entering directory '/media/Data/git/pi/OpenELEC.tv/build-pvr.mythtv-RPi.arm/CMakeFiles/CMakeTmp'
Building C object CMakeFiles/cmTC_21196.dir/CheckFunctionExists.c.o
/media/Data/git/pi/OpenELEC.tv/build.OpenELEC-RPi.arm-6.0-devel/toolchain/bin/armv6zk-openelec-linux-gnueabi-gcc    -DCHECK_FUNCTION_EXISTS=__atomic_fetch_add_4   -o CMakeFiles/cmTC_21196.dir/CheckFunctionExists.c.o   -c /usr/share/cmake-3.5/Modules/CheckFunctionExists.c
/usr/share/cmake-3.5/Modules/CheckFunctionExists.c:6:6: warning: conflicting types for built-in function '__atomic_fetch_add_4'
 char CHECK_FUNCTION_EXISTS();
      ^
Linking C executable cmTC_21196
/usr/bin/cmake -E cmake_link_script CMakeFiles/cmTC_21196.dir/link.txt --verbose=1
/media/Data/git/pi/OpenELEC.tv/build.OpenELEC-RPi.arm-6.0-devel/toolchain/bin/armv6zk-openelec-linux-gnueabi-gcc   -DCHECK_FUNCTION_EXISTS=__atomic_fetch_add_4    CMakeFiles/cmTC_21196.dir/CheckFunctionExists.c.o  -o cmTC_21196 -rdynamic -latomic 
/media/Data/git/pi/OpenELEC.tv/build.OpenELEC-RPi.arm-6.0-devel/toolchain/lib/gcc/armv6zk-openelec-linux-gnueabi/4.9.3/../../../../armv6zk-openelec-linux-gnueabi/bin/ld: cannot find -latomic
collect2: error: ld returned 1 exit status
CMakeFiles/cmTC_21196.dir/build.make:97: recipe for target 'cmTC_21196' failed
make[1]: *** [cmTC_21196] Error 1
make[1]: Leaving directory '/media/Data/git/pi/OpenELEC.tv/build-pvr.mythtv-RPi.arm/CMakeFiles/CMakeTmp'
Makefile:126: recipe for target 'cmTC_21196/fast' failed
make: *** [cmTC_21196/fast] Error 2


Determining if the pthread_create exist failed with the following output:
Change Dir: /media/Data/git/pi/OpenELEC.tv/build-pvr.mythtv-RPi.arm/CMakeFiles/CMakeTmp

Run Build Command:"/usr/bin/make" "cmTC_0ab4b/fast"
/usr/bin/make -f CMakeFiles/cmTC_0ab4b.dir/build.make CMakeFiles/cmTC_0ab4b.dir/build
make[1]: Entering directory '/media/Data/git/pi/OpenELEC.tv/build-pvr.mythtv-RPi.arm/CMakeFiles/CMakeTmp'
Building C object CMakeFiles/cmTC_0ab4b.dir/CheckSymbolExists.c.o
/media/Data/git/pi/OpenELEC.tv/build.OpenELEC-RPi.arm-6.0-devel/toolchain/bin/armv6zk-openelec-linux-gnueabi-gcc     -o CMakeFiles/cmTC_0ab4b.dir/CheckSymbolExists.c.o   -c /media/Data/git/pi/OpenELEC.tv/build-pvr.mythtv-RPi.arm/CMakeFiles/CMakeTmp/CheckSymbolExists.c
Linking C executable cmTC_0ab4b
/usr/bin/cmake -E cmake_link_script CMakeFiles/cmTC_0ab4b.dir/link.txt --verbose=1
/media/Data/git/pi/OpenELEC.tv/build.OpenELEC-RPi.arm-6.0-devel/toolchain/bin/armv6zk-openelec-linux-gnueabi-gcc       CMakeFiles/cmTC_0ab4b.dir/CheckSymbolExists.c.o  -o cmTC_0ab4b -rdynamic 
CMakeFiles/cmTC_0ab4b.dir/CheckSymbolExists.c.o: In function `main':
CheckSymbolExists.c:(.text+0x38): undefined reference to `pthread_create'
collect2: error: ld returned 1 exit status
CMakeFiles/cmTC_0ab4b.dir/build.make:97: recipe for target 'cmTC_0ab4b' failed
make[1]: *** [cmTC_0ab4b] Error 1
make[1]: Leaving directory '/media/Data/git/pi/OpenELEC.tv/build-pvr.mythtv-RPi.arm/CMakeFiles/CMakeTmp'
Makefile:126: recipe for target 'cmTC_0ab4b/fast' failed
make: *** [cmTC_0ab4b/fast] Error 2

File /media/Data/git/pi/OpenELEC.tv/build-pvr.mythtv-RPi.arm/CMakeFiles/CMakeTmp/CheckSymbolExists.c:
/* */
#include <pthread.h>

int main(int argc, char** argv)
{
  (void)argv;
#ifndef pthread_create
  return ((int*)(&pthread_create))[argc];
#else
  (void)argc;
  return 0;
#endif
}

Determining if the function pthread_create exists in the pthreads failed with the following output:
Change Dir: /media/Data/git/pi/OpenELEC.tv/build-pvr.mythtv-RPi.arm/CMakeFiles/CMakeTmp

Run Build Command:"/usr/bin/make" "cmTC_d1ea4/fast"
/usr/bin/make -f CMakeFiles/cmTC_d1ea4.dir/build.make CMakeFiles/cmTC_d1ea4.dir/build
make[1]: Entering directory '/media/Data/git/pi/OpenELEC.tv/build-pvr.mythtv-RPi.arm/CMakeFiles/CMakeTmp'
Building C object CMakeFiles/cmTC_d1ea4.dir/CheckFunctionExists.c.o
/media/Data/git/pi/OpenELEC.tv/build.OpenELEC-RPi.arm-6.0-devel/toolchain/bin/armv6zk-openelec-linux-gnueabi-gcc    -DCHECK_FUNCTION_EXISTS=pthread_create   -o CMakeFiles/cmTC_d1ea4.dir/CheckFunctionExists.c.o   -c /usr/share/cmake-3.5/Modules/CheckFunctionExists.c
Linking C executable cmTC_d1ea4
/usr/bin/cmake -E cmake_link_script CMakeFiles/cmTC_d1ea4.dir/link.txt --verbose=1
/media/Data/git/pi/OpenELEC.tv/build.OpenELEC-RPi.arm-6.0-devel/toolchain/bin/armv6zk-openelec-linux-gnueabi-gcc   -DCHECK_FUNCTION_EXISTS=pthread_create    CMakeFiles/cmTC_d1ea4.dir/CheckFunctionExists.c.o  -o cmTC_d1ea4 -rdynamic -lpthreads 
/media/Data/git/pi/OpenELEC.tv/build.OpenELEC-RPi.arm-6.0-devel/toolchain/lib/gcc/armv6zk-openelec-linux-gnueabi/4.9.3/../../../../armv6zk-openelec-linux-gnueabi/bin/ld: cannot find -lpthreads
collect2: error: ld returned 1 exit status
CMakeFiles/cmTC_d1ea4.dir/build.make:97: recipe for target 'cmTC_d1ea4' failed
make[1]: *** [cmTC_d1ea4] Error 1
make[1]: Leaving directory '/media/Data/git/pi/OpenELEC.tv/build-pvr.mythtv-RPi.arm/CMakeFiles/CMakeTmp'
Makefile:126: recipe for target 'cmTC_d1ea4/fast' failed
make: *** [cmTC_d1ea4/fast] Error 2


