The target system is: Linux - 1 - arm
The host system is: Linux - 4.4.0-21-generic - x86_64
Compiling the C compiler identification source file "CMakeCCompilerId.c" succeeded.
Compiler: /media/Data/git/pi/OpenELEC.tv/build.OpenELEC-RPi2.arm-6.0-devel/toolchain/bin/armv7ve-openelec-linux-gnueabi-gcc 
Build flags: 
Id flags: 

The output was:
0


Compilation of the C compiler identification source "CMakeCCompilerId.c" produced "a.out"

The C compiler identification is GNU, found in "/media/Data/git/pi/OpenELEC.tv/build-pvr.mythtv-RPi2.arm/CMakeFiles/3.5.1/CompilerIdC/a.out"

Compiling the CXX compiler identification source file "CMakeCXXCompilerId.cpp" succeeded.
Compiler: /media/Data/git/pi/OpenELEC.tv/build.OpenELEC-RPi2.arm-6.0-devel/toolchain/bin/armv7ve-openelec-linux-gnueabi-g++ 
Build flags: 
Id flags: 

The output was:
0


Compilation of the CXX compiler identification source "CMakeCXXCompilerId.cpp" produced "a.out"

The CXX compiler identification is GNU, found in "/media/Data/git/pi/OpenELEC.tv/build-pvr.mythtv-RPi2.arm/CMakeFiles/3.5.1/CompilerIdCXX/a.out"

Determining if the C compiler works passed with the following output:
Change Dir: /media/Data/git/pi/OpenELEC.tv/build-pvr.mythtv-RPi2.arm/CMakeFiles/CMakeTmp

Run Build Command:"/usr/bin/make" "cmTC_7efd8/fast"
/usr/bin/make -f CMakeFiles/cmTC_7efd8.dir/build.make CMakeFiles/cmTC_7efd8.dir/build
make[1]: Entering directory '/media/Data/git/pi/OpenELEC.tv/build-pvr.mythtv-RPi2.arm/CMakeFiles/CMakeTmp'
Building C object CMakeFiles/cmTC_7efd8.dir/testCCompiler.c.o
/media/Data/git/pi/OpenELEC.tv/build.OpenELEC-RPi2.arm-6.0-devel/toolchain/bin/armv7ve-openelec-linux-gnueabi-gcc     -o CMakeFiles/cmTC_7efd8.dir/testCCompiler.c.o   -c /media/Data/git/pi/OpenELEC.tv/build-pvr.mythtv-RPi2.arm/CMakeFiles/CMakeTmp/testCCompiler.c
Linking C executable cmTC_7efd8
/usr/bin/cmake -E cmake_link_script CMakeFiles/cmTC_7efd8.dir/link.txt --verbose=1
/media/Data/git/pi/OpenELEC.tv/build.OpenELEC-RPi2.arm-6.0-devel/toolchain/bin/armv7ve-openelec-linux-gnueabi-gcc       CMakeFiles/cmTC_7efd8.dir/testCCompiler.c.o  -o cmTC_7efd8 -rdynamic 
make[1]: Leaving directory '/media/Data/git/pi/OpenELEC.tv/build-pvr.mythtv-RPi2.arm/CMakeFiles/CMakeTmp'


Detecting C compiler ABI info compiled with the following output:
Change Dir: /media/Data/git/pi/OpenELEC.tv/build-pvr.mythtv-RPi2.arm/CMakeFiles/CMakeTmp

Run Build Command:"/usr/bin/make" "cmTC_3b629/fast"
/usr/bin/make -f CMakeFiles/cmTC_3b629.dir/build.make CMakeFiles/cmTC_3b629.dir/build
make[1]: Entering directory '/media/Data/git/pi/OpenELEC.tv/build-pvr.mythtv-RPi2.arm/CMakeFiles/CMakeTmp'
Building C object CMakeFiles/cmTC_3b629.dir/CMakeCCompilerABI.c.o
/media/Data/git/pi/OpenELEC.tv/build.OpenELEC-RPi2.arm-6.0-devel/toolchain/bin/armv7ve-openelec-linux-gnueabi-gcc     -o CMakeFiles/cmTC_3b629.dir/CMakeCCompilerABI.c.o   -c /usr/share/cmake-3.5/Modules/CMakeCCompilerABI.c
Linking C executable cmTC_3b629
/usr/bin/cmake -E cmake_link_script CMakeFiles/cmTC_3b629.dir/link.txt --verbose=1
/media/Data/git/pi/OpenELEC.tv/build.OpenELEC-RPi2.arm-6.0-devel/toolchain/bin/armv7ve-openelec-linux-gnueabi-gcc      -v CMakeFiles/cmTC_3b629.dir/CMakeCCompilerABI.c.o  -o cmTC_3b629 -rdynamic  
Using built-in specs.
COLLECT_GCC=/media/Data/git/pi/OpenELEC.tv/build.OpenELEC-RPi2.arm-6.0-devel/toolchain/bin/armv7ve-openelec-linux-gnueabi-gcc-4.9.3
COLLECT_LTO_WRAPPER=/media/Data/git/pi/OpenELEC.tv/build.OpenELEC-RPi2.arm-6.0-devel/toolchain/lib/gcc/armv7ve-openelec-linux-gnueabi/4.9.3/lto-wrapper
Target: armv7ve-openelec-linux-gnueabi
Configured with: /media/Data/git/pi/OpenELEC.tv/build.OpenELEC-RPi2.arm-6.0-devel/gcc-4.9.3/configure --host=x86_64-linux-gnu --build=x86_64-linux-gnu --prefix=/media/Data/git/pi/OpenELEC.tv/build.OpenELEC-RPi2.arm-6.0-devel/toolchain --bindir=/media/Data/git/pi/OpenELEC.tv/build.OpenELEC-RPi2.arm-6.0-devel/toolchain/bin --sbindir=/media/Data/git/pi/OpenELEC.tv/build.OpenELEC-RPi2.arm-6.0-devel/toolchain/sbin --sysconfdir=/media/Data/git/pi/OpenELEC.tv/build.OpenELEC-RPi2.arm-6.0-devel/toolchain/etc --libexecdir=/media/Data/git/pi/OpenELEC.tv/build.OpenELEC-RPi2.arm-6.0-devel/toolchain/lib --localstatedir=/media/Data/git/pi/OpenELEC.tv/build.OpenELEC-RPi2.arm-6.0-devel/toolchain/var --disable-static --enable-shared --target=armv7ve-openelec-linux-gnueabi --with-sysroot=/media/Data/git/pi/OpenELEC.tv/build.OpenELEC-RPi2.arm-6.0-devel/toolchain/armv7ve-openelec-linux-gnueabi/sysroot --with-gmp=/media/Data/git/pi/OpenELEC.tv/build.OpenELEC-RPi2.arm-6.0-devel/toolchain --with-mpfr=/media/Data/git/pi/OpenELEC.tv/build.OpenELEC-RPi2.arm-6.0-devel/toolchain --with-mpc=/media/Data/git/pi/OpenELEC.tv/build.OpenELEC-RPi2.arm-6.0-devel/toolchain --without-ppl --without-cloog --enable-languages=c,c++ --with-gnu-as --with-gnu-ld --enable-__cxa_atexit --disable-libada --enable-decimal-float --disable-libmudflap --disable-libssp --disable-multilib --disable-libatomic --disable-libitm --enable-gold --enable-ld=default --enable-plugin --enable-lto --disable-libquadmath --disable-libgomp --enable-tls --enable-shared --disable-static --enable-c99 --enable-long-long --enable-threads=posix --disable-libstdcxx-pch --enable-libstdcxx-time --enable-clocale=gnu --with-abi=aapcs-linux --with-arch=armv7ve --with-float=hard --with-fpu=neon-vfpv4 --disable-nls --enable-checking=release
Thread model: posix
gcc version 4.9.3 (GCC) 
COMPILER_PATH=/media/Data/git/pi/OpenELEC.tv/build.OpenELEC-RPi2.arm-6.0-devel/toolchain/lib/gcc/armv7ve-openelec-linux-gnueabi/4.9.3/:/media/Data/git/pi/OpenELEC.tv/build.OpenELEC-RPi2.arm-6.0-devel/toolchain/lib/gcc/armv7ve-openelec-linux-gnueabi/4.9.3/:/media/Data/git/pi/OpenELEC.tv/build.OpenELEC-RPi2.arm-6.0-devel/toolchain/lib/gcc/armv7ve-openelec-linux-gnueabi/:/media/Data/git/pi/OpenELEC.tv/build.OpenELEC-RPi2.arm-6.0-devel/toolchain/lib/gcc/armv7ve-openelec-linux-gnueabi/4.9.3/:/media/Data/git/pi/OpenELEC.tv/build.OpenELEC-RPi2.arm-6.0-devel/toolchain/lib/gcc/armv7ve-openelec-linux-gnueabi/:/media/Data/git/pi/OpenELEC.tv/build.OpenELEC-RPi2.arm-6.0-devel/toolchain/lib/gcc/armv7ve-openelec-linux-gnueabi/4.9.3/../../../../armv7ve-openelec-linux-gnueabi/bin/
LIBRARY_PATH=/media/Data/git/pi/OpenELEC.tv/build.OpenELEC-RPi2.arm-6.0-devel/toolchain/lib/gcc/armv7ve-openelec-linux-gnueabi/4.9.3/:/media/Data/git/pi/OpenELEC.tv/build.OpenELEC-RPi2.arm-6.0-devel/toolchain/lib/gcc/armv7ve-openelec-linux-gnueabi/4.9.3/../../../../armv7ve-openelec-linux-gnueabi/lib/:/media/Data/git/pi/OpenELEC.tv/build.OpenELEC-RPi2.arm-6.0-devel/toolchain/armv7ve-openelec-linux-gnueabi/sysroot/lib/:/media/Data/git/pi/OpenELEC.tv/build.OpenELEC-RPi2.arm-6.0-devel/toolchain/armv7ve-openelec-linux-gnueabi/sysroot/usr/lib/
COLLECT_GCC_OPTIONS='-v' '-o' 'cmTC_3b629' '-rdynamic' '-march=armv7ve' '-mfloat-abi=hard' '-mfpu=neon-vfpv4' '-mabi=aapcs-linux' '-mtls-dialect=gnu'
 /media/Data/git/pi/OpenELEC.tv/build.OpenELEC-RPi2.arm-6.0-devel/toolchain/lib/gcc/armv7ve-openelec-linux-gnueabi/4.9.3/collect2 -plugin /media/Data/git/pi/OpenELEC.tv/build.OpenELEC-RPi2.arm-6.0-devel/toolchain/lib/gcc/armv7ve-openelec-linux-gnueabi/4.9.3/liblto_plugin.so -plugin-opt=/media/Data/git/pi/OpenELEC.tv/build.OpenELEC-RPi2.arm-6.0-devel/toolchain/lib/gcc/armv7ve-openelec-linux-gnueabi/4.9.3/lto-wrapper -plugin-opt=-fresolution=/tmp/cc8AEGHn.res -plugin-opt=-pass-through=-lgcc -plugin-opt=-pass-through=-lgcc_s -plugin-opt=-pass-through=-lc -plugin-opt=-pass-through=-lgcc -plugin-opt=-pass-through=-lgcc_s --sysroot=/media/Data/git/pi/OpenELEC.tv/build.OpenELEC-RPi2.arm-6.0-devel/toolchain/armv7ve-openelec-linux-gnueabi/sysroot --eh-frame-hdr -export-dynamic -dynamic-linker /lib/ld-linux-armhf.so.3 -X -m armelf_linux_eabi -o cmTC_3b629 /media/Data/git/pi/OpenELEC.tv/build.OpenELEC-RPi2.arm-6.0-devel/toolchain/armv7ve-openelec-linux-gnueabi/sysroot/usr/lib/crt1.o /media/Data/git/pi/OpenELEC.tv/build.OpenELEC-RPi2.arm-6.0-devel/toolchain/armv7ve-openelec-linux-gnueabi/sysroot/usr/lib/crti.o /media/Data/git/pi/OpenELEC.tv/build.OpenELEC-RPi2.arm-6.0-devel/toolchain/lib/gcc/armv7ve-openelec-linux-gnueabi/4.9.3/crtbegin.o -L/media/Data/git/pi/OpenELEC.tv/build.OpenELEC-RPi2.arm-6.0-devel/toolchain/lib/gcc/armv7ve-openelec-linux-gnueabi/4.9.3 -L/media/Data/git/pi/OpenELEC.tv/build.OpenELEC-RPi2.arm-6.0-devel/toolchain/lib/gcc/armv7ve-openelec-linux-gnueabi/4.9.3/../../../../armv7ve-openelec-linux-gnueabi/lib -L/media/Data/git/pi/OpenELEC.tv/build.OpenELEC-RPi2.arm-6.0-devel/toolchain/armv7ve-openelec-linux-gnueabi/sysroot/lib -L/media/Data/git/pi/OpenELEC.tv/build.OpenELEC-RPi2.arm-6.0-devel/toolchain/armv7ve-openelec-linux-gnueabi/sysroot/usr/lib CMakeFiles/cmTC_3b629.dir/CMakeCCompilerABI.c.o -lgcc --as-needed -lgcc_s --no-as-needed -lc -lgcc --as-needed -lgcc_s --no-as-needed /media/Data/git/pi/OpenELEC.tv/build.OpenELEC-RPi2.arm-6.0-devel/toolchain/lib/gcc/armv7ve-openelec-linux-gnueabi/4.9.3/crtend.o /media/Data/git/pi/OpenELEC.tv/build.OpenELEC-RPi2.arm-6.0-devel/toolchain/armv7ve-openelec-linux-gnueabi/sysroot/usr/lib/crtn.o
make[1]: Leaving directory '/media/Data/git/pi/OpenELEC.tv/build-pvr.mythtv-RPi2.arm/CMakeFiles/CMakeTmp'


Parsed C implicit link information from above output:
  link line regex: [^( *|.*[/\])(armv7ve-openelec-linux-gnueabi-ld|([^/\]+-)?ld|collect2)[^/\]*( |$)]
  ignore line: [Change Dir: /media/Data/git/pi/OpenELEC.tv/build-pvr.mythtv-RPi2.arm/CMakeFiles/CMakeTmp]
  ignore line: []
  ignore line: [Run Build Command:"/usr/bin/make" "cmTC_3b629/fast"]
  ignore line: [/usr/bin/make -f CMakeFiles/cmTC_3b629.dir/build.make CMakeFiles/cmTC_3b629.dir/build]
  ignore line: [make[1]: Entering directory '/media/Data/git/pi/OpenELEC.tv/build-pvr.mythtv-RPi2.arm/CMakeFiles/CMakeTmp']
  ignore line: [Building C object CMakeFiles/cmTC_3b629.dir/CMakeCCompilerABI.c.o]
  ignore line: [/media/Data/git/pi/OpenELEC.tv/build.OpenELEC-RPi2.arm-6.0-devel/toolchain/bin/armv7ve-openelec-linux-gnueabi-gcc     -o CMakeFiles/cmTC_3b629.dir/CMakeCCompilerABI.c.o   -c /usr/share/cmake-3.5/Modules/CMakeCCompilerABI.c]
  ignore line: [Linking C executable cmTC_3b629]
  ignore line: [/usr/bin/cmake -E cmake_link_script CMakeFiles/cmTC_3b629.dir/link.txt --verbose=1]
  ignore line: [/media/Data/git/pi/OpenELEC.tv/build.OpenELEC-RPi2.arm-6.0-devel/toolchain/bin/armv7ve-openelec-linux-gnueabi-gcc      -v CMakeFiles/cmTC_3b629.dir/CMakeCCompilerABI.c.o  -o cmTC_3b629 -rdynamic  ]
  ignore line: [Using built-in specs.]
  ignore line: [COLLECT_GCC=/media/Data/git/pi/OpenELEC.tv/build.OpenELEC-RPi2.arm-6.0-devel/toolchain/bin/armv7ve-openelec-linux-gnueabi-gcc-4.9.3]
  ignore line: [COLLECT_LTO_WRAPPER=/media/Data/git/pi/OpenELEC.tv/build.OpenELEC-RPi2.arm-6.0-devel/toolchain/lib/gcc/armv7ve-openelec-linux-gnueabi/4.9.3/lto-wrapper]
  ignore line: [Target: armv7ve-openelec-linux-gnueabi]
  ignore line: [Configured with: /media/Data/git/pi/OpenELEC.tv/build.OpenELEC-RPi2.arm-6.0-devel/gcc-4.9.3/configure --host=x86_64-linux-gnu --build=x86_64-linux-gnu --prefix=/media/Data/git/pi/OpenELEC.tv/build.OpenELEC-RPi2.arm-6.0-devel/toolchain --bindir=/media/Data/git/pi/OpenELEC.tv/build.OpenELEC-RPi2.arm-6.0-devel/toolchain/bin --sbindir=/media/Data/git/pi/OpenELEC.tv/build.OpenELEC-RPi2.arm-6.0-devel/toolchain/sbin --sysconfdir=/media/Data/git/pi/OpenELEC.tv/build.OpenELEC-RPi2.arm-6.0-devel/toolchain/etc --libexecdir=/media/Data/git/pi/OpenELEC.tv/build.OpenELEC-RPi2.arm-6.0-devel/toolchain/lib --localstatedir=/media/Data/git/pi/OpenELEC.tv/build.OpenELEC-RPi2.arm-6.0-devel/toolchain/var --disable-static --enable-shared --target=armv7ve-openelec-linux-gnueabi --with-sysroot=/media/Data/git/pi/OpenELEC.tv/build.OpenELEC-RPi2.arm-6.0-devel/toolchain/armv7ve-openelec-linux-gnueabi/sysroot --with-gmp=/media/Data/git/pi/OpenELEC.tv/build.OpenELEC-RPi2.arm-6.0-devel/toolchain --with-mpfr=/media/Data/git/pi/OpenELEC.tv/build.OpenELEC-RPi2.arm-6.0-devel/toolchain --with-mpc=/media/Data/git/pi/OpenELEC.tv/build.OpenELEC-RPi2.arm-6.0-devel/toolchain --without-ppl --without-cloog --enable-languages=c,c++ --with-gnu-as --with-gnu-ld --enable-__cxa_atexit --disable-libada --enable-decimal-float --disable-libmudflap --disable-libssp --disable-multilib --disable-libatomic --disable-libitm --enable-gold --enable-ld=default --enable-plugin --enable-lto --disable-libquadmath --disable-libgomp --enable-tls --enable-shared --disable-static --enable-c99 --enable-long-long --enable-threads=posix --disable-libstdcxx-pch --enable-libstdcxx-time --enable-clocale=gnu --with-abi=aapcs-linux --with-arch=armv7ve --with-float=hard --with-fpu=neon-vfpv4 --disable-nls --enable-checking=release]
  ignore line: [Thread model: posix]
  ignore line: [gcc version 4.9.3 (GCC) ]
  ignore line: [COMPILER_PATH=/media/Data/git/pi/OpenELEC.tv/build.OpenELEC-RPi2.arm-6.0-devel/toolchain/lib/gcc/armv7ve-openelec-linux-gnueabi/4.9.3/:/media/Data/git/pi/OpenELEC.tv/build.OpenELEC-RPi2.arm-6.0-devel/toolchain/lib/gcc/armv7ve-openelec-linux-gnueabi/4.9.3/:/media/Data/git/pi/OpenELEC.tv/build.OpenELEC-RPi2.arm-6.0-devel/toolchain/lib/gcc/armv7ve-openelec-linux-gnueabi/:/media/Data/git/pi/OpenELEC.tv/build.OpenELEC-RPi2.arm-6.0-devel/toolchain/lib/gcc/armv7ve-openelec-linux-gnueabi/4.9.3/:/media/Data/git/pi/OpenELEC.tv/build.OpenELEC-RPi2.arm-6.0-devel/toolchain/lib/gcc/armv7ve-openelec-linux-gnueabi/:/media/Data/git/pi/OpenELEC.tv/build.OpenELEC-RPi2.arm-6.0-devel/toolchain/lib/gcc/armv7ve-openelec-linux-gnueabi/4.9.3/../../../../armv7ve-openelec-linux-gnueabi/bin/]
  ignore line: [LIBRARY_PATH=/media/Data/git/pi/OpenELEC.tv/build.OpenELEC-RPi2.arm-6.0-devel/toolchain/lib/gcc/armv7ve-openelec-linux-gnueabi/4.9.3/:/media/Data/git/pi/OpenELEC.tv/build.OpenELEC-RPi2.arm-6.0-devel/toolchain/lib/gcc/armv7ve-openelec-linux-gnueabi/4.9.3/../../../../armv7ve-openelec-linux-gnueabi/lib/:/media/Data/git/pi/OpenELEC.tv/build.OpenELEC-RPi2.arm-6.0-devel/toolchain/armv7ve-openelec-linux-gnueabi/sysroot/lib/:/media/Data/git/pi/OpenELEC.tv/build.OpenELEC-RPi2.arm-6.0-devel/toolchain/armv7ve-openelec-linux-gnueabi/sysroot/usr/lib/]
  ignore line: [COLLECT_GCC_OPTIONS='-v' '-o' 'cmTC_3b629' '-rdynamic' '-march=armv7ve' '-mfloat-abi=hard' '-mfpu=neon-vfpv4' '-mabi=aapcs-linux' '-mtls-dialect=gnu']
  link line: [ /media/Data/git/pi/OpenELEC.tv/build.OpenELEC-RPi2.arm-6.0-devel/toolchain/lib/gcc/armv7ve-openelec-linux-gnueabi/4.9.3/collect2 -plugin /media/Data/git/pi/OpenELEC.tv/build.OpenELEC-RPi2.arm-6.0-devel/toolchain/lib/gcc/armv7ve-openelec-linux-gnueabi/4.9.3/liblto_plugin.so -plugin-opt=/media/Data/git/pi/OpenELEC.tv/build.OpenELEC-RPi2.arm-6.0-devel/toolchain/lib/gcc/armv7ve-openelec-linux-gnueabi/4.9.3/lto-wrapper -plugin-opt=-fresolution=/tmp/cc8AEGHn.res -plugin-opt=-pass-through=-lgcc -plugin-opt=-pass-through=-lgcc_s -plugin-opt=-pass-through=-lc -plugin-opt=-pass-through=-lgcc -plugin-opt=-pass-through=-lgcc_s --sysroot=/media/Data/git/pi/OpenELEC.tv/build.OpenELEC-RPi2.arm-6.0-devel/toolchain/armv7ve-openelec-linux-gnueabi/sysroot --eh-frame-hdr -export-dynamic -dynamic-linker /lib/ld-linux-armhf.so.3 -X -m armelf_linux_eabi -o cmTC_3b629 /media/Data/git/pi/OpenELEC.tv/build.OpenELEC-RPi2.arm-6.0-devel/toolchain/armv7ve-openelec-linux-gnueabi/sysroot/usr/lib/crt1.o /media/Data/git/pi/OpenELEC.tv/build.OpenELEC-RPi2.arm-6.0-devel/toolchain/armv7ve-openelec-linux-gnueabi/sysroot/usr/lib/crti.o /media/Data/git/pi/OpenELEC.tv/build.OpenELEC-RPi2.arm-6.0-devel/toolchain/lib/gcc/armv7ve-openelec-linux-gnueabi/4.9.3/crtbegin.o -L/media/Data/git/pi/OpenELEC.tv/build.OpenELEC-RPi2.arm-6.0-devel/toolchain/lib/gcc/armv7ve-openelec-linux-gnueabi/4.9.3 -L/media/Data/git/pi/OpenELEC.tv/build.OpenELEC-RPi2.arm-6.0-devel/toolchain/lib/gcc/armv7ve-openelec-linux-gnueabi/4.9.3/../../../../armv7ve-openelec-linux-gnueabi/lib -L/media/Data/git/pi/OpenELEC.tv/build.OpenELEC-RPi2.arm-6.0-devel/toolchain/armv7ve-openelec-linux-gnueabi/sysroot/lib -L/media/Data/git/pi/OpenELEC.tv/build.OpenELEC-RPi2.arm-6.0-devel/toolchain/armv7ve-openelec-linux-gnueabi/sysroot/usr/lib CMakeFiles/cmTC_3b629.dir/CMakeCCompilerABI.c.o -lgcc --as-needed -lgcc_s --no-as-needed -lc -lgcc --as-needed -lgcc_s --no-as-needed /media/Data/git/pi/OpenELEC.tv/build.OpenELEC-RPi2.arm-6.0-devel/toolchain/lib/gcc/armv7ve-openelec-linux-gnueabi/4.9.3/crtend.o /media/Data/git/pi/OpenELEC.tv/build.OpenELEC-RPi2.arm-6.0-devel/toolchain/armv7ve-openelec-linux-gnueabi/sysroot/usr/lib/crtn.o]
    arg [/media/Data/git/pi/OpenELEC.tv/build.OpenELEC-RPi2.arm-6.0-devel/toolchain/lib/gcc/armv7ve-openelec-linux-gnueabi/4.9.3/collect2] ==> ignore
    arg [-plugin] ==> ignore
    arg [/media/Data/git/pi/OpenELEC.tv/build.OpenELEC-RPi2.arm-6.0-devel/toolchain/lib/gcc/armv7ve-openelec-linux-gnueabi/4.9.3/liblto_plugin.so] ==> ignore
    arg [-plugin-opt=/media/Data/git/pi/OpenELEC.tv/build.OpenELEC-RPi2.arm-6.0-devel/toolchain/lib/gcc/armv7ve-openelec-linux-gnueabi/4.9.3/lto-wrapper] ==> ignore
    arg [-plugin-opt=-fresolution=/tmp/cc8AEGHn.res] ==> ignore
    arg [-plugin-opt=-pass-through=-lgcc] ==> ignore
    arg [-plugin-opt=-pass-through=-lgcc_s] ==> ignore
    arg [-plugin-opt=-pass-through=-lc] ==> ignore
    arg [-plugin-opt=-pass-through=-lgcc] ==> ignore
    arg [-plugin-opt=-pass-through=-lgcc_s] ==> ignore
    arg [--sysroot=/media/Data/git/pi/OpenELEC.tv/build.OpenELEC-RPi2.arm-6.0-devel/toolchain/armv7ve-openelec-linux-gnueabi/sysroot] ==> ignore
    arg [--eh-frame-hdr] ==> ignore
    arg [-export-dynamic] ==> ignore
    arg [-dynamic-linker] ==> ignore
    arg [/lib/ld-linux-armhf.so.3] ==> ignore
    arg [-X] ==> ignore
    arg [-m] ==> ignore
    arg [armelf_linux_eabi] ==> ignore
    arg [-o] ==> ignore
    arg [cmTC_3b629] ==> ignore
    arg [/media/Data/git/pi/OpenELEC.tv/build.OpenELEC-RPi2.arm-6.0-devel/toolchain/armv7ve-openelec-linux-gnueabi/sysroot/usr/lib/crt1.o] ==> ignore
    arg [/media/Data/git/pi/OpenELEC.tv/build.OpenELEC-RPi2.arm-6.0-devel/toolchain/armv7ve-openelec-linux-gnueabi/sysroot/usr/lib/crti.o] ==> ignore
    arg [/media/Data/git/pi/OpenELEC.tv/build.OpenELEC-RPi2.arm-6.0-devel/toolchain/lib/gcc/armv7ve-openelec-linux-gnueabi/4.9.3/crtbegin.o] ==> ignore
    arg [-L/media/Data/git/pi/OpenELEC.tv/build.OpenELEC-RPi2.arm-6.0-devel/toolchain/lib/gcc/armv7ve-openelec-linux-gnueabi/4.9.3] ==> dir [/media/Data/git/pi/OpenELEC.tv/build.OpenELEC-RPi2.arm-6.0-devel/toolchain/lib/gcc/armv7ve-openelec-linux-gnueabi/4.9.3]
    arg [-L/media/Data/git/pi/OpenELEC.tv/build.OpenELEC-RPi2.arm-6.0-devel/toolchain/lib/gcc/armv7ve-openelec-linux-gnueabi/4.9.3/../../../../armv7ve-openelec-linux-gnueabi/lib] ==> dir [/media/Data/git/pi/OpenELEC.tv/build.OpenELEC-RPi2.arm-6.0-devel/toolchain/lib/gcc/armv7ve-openelec-linux-gnueabi/4.9.3/../../../../armv7ve-openelec-linux-gnueabi/lib]
    arg [-L/media/Data/git/pi/OpenELEC.tv/build.OpenELEC-RPi2.arm-6.0-devel/toolchain/armv7ve-openelec-linux-gnueabi/sysroot/lib] ==> dir [/media/Data/git/pi/OpenELEC.tv/build.OpenELEC-RPi2.arm-6.0-devel/toolchain/armv7ve-openelec-linux-gnueabi/sysroot/lib]
    arg [-L/media/Data/git/pi/OpenELEC.tv/build.OpenELEC-RPi2.arm-6.0-devel/toolchain/armv7ve-openelec-linux-gnueabi/sysroot/usr/lib] ==> dir [/media/Data/git/pi/OpenELEC.tv/build.OpenELEC-RPi2.arm-6.0-devel/toolchain/armv7ve-openelec-linux-gnueabi/sysroot/usr/lib]
    arg [CMakeFiles/cmTC_3b629.dir/CMakeCCompilerABI.c.o] ==> ignore
    arg [-lgcc] ==> lib [gcc]
    arg [--as-needed] ==> ignore
    arg [-lgcc_s] ==> lib [gcc_s]
    arg [--no-as-needed] ==> ignore
    arg [-lc] ==> lib [c]
    arg [-lgcc] ==> lib [gcc]
    arg [--as-needed] ==> ignore
    arg [-lgcc_s] ==> lib [gcc_s]
    arg [--no-as-needed] ==> ignore
    arg [/media/Data/git/pi/OpenELEC.tv/build.OpenELEC-RPi2.arm-6.0-devel/toolchain/lib/gcc/armv7ve-openelec-linux-gnueabi/4.9.3/crtend.o] ==> ignore
    arg [/media/Data/git/pi/OpenELEC.tv/build.OpenELEC-RPi2.arm-6.0-devel/toolchain/armv7ve-openelec-linux-gnueabi/sysroot/usr/lib/crtn.o] ==> ignore
  remove lib [gcc]
  remove lib [gcc_s]
  remove lib [gcc]
  remove lib [gcc_s]
  collapse library dir [/media/Data/git/pi/OpenELEC.tv/build.OpenELEC-RPi2.arm-6.0-devel/toolchain/lib/gcc/armv7ve-openelec-linux-gnueabi/4.9.3] ==> [/media/Data/git/pi/OpenELEC.tv/build.OpenELEC-RPi2.arm-6.0-devel/toolchain/lib/gcc/armv7ve-openelec-linux-gnueabi/4.9.3]
  collapse library dir [/media/Data/git/pi/OpenELEC.tv/build.OpenELEC-RPi2.arm-6.0-devel/toolchain/lib/gcc/armv7ve-openelec-linux-gnueabi/4.9.3/../../../../armv7ve-openelec-linux-gnueabi/lib] ==> [/media/Data/git/pi/OpenELEC.tv/build.OpenELEC-RPi2.arm-6.0-devel/toolchain/armv7ve-openelec-linux-gnueabi/lib]
  collapse library dir [/media/Data/git/pi/OpenELEC.tv/build.OpenELEC-RPi2.arm-6.0-devel/toolchain/armv7ve-openelec-linux-gnueabi/sysroot/lib] ==> [/media/Data/git/pi/OpenELEC.tv/build.OpenELEC-RPi2.arm-6.0-devel/toolchain/armv7ve-openelec-linux-gnueabi/sysroot/lib]
  collapse library dir [/media/Data/git/pi/OpenELEC.tv/build.OpenELEC-RPi2.arm-6.0-devel/toolchain/armv7ve-openelec-linux-gnueabi/sysroot/usr/lib] ==> [/media/Data/git/pi/OpenELEC.tv/build.OpenELEC-RPi2.arm-6.0-devel/toolchain/armv7ve-openelec-linux-gnueabi/sysroot/usr/lib]
  implicit libs: [c]
  implicit dirs: [/media/Data/git/pi/OpenELEC.tv/build.OpenELEC-RPi2.arm-6.0-devel/toolchain/lib/gcc/armv7ve-openelec-linux-gnueabi/4.9.3;/media/Data/git/pi/OpenELEC.tv/build.OpenELEC-RPi2.arm-6.0-devel/toolchain/armv7ve-openelec-linux-gnueabi/lib;/media/Data/git/pi/OpenELEC.tv/build.OpenELEC-RPi2.arm-6.0-devel/toolchain/armv7ve-openelec-linux-gnueabi/sysroot/lib;/media/Data/git/pi/OpenELEC.tv/build.OpenELEC-RPi2.arm-6.0-devel/toolchain/armv7ve-openelec-linux-gnueabi/sysroot/usr/lib]
  implicit fwks: []




Detecting C [-std=c11] compiler features compiled with the following output:
Change Dir: /media/Data/git/pi/OpenELEC.tv/build-pvr.mythtv-RPi2.arm/CMakeFiles/CMakeTmp

Run Build Command:"/usr/bin/make" "cmTC_b8712/fast"
/usr/bin/make -f CMakeFiles/cmTC_b8712.dir/build.make CMakeFiles/cmTC_b8712.dir/build
make[1]: Entering directory '/media/Data/git/pi/OpenELEC.tv/build-pvr.mythtv-RPi2.arm/CMakeFiles/CMakeTmp'
Building C object CMakeFiles/cmTC_b8712.dir/feature_tests.c.o
/media/Data/git/pi/OpenELEC.tv/build.OpenELEC-RPi2.arm-6.0-devel/toolchain/bin/armv7ve-openelec-linux-gnueabi-gcc    -std=c11 -o CMakeFiles/cmTC_b8712.dir/feature_tests.c.o   -c /media/Data/git/pi/OpenELEC.tv/build-pvr.mythtv-RPi2.arm/CMakeFiles/feature_tests.c
Linking C executable cmTC_b8712
/usr/bin/cmake -E cmake_link_script CMakeFiles/cmTC_b8712.dir/link.txt --verbose=1
/media/Data/git/pi/OpenELEC.tv/build.OpenELEC-RPi2.arm-6.0-devel/toolchain/bin/armv7ve-openelec-linux-gnueabi-gcc       CMakeFiles/cmTC_b8712.dir/feature_tests.c.o  -o cmTC_b8712 -rdynamic 
make[1]: Leaving directory '/media/Data/git/pi/OpenELEC.tv/build-pvr.mythtv-RPi2.arm/CMakeFiles/CMakeTmp'


    Feature record: C_FEATURE:1c_function_prototypes
    Feature record: C_FEATURE:1c_restrict
    Feature record: C_FEATURE:1c_static_assert
    Feature record: C_FEATURE:1c_variadic_macros


Detecting C [-std=c99] compiler features compiled with the following output:
Change Dir: /media/Data/git/pi/OpenELEC.tv/build-pvr.mythtv-RPi2.arm/CMakeFiles/CMakeTmp

Run Build Command:"/usr/bin/make" "cmTC_22025/fast"
/usr/bin/make -f CMakeFiles/cmTC_22025.dir/build.make CMakeFiles/cmTC_22025.dir/build
make[1]: Entering directory '/media/Data/git/pi/OpenELEC.tv/build-pvr.mythtv-RPi2.arm/CMakeFiles/CMakeTmp'
Building C object CMakeFiles/cmTC_22025.dir/feature_tests.c.o
/media/Data/git/pi/OpenELEC.tv/build.OpenELEC-RPi2.arm-6.0-devel/toolchain/bin/armv7ve-openelec-linux-gnueabi-gcc    -std=c99 -o CMakeFiles/cmTC_22025.dir/feature_tests.c.o   -c /media/Data/git/pi/OpenELEC.tv/build-pvr.mythtv-RPi2.arm/CMakeFiles/feature_tests.c
Linking C executable cmTC_22025
/usr/bin/cmake -E cmake_link_script CMakeFiles/cmTC_22025.dir/link.txt --verbose=1
/media/Data/git/pi/OpenELEC.tv/build.OpenELEC-RPi2.arm-6.0-devel/toolchain/bin/armv7ve-openelec-linux-gnueabi-gcc       CMakeFiles/cmTC_22025.dir/feature_tests.c.o  -o cmTC_22025 -rdynamic 
make[1]: Leaving directory '/media/Data/git/pi/OpenELEC.tv/build-pvr.mythtv-RPi2.arm/CMakeFiles/CMakeTmp'


    Feature record: C_FEATURE:1c_function_prototypes
    Feature record: C_FEATURE:1c_restrict
    Feature record: C_FEATURE:0c_static_assert
    Feature record: C_FEATURE:1c_variadic_macros


Detecting C [-std=c90] compiler features compiled with the following output:
Change Dir: /media/Data/git/pi/OpenELEC.tv/build-pvr.mythtv-RPi2.arm/CMakeFiles/CMakeTmp

Run Build Command:"/usr/bin/make" "cmTC_06991/fast"
/usr/bin/make -f CMakeFiles/cmTC_06991.dir/build.make CMakeFiles/cmTC_06991.dir/build
make[1]: Entering directory '/media/Data/git/pi/OpenELEC.tv/build-pvr.mythtv-RPi2.arm/CMakeFiles/CMakeTmp'
Building C object CMakeFiles/cmTC_06991.dir/feature_tests.c.o
/media/Data/git/pi/OpenELEC.tv/build.OpenELEC-RPi2.arm-6.0-devel/toolchain/bin/armv7ve-openelec-linux-gnueabi-gcc    -std=c90 -o CMakeFiles/cmTC_06991.dir/feature_tests.c.o   -c /media/Data/git/pi/OpenELEC.tv/build-pvr.mythtv-RPi2.arm/CMakeFiles/feature_tests.c
Linking C executable cmTC_06991
/usr/bin/cmake -E cmake_link_script CMakeFiles/cmTC_06991.dir/link.txt --verbose=1
/media/Data/git/pi/OpenELEC.tv/build.OpenELEC-RPi2.arm-6.0-devel/toolchain/bin/armv7ve-openelec-linux-gnueabi-gcc       CMakeFiles/cmTC_06991.dir/feature_tests.c.o  -o cmTC_06991 -rdynamic 
make[1]: Leaving directory '/media/Data/git/pi/OpenELEC.tv/build-pvr.mythtv-RPi2.arm/CMakeFiles/CMakeTmp'


    Feature record: C_FEATURE:1c_function_prototypes
    Feature record: C_FEATURE:0c_restrict
    Feature record: C_FEATURE:0c_static_assert
    Feature record: C_FEATURE:0c_variadic_macros
Determining if the CXX compiler works passed with the following output:
Change Dir: /media/Data/git/pi/OpenELEC.tv/build-pvr.mythtv-RPi2.arm/CMakeFiles/CMakeTmp

Run Build Command:"/usr/bin/make" "cmTC_97584/fast"
/usr/bin/make -f CMakeFiles/cmTC_97584.dir/build.make CMakeFiles/cmTC_97584.dir/build
make[1]: Entering directory '/media/Data/git/pi/OpenELEC.tv/build-pvr.mythtv-RPi2.arm/CMakeFiles/CMakeTmp'
Building CXX object CMakeFiles/cmTC_97584.dir/testCXXCompiler.cxx.o
/media/Data/git/pi/OpenELEC.tv/build.OpenELEC-RPi2.arm-6.0-devel/toolchain/bin/armv7ve-openelec-linux-gnueabi-g++      -o CMakeFiles/cmTC_97584.dir/testCXXCompiler.cxx.o -c /media/Data/git/pi/OpenELEC.tv/build-pvr.mythtv-RPi2.arm/CMakeFiles/CMakeTmp/testCXXCompiler.cxx
Linking CXX executable cmTC_97584
/usr/bin/cmake -E cmake_link_script CMakeFiles/cmTC_97584.dir/link.txt --verbose=1
/media/Data/git/pi/OpenELEC.tv/build.OpenELEC-RPi2.arm-6.0-devel/toolchain/bin/armv7ve-openelec-linux-gnueabi-g++        CMakeFiles/cmTC_97584.dir/testCXXCompiler.cxx.o  -o cmTC_97584 -rdynamic 
make[1]: Leaving directory '/media/Data/git/pi/OpenELEC.tv/build-pvr.mythtv-RPi2.arm/CMakeFiles/CMakeTmp'


Detecting CXX compiler ABI info compiled with the following output:
Change Dir: /media/Data/git/pi/OpenELEC.tv/build-pvr.mythtv-RPi2.arm/CMakeFiles/CMakeTmp

Run Build Command:"/usr/bin/make" "cmTC_edee8/fast"
/usr/bin/make -f CMakeFiles/cmTC_edee8.dir/build.make CMakeFiles/cmTC_edee8.dir/build
make[1]: Entering directory '/media/Data/git/pi/OpenELEC.tv/build-pvr.mythtv-RPi2.arm/CMakeFiles/CMakeTmp'
Building CXX object CMakeFiles/cmTC_edee8.dir/CMakeCXXCompilerABI.cpp.o
/media/Data/git/pi/OpenELEC.tv/build.OpenELEC-RPi2.arm-6.0-devel/toolchain/bin/armv7ve-openelec-linux-gnueabi-g++      -o CMakeFiles/cmTC_edee8.dir/CMakeCXXCompilerABI.cpp.o -c /usr/share/cmake-3.5/Modules/CMakeCXXCompilerABI.cpp
Linking CXX executable cmTC_edee8
/usr/bin/cmake -E cmake_link_script CMakeFiles/cmTC_edee8.dir/link.txt --verbose=1
/media/Data/git/pi/OpenELEC.tv/build.OpenELEC-RPi2.arm-6.0-devel/toolchain/bin/armv7ve-openelec-linux-gnueabi-g++       -v CMakeFiles/cmTC_edee8.dir/CMakeCXXCompilerABI.cpp.o  -o cmTC_edee8 -rdynamic  
Using built-in specs.
COLLECT_GCC=/media/Data/git/pi/OpenELEC.tv/build.OpenELEC-RPi2.arm-6.0-devel/toolchain/bin/armv7ve-openelec-linux-gnueabi-g++-4.9.3
COLLECT_LTO_WRAPPER=/media/Data/git/pi/OpenELEC.tv/build.OpenELEC-RPi2.arm-6.0-devel/toolchain/lib/gcc/armv7ve-openelec-linux-gnueabi/4.9.3/lto-wrapper
Target: armv7ve-openelec-linux-gnueabi
Configured with: /media/Data/git/pi/OpenELEC.tv/build.OpenELEC-RPi2.arm-6.0-devel/gcc-4.9.3/configure --host=x86_64-linux-gnu --build=x86_64-linux-gnu --prefix=/media/Data/git/pi/OpenELEC.tv/build.OpenELEC-RPi2.arm-6.0-devel/toolchain --bindir=/media/Data/git/pi/OpenELEC.tv/build.OpenELEC-RPi2.arm-6.0-devel/toolchain/bin --sbindir=/media/Data/git/pi/OpenELEC.tv/build.OpenELEC-RPi2.arm-6.0-devel/toolchain/sbin --sysconfdir=/media/Data/git/pi/OpenELEC.tv/build.OpenELEC-RPi2.arm-6.0-devel/toolchain/etc --libexecdir=/media/Data/git/pi/OpenELEC.tv/build.OpenELEC-RPi2.arm-6.0-devel/toolchain/lib --localstatedir=/media/Data/git/pi/OpenELEC.tv/build.OpenELEC-RPi2.arm-6.0-devel/toolchain/var --disable-static --enable-shared --target=armv7ve-openelec-linux-gnueabi --with-sysroot=/media/Data/git/pi/OpenELEC.tv/build.OpenELEC-RPi2.arm-6.0-devel/toolchain/armv7ve-openelec-linux-gnueabi/sysroot --with-gmp=/media/Data/git/pi/OpenELEC.tv/build.OpenELEC-RPi2.arm-6.0-devel/toolchain --with-mpfr=/media/Data/git/pi/OpenELEC.tv/build.OpenELEC-RPi2.arm-6.0-devel/toolchain --with-mpc=/media/Data/git/pi/OpenELEC.tv/build.OpenELEC-RPi2.arm-6.0-devel/toolchain --without-ppl --without-cloog --enable-languages=c,c++ --with-gnu-as --with-gnu-ld --enable-__cxa_atexit --disable-libada --enable-decimal-float --disable-libmudflap --disable-libssp --disable-multilib --disable-libatomic --disable-libitm --enable-gold --enable-ld=default --enable-plugin --enable-lto --disable-libquadmath --disable-libgomp --enable-tls --enable-shared --disable-static --enable-c99 --enable-long-long --enable-threads=posix --disable-libstdcxx-pch --enable-libstdcxx-time --enable-clocale=gnu --with-abi=aapcs-linux --with-arch=armv7ve --with-float=hard --with-fpu=neon-vfpv4 --disable-nls --enable-checking=release
Thread model: posix
gcc version 4.9.3 (GCC) 
COMPILER_PATH=/media/Data/git/pi/OpenELEC.tv/build.OpenELEC-RPi2.arm-6.0-devel/toolchain/lib/gcc/armv7ve-openelec-linux-gnueabi/4.9.3/:/media/Data/git/pi/OpenELEC.tv/build.OpenELEC-RPi2.arm-6.0-devel/toolchain/lib/gcc/armv7ve-openelec-linux-gnueabi/4.9.3/:/media/Data/git/pi/OpenELEC.tv/build.OpenELEC-RPi2.arm-6.0-devel/toolchain/lib/gcc/armv7ve-openelec-linux-gnueabi/:/media/Data/git/pi/OpenELEC.tv/build.OpenELEC-RPi2.arm-6.0-devel/toolchain/lib/gcc/armv7ve-openelec-linux-gnueabi/4.9.3/:/media/Data/git/pi/OpenELEC.tv/build.OpenELEC-RPi2.arm-6.0-devel/toolchain/lib/gcc/armv7ve-openelec-linux-gnueabi/:/media/Data/git/pi/OpenELEC.tv/build.OpenELEC-RPi2.arm-6.0-devel/toolchain/lib/gcc/armv7ve-openelec-linux-gnueabi/4.9.3/../../../../armv7ve-openelec-linux-gnueabi/bin/
LIBRARY_PATH=/media/Data/git/pi/OpenELEC.tv/build.OpenELEC-RPi2.arm-6.0-devel/toolchain/lib/gcc/armv7ve-openelec-linux-gnueabi/4.9.3/:/media/Data/git/pi/OpenELEC.tv/build.OpenELEC-RPi2.arm-6.0-devel/toolchain/lib/gcc/armv7ve-openelec-linux-gnueabi/4.9.3/../../../../armv7ve-openelec-linux-gnueabi/lib/:/media/Data/git/pi/OpenELEC.tv/build.OpenELEC-RPi2.arm-6.0-devel/toolchain/armv7ve-openelec-linux-gnueabi/sysroot/lib/:/media/Data/git/pi/OpenELEC.tv/build.OpenELEC-RPi2.arm-6.0-devel/toolchain/armv7ve-openelec-linux-gnueabi/sysroot/usr/lib/
COLLECT_GCC_OPTIONS='-v' '-o' 'cmTC_edee8' '-rdynamic' '-shared-libgcc' '-march=armv7ve' '-mfloat-abi=hard' '-mfpu=neon-vfpv4' '-mabi=aapcs-linux' '-mtls-dialect=gnu'
 /media/Data/git/pi/OpenELEC.tv/build.OpenELEC-RPi2.arm-6.0-devel/toolchain/lib/gcc/armv7ve-openelec-linux-gnueabi/4.9.3/collect2 -plugin /media/Data/git/pi/OpenELEC.tv/build.OpenELEC-RPi2.arm-6.0-devel/toolchain/lib/gcc/armv7ve-openelec-linux-gnueabi/4.9.3/liblto_plugin.so -plugin-opt=/media/Data/git/pi/OpenELEC.tv/build.OpenELEC-RPi2.arm-6.0-devel/toolchain/lib/gcc/armv7ve-openelec-linux-gnueabi/4.9.3/lto-wrapper -plugin-opt=-fresolution=/tmp/ccPz4O6p.res -plugin-opt=-pass-through=-lgcc_s -plugin-opt=-pass-through=-lgcc -plugin-opt=-pass-through=-lc -plugin-opt=-pass-through=-lgcc_s -plugin-opt=-pass-through=-lgcc --sysroot=/media/Data/git/pi/OpenELEC.tv/build.OpenELEC-RPi2.arm-6.0-devel/toolchain/armv7ve-openelec-linux-gnueabi/sysroot --eh-frame-hdr -export-dynamic -dynamic-linker /lib/ld-linux-armhf.so.3 -X -m armelf_linux_eabi -o cmTC_edee8 /media/Data/git/pi/OpenELEC.tv/build.OpenELEC-RPi2.arm-6.0-devel/toolchain/armv7ve-openelec-linux-gnueabi/sysroot/usr/lib/crt1.o /media/Data/git/pi/OpenELEC.tv/build.OpenELEC-RPi2.arm-6.0-devel/toolchain/armv7ve-openelec-linux-gnueabi/sysroot/usr/lib/crti.o /media/Data/git/pi/OpenELEC.tv/build.OpenELEC-RPi2.arm-6.0-devel/toolchain/lib/gcc/armv7ve-openelec-linux-gnueabi/4.9.3/crtbegin.o -L/media/Data/git/pi/OpenELEC.tv/build.OpenELEC-RPi2.arm-6.0-devel/toolchain/lib/gcc/armv7ve-openelec-linux-gnueabi/4.9.3 -L/media/Data/git/pi/OpenELEC.tv/build.OpenELEC-RPi2.arm-6.0-devel/toolchain/lib/gcc/armv7ve-openelec-linux-gnueabi/4.9.3/../../../../armv7ve-openelec-linux-gnueabi/lib -L/media/Data/git/pi/OpenELEC.tv/build.OpenELEC-RPi2.arm-6.0-devel/toolchain/armv7ve-openelec-linux-gnueabi/sysroot/lib -L/media/Data/git/pi/OpenELEC.tv/build.OpenELEC-RPi2.arm-6.0-devel/toolchain/armv7ve-openelec-linux-gnueabi/sysroot/usr/lib CMakeFiles/cmTC_edee8.dir/CMakeCXXCompilerABI.cpp.o -lstdc++ -lm -lgcc_s -lgcc -lc -lgcc_s -lgcc /media/Data/git/pi/OpenELEC.tv/build.OpenELEC-RPi2.arm-6.0-devel/toolchain/lib/gcc/armv7ve-openelec-linux-gnueabi/4.9.3/crtend.o /media/Data/git/pi/OpenELEC.tv/build.OpenELEC-RPi2.arm-6.0-devel/toolchain/armv7ve-openelec-linux-gnueabi/sysroot/usr/lib/crtn.o
make[1]: Leaving directory '/media/Data/git/pi/OpenELEC.tv/build-pvr.mythtv-RPi2.arm/CMakeFiles/CMakeTmp'


Parsed CXX implicit link information from above output:
  link line regex: [^( *|.*[/\])(armv7ve-openelec-linux-gnueabi-ld|([^/\]+-)?ld|collect2)[^/\]*( |$)]
  ignore line: [Change Dir: /media/Data/git/pi/OpenELEC.tv/build-pvr.mythtv-RPi2.arm/CMakeFiles/CMakeTmp]
  ignore line: []
  ignore line: [Run Build Command:"/usr/bin/make" "cmTC_edee8/fast"]
  ignore line: [/usr/bin/make -f CMakeFiles/cmTC_edee8.dir/build.make CMakeFiles/cmTC_edee8.dir/build]
  ignore line: [make[1]: Entering directory '/media/Data/git/pi/OpenELEC.tv/build-pvr.mythtv-RPi2.arm/CMakeFiles/CMakeTmp']
  ignore line: [Building CXX object CMakeFiles/cmTC_edee8.dir/CMakeCXXCompilerABI.cpp.o]
  ignore line: [/media/Data/git/pi/OpenELEC.tv/build.OpenELEC-RPi2.arm-6.0-devel/toolchain/bin/armv7ve-openelec-linux-gnueabi-g++      -o CMakeFiles/cmTC_edee8.dir/CMakeCXXCompilerABI.cpp.o -c /usr/share/cmake-3.5/Modules/CMakeCXXCompilerABI.cpp]
  ignore line: [Linking CXX executable cmTC_edee8]
  ignore line: [/usr/bin/cmake -E cmake_link_script CMakeFiles/cmTC_edee8.dir/link.txt --verbose=1]
  ignore line: [/media/Data/git/pi/OpenELEC.tv/build.OpenELEC-RPi2.arm-6.0-devel/toolchain/bin/armv7ve-openelec-linux-gnueabi-g++       -v CMakeFiles/cmTC_edee8.dir/CMakeCXXCompilerABI.cpp.o  -o cmTC_edee8 -rdynamic  ]
  ignore line: [Using built-in specs.]
  ignore line: [COLLECT_GCC=/media/Data/git/pi/OpenELEC.tv/build.OpenELEC-RPi2.arm-6.0-devel/toolchain/bin/armv7ve-openelec-linux-gnueabi-g++-4.9.3]
  ignore line: [COLLECT_LTO_WRAPPER=/media/Data/git/pi/OpenELEC.tv/build.OpenELEC-RPi2.arm-6.0-devel/toolchain/lib/gcc/armv7ve-openelec-linux-gnueabi/4.9.3/lto-wrapper]
  ignore line: [Target: armv7ve-openelec-linux-gnueabi]
  ignore line: [Configured with: /media/Data/git/pi/OpenELEC.tv/build.OpenELEC-RPi2.arm-6.0-devel/gcc-4.9.3/configure --host=x86_64-linux-gnu --build=x86_64-linux-gnu --prefix=/media/Data/git/pi/OpenELEC.tv/build.OpenELEC-RPi2.arm-6.0-devel/toolchain --bindir=/media/Data/git/pi/OpenELEC.tv/build.OpenELEC-RPi2.arm-6.0-devel/toolchain/bin --sbindir=/media/Data/git/pi/OpenELEC.tv/build.OpenELEC-RPi2.arm-6.0-devel/toolchain/sbin --sysconfdir=/media/Data/git/pi/OpenELEC.tv/build.OpenELEC-RPi2.arm-6.0-devel/toolchain/etc --libexecdir=/media/Data/git/pi/OpenELEC.tv/build.OpenELEC-RPi2.arm-6.0-devel/toolchain/lib --localstatedir=/media/Data/git/pi/OpenELEC.tv/build.OpenELEC-RPi2.arm-6.0-devel/toolchain/var --disable-static --enable-shared --target=armv7ve-openelec-linux-gnueabi --with-sysroot=/media/Data/git/pi/OpenELEC.tv/build.OpenELEC-RPi2.arm-6.0-devel/toolchain/armv7ve-openelec-linux-gnueabi/sysroot --with-gmp=/media/Data/git/pi/OpenELEC.tv/build.OpenELEC-RPi2.arm-6.0-devel/toolchain --with-mpfr=/media/Data/git/pi/OpenELEC.tv/build.OpenELEC-RPi2.arm-6.0-devel/toolchain --with-mpc=/media/Data/git/pi/OpenELEC.tv/build.OpenELEC-RPi2.arm-6.0-devel/toolchain --without-ppl --without-cloog --enable-languages=c,c++ --with-gnu-as --with-gnu-ld --enable-__cxa_atexit --disable-libada --enable-decimal-float --disable-libmudflap --disable-libssp --disable-multilib --disable-libatomic --disable-libitm --enable-gold --enable-ld=default --enable-plugin --enable-lto --disable-libquadmath --disable-libgomp --enable-tls --enable-shared --disable-static --enable-c99 --enable-long-long --enable-threads=posix --disable-libstdcxx-pch --enable-libstdcxx-time --enable-clocale=gnu --with-abi=aapcs-linux --with-arch=armv7ve --with-float=hard --with-fpu=neon-vfpv4 --disable-nls --enable-checking=release]
  ignore line: [Thread model: posix]
  ignore line: [gcc version 4.9.3 (GCC) ]
  ignore line: [COMPILER_PATH=/media/Data/git/pi/OpenELEC.tv/build.OpenELEC-RPi2.arm-6.0-devel/toolchain/lib/gcc/armv7ve-openelec-linux-gnueabi/4.9.3/:/media/Data/git/pi/OpenELEC.tv/build.OpenELEC-RPi2.arm-6.0-devel/toolchain/lib/gcc/armv7ve-openelec-linux-gnueabi/4.9.3/:/media/Data/git/pi/OpenELEC.tv/build.OpenELEC-RPi2.arm-6.0-devel/toolchain/lib/gcc/armv7ve-openelec-linux-gnueabi/:/media/Data/git/pi/OpenELEC.tv/build.OpenELEC-RPi2.arm-6.0-devel/toolchain/lib/gcc/armv7ve-openelec-linux-gnueabi/4.9.3/:/media/Data/git/pi/OpenELEC.tv/build.OpenELEC-RPi2.arm-6.0-devel/toolchain/lib/gcc/armv7ve-openelec-linux-gnueabi/:/media/Data/git/pi/OpenELEC.tv/build.OpenELEC-RPi2.arm-6.0-devel/toolchain/lib/gcc/armv7ve-openelec-linux-gnueabi/4.9.3/../../../../armv7ve-openelec-linux-gnueabi/bin/]
  ignore line: [LIBRARY_PATH=/media/Data/git/pi/OpenELEC.tv/build.OpenELEC-RPi2.arm-6.0-devel/toolchain/lib/gcc/armv7ve-openelec-linux-gnueabi/4.9.3/:/media/Data/git/pi/OpenELEC.tv/build.OpenELEC-RPi2.arm-6.0-devel/toolchain/lib/gcc/armv7ve-openelec-linux-gnueabi/4.9.3/../../../../armv7ve-openelec-linux-gnueabi/lib/:/media/Data/git/pi/OpenELEC.tv/build.OpenELEC-RPi2.arm-6.0-devel/toolchain/armv7ve-openelec-linux-gnueabi/sysroot/lib/:/media/Data/git/pi/OpenELEC.tv/build.OpenELEC-RPi2.arm-6.0-devel/toolchain/armv7ve-openelec-linux-gnueabi/sysroot/usr/lib/]
  ignore line: [COLLECT_GCC_OPTIONS='-v' '-o' 'cmTC_edee8' '-rdynamic' '-shared-libgcc' '-march=armv7ve' '-mfloat-abi=hard' '-mfpu=neon-vfpv4' '-mabi=aapcs-linux' '-mtls-dialect=gnu']
  link line: [ /media/Data/git/pi/OpenELEC.tv/build.OpenELEC-RPi2.arm-6.0-devel/toolchain/lib/gcc/armv7ve-openelec-linux-gnueabi/4.9.3/collect2 -plugin /media/Data/git/pi/OpenELEC.tv/build.OpenELEC-RPi2.arm-6.0-devel/toolchain/lib/gcc/armv7ve-openelec-linux-gnueabi/4.9.3/liblto_plugin.so -plugin-opt=/media/Data/git/pi/OpenELEC.tv/build.OpenELEC-RPi2.arm-6.0-devel/toolchain/lib/gcc/armv7ve-openelec-linux-gnueabi/4.9.3/lto-wrapper -plugin-opt=-fresolution=/tmp/ccPz4O6p.res -plugin-opt=-pass-through=-lgcc_s -plugin-opt=-pass-through=-lgcc -plugin-opt=-pass-through=-lc -plugin-opt=-pass-through=-lgcc_s -plugin-opt=-pass-through=-lgcc --sysroot=/media/Data/git/pi/OpenELEC.tv/build.OpenELEC-RPi2.arm-6.0-devel/toolchain/armv7ve-openelec-linux-gnueabi/sysroot --eh-frame-hdr -export-dynamic -dynamic-linker /lib/ld-linux-armhf.so.3 -X -m armelf_linux_eabi -o cmTC_edee8 /media/Data/git/pi/OpenELEC.tv/build.OpenELEC-RPi2.arm-6.0-devel/toolchain/armv7ve-openelec-linux-gnueabi/sysroot/usr/lib/crt1.o /media/Data/git/pi/OpenELEC.tv/build.OpenELEC-RPi2.arm-6.0-devel/toolchain/armv7ve-openelec-linux-gnueabi/sysroot/usr/lib/crti.o /media/Data/git/pi/OpenELEC.tv/build.OpenELEC-RPi2.arm-6.0-devel/toolchain/lib/gcc/armv7ve-openelec-linux-gnueabi/4.9.3/crtbegin.o -L/media/Data/git/pi/OpenELEC.tv/build.OpenELEC-RPi2.arm-6.0-devel/toolchain/lib/gcc/armv7ve-openelec-linux-gnueabi/4.9.3 -L/media/Data/git/pi/OpenELEC.tv/build.OpenELEC-RPi2.arm-6.0-devel/toolchain/lib/gcc/armv7ve-openelec-linux-gnueabi/4.9.3/../../../../armv7ve-openelec-linux-gnueabi/lib -L/media/Data/git/pi/OpenELEC.tv/build.OpenELEC-RPi2.arm-6.0-devel/toolchain/armv7ve-openelec-linux-gnueabi/sysroot/lib -L/media/Data/git/pi/OpenELEC.tv/build.OpenELEC-RPi2.arm-6.0-devel/toolchain/armv7ve-openelec-linux-gnueabi/sysroot/usr/lib CMakeFiles/cmTC_edee8.dir/CMakeCXXCompilerABI.cpp.o -lstdc++ -lm -lgcc_s -lgcc -lc -lgcc_s -lgcc /media/Data/git/pi/OpenELEC.tv/build.OpenELEC-RPi2.arm-6.0-devel/toolchain/lib/gcc/armv7ve-openelec-linux-gnueabi/4.9.3/crtend.o /media/Data/git/pi/OpenELEC.tv/build.OpenELEC-RPi2.arm-6.0-devel/toolchain/armv7ve-openelec-linux-gnueabi/sysroot/usr/lib/crtn.o]
    arg [/media/Data/git/pi/OpenELEC.tv/build.OpenELEC-RPi2.arm-6.0-devel/toolchain/lib/gcc/armv7ve-openelec-linux-gnueabi/4.9.3/collect2] ==> ignore
    arg [-plugin] ==> ignore
    arg [/media/Data/git/pi/OpenELEC.tv/build.OpenELEC-RPi2.arm-6.0-devel/toolchain/lib/gcc/armv7ve-openelec-linux-gnueabi/4.9.3/liblto_plugin.so] ==> ignore
    arg [-plugin-opt=/media/Data/git/pi/OpenELEC.tv/build.OpenELEC-RPi2.arm-6.0-devel/toolchain/lib/gcc/armv7ve-openelec-linux-gnueabi/4.9.3/lto-wrapper] ==> ignore
    arg [-plugin-opt=-fresolution=/tmp/ccPz4O6p.res] ==> ignore
    arg [-plugin-opt=-pass-through=-lgcc_s] ==> ignore
    arg [-plugin-opt=-pass-through=-lgcc] ==> ignore
    arg [-plugin-opt=-pass-through=-lc] ==> ignore
    arg [-plugin-opt=-pass-through=-lgcc_s] ==> ignore
    arg [-plugin-opt=-pass-through=-lgcc] ==> ignore
    arg [--sysroot=/media/Data/git/pi/OpenELEC.tv/build.OpenELEC-RPi2.arm-6.0-devel/toolchain/armv7ve-openelec-linux-gnueabi/sysroot] ==> ignore
    arg [--eh-frame-hdr] ==> ignore
    arg [-export-dynamic] ==> ignore
    arg [-dynamic-linker] ==> ignore
    arg [/lib/ld-linux-armhf.so.3] ==> ignore
    arg [-X] ==> ignore
    arg [-m] ==> ignore
    arg [armelf_linux_eabi] ==> ignore
    arg [-o] ==> ignore
    arg [cmTC_edee8] ==> ignore
    arg [/media/Data/git/pi/OpenELEC.tv/build.OpenELEC-RPi2.arm-6.0-devel/toolchain/armv7ve-openelec-linux-gnueabi/sysroot/usr/lib/crt1.o] ==> ignore
    arg [/media/Data/git/pi/OpenELEC.tv/build.OpenELEC-RPi2.arm-6.0-devel/toolchain/armv7ve-openelec-linux-gnueabi/sysroot/usr/lib/crti.o] ==> ignore
    arg [/media/Data/git/pi/OpenELEC.tv/build.OpenELEC-RPi2.arm-6.0-devel/toolchain/lib/gcc/armv7ve-openelec-linux-gnueabi/4.9.3/crtbegin.o] ==> ignore
    arg [-L/media/Data/git/pi/OpenELEC.tv/build.OpenELEC-RPi2.arm-6.0-devel/toolchain/lib/gcc/armv7ve-openelec-linux-gnueabi/4.9.3] ==> dir [/media/Data/git/pi/OpenELEC.tv/build.OpenELEC-RPi2.arm-6.0-devel/toolchain/lib/gcc/armv7ve-openelec-linux-gnueabi/4.9.3]
    arg [-L/media/Data/git/pi/OpenELEC.tv/build.OpenELEC-RPi2.arm-6.0-devel/toolchain/lib/gcc/armv7ve-openelec-linux-gnueabi/4.9.3/../../../../armv7ve-openelec-linux-gnueabi/lib] ==> dir [/media/Data/git/pi/OpenELEC.tv/build.OpenELEC-RPi2.arm-6.0-devel/toolchain/lib/gcc/armv7ve-openelec-linux-gnueabi/4.9.3/../../../../armv7ve-openelec-linux-gnueabi/lib]
    arg [-L/media/Data/git/pi/OpenELEC.tv/build.OpenELEC-RPi2.arm-6.0-devel/toolchain/armv7ve-openelec-linux-gnueabi/sysroot/lib] ==> dir [/media/Data/git/pi/OpenELEC.tv/build.OpenELEC-RPi2.arm-6.0-devel/toolchain/armv7ve-openelec-linux-gnueabi/sysroot/lib]
    arg [-L/media/Data/git/pi/OpenELEC.tv/build.OpenELEC-RPi2.arm-6.0-devel/toolchain/armv7ve-openelec-linux-gnueabi/sysroot/usr/lib] ==> dir [/media/Data/git/pi/OpenELEC.tv/build.OpenELEC-RPi2.arm-6.0-devel/toolchain/armv7ve-openelec-linux-gnueabi/sysroot/usr/lib]
    arg [CMakeFiles/cmTC_edee8.dir/CMakeCXXCompilerABI.cpp.o] ==> ignore
    arg [-lstdc++] ==> lib [stdc++]
    arg [-lm] ==> lib [m]
    arg [-lgcc_s] ==> lib [gcc_s]
    arg [-lgcc] ==> lib [gcc]
    arg [-lc] ==> lib [c]
    arg [-lgcc_s] ==> lib [gcc_s]
    arg [-lgcc] ==> lib [gcc]
    arg [/media/Data/git/pi/OpenELEC.tv/build.OpenELEC-RPi2.arm-6.0-devel/toolchain/lib/gcc/armv7ve-openelec-linux-gnueabi/4.9.3/crtend.o] ==> ignore
    arg [/media/Data/git/pi/OpenELEC.tv/build.OpenELEC-RPi2.arm-6.0-devel/toolchain/armv7ve-openelec-linux-gnueabi/sysroot/usr/lib/crtn.o] ==> ignore
  remove lib [gcc_s]
  remove lib [gcc]
  remove lib [gcc_s]
  remove lib [gcc]
  collapse library dir [/media/Data/git/pi/OpenELEC.tv/build.OpenELEC-RPi2.arm-6.0-devel/toolchain/lib/gcc/armv7ve-openelec-linux-gnueabi/4.9.3] ==> [/media/Data/git/pi/OpenELEC.tv/build.OpenELEC-RPi2.arm-6.0-devel/toolchain/lib/gcc/armv7ve-openelec-linux-gnueabi/4.9.3]
  collapse library dir [/media/Data/git/pi/OpenELEC.tv/build.OpenELEC-RPi2.arm-6.0-devel/toolchain/lib/gcc/armv7ve-openelec-linux-gnueabi/4.9.3/../../../../armv7ve-openelec-linux-gnueabi/lib] ==> [/media/Data/git/pi/OpenELEC.tv/build.OpenELEC-RPi2.arm-6.0-devel/toolchain/armv7ve-openelec-linux-gnueabi/lib]
  collapse library dir [/media/Data/git/pi/OpenELEC.tv/build.OpenELEC-RPi2.arm-6.0-devel/toolchain/armv7ve-openelec-linux-gnueabi/sysroot/lib] ==> [/media/Data/git/pi/OpenELEC.tv/build.OpenELEC-RPi2.arm-6.0-devel/toolchain/armv7ve-openelec-linux-gnueabi/sysroot/lib]
  collapse library dir [/media/Data/git/pi/OpenELEC.tv/build.OpenELEC-RPi2.arm-6.0-devel/toolchain/armv7ve-openelec-linux-gnueabi/sysroot/usr/lib] ==> [/media/Data/git/pi/OpenELEC.tv/build.OpenELEC-RPi2.arm-6.0-devel/toolchain/armv7ve-openelec-linux-gnueabi/sysroot/usr/lib]
  implicit libs: [stdc++;m;c]
  implicit dirs: [/media/Data/git/pi/OpenELEC.tv/build.OpenELEC-RPi2.arm-6.0-devel/toolchain/lib/gcc/armv7ve-openelec-linux-gnueabi/4.9.3;/media/Data/git/pi/OpenELEC.tv/build.OpenELEC-RPi2.arm-6.0-devel/toolchain/armv7ve-openelec-linux-gnueabi/lib;/media/Data/git/pi/OpenELEC.tv/build.OpenELEC-RPi2.arm-6.0-devel/toolchain/armv7ve-openelec-linux-gnueabi/sysroot/lib;/media/Data/git/pi/OpenELEC.tv/build.OpenELEC-RPi2.arm-6.0-devel/toolchain/armv7ve-openelec-linux-gnueabi/sysroot/usr/lib]
  implicit fwks: []




Detecting CXX [-std=c++14] compiler features compiled with the following output:
Change Dir: /media/Data/git/pi/OpenELEC.tv/build-pvr.mythtv-RPi2.arm/CMakeFiles/CMakeTmp

Run Build Command:"/usr/bin/make" "cmTC_bfb67/fast"
/usr/bin/make -f CMakeFiles/cmTC_bfb67.dir/build.make CMakeFiles/cmTC_bfb67.dir/build
make[1]: Entering directory '/media/Data/git/pi/OpenELEC.tv/build-pvr.mythtv-RPi2.arm/CMakeFiles/CMakeTmp'
Building CXX object CMakeFiles/cmTC_bfb67.dir/feature_tests.cxx.o
/media/Data/git/pi/OpenELEC.tv/build.OpenELEC-RPi2.arm-6.0-devel/toolchain/bin/armv7ve-openelec-linux-gnueabi-g++     -std=c++14 -o CMakeFiles/cmTC_bfb67.dir/feature_tests.cxx.o -c /media/Data/git/pi/OpenELEC.tv/build-pvr.mythtv-RPi2.arm/CMakeFiles/feature_tests.cxx
Linking CXX executable cmTC_bfb67
/usr/bin/cmake -E cmake_link_script CMakeFiles/cmTC_bfb67.dir/link.txt --verbose=1
/media/Data/git/pi/OpenELEC.tv/build.OpenELEC-RPi2.arm-6.0-devel/toolchain/bin/armv7ve-openelec-linux-gnueabi-g++        CMakeFiles/cmTC_bfb67.dir/feature_tests.cxx.o  -o cmTC_bfb67 -rdynamic 
make[1]: Leaving directory '/media/Data/git/pi/OpenELEC.tv/build-pvr.mythtv-RPi2.arm/CMakeFiles/CMakeTmp'


    Feature record: CXX_FEATURE:0cxx_aggregate_default_initializers
    Feature record: CXX_FEATURE:1cxx_alias_templates
    Feature record: CXX_FEATURE:1cxx_alignas
    Feature record: CXX_FEATURE:1cxx_alignof
    Feature record: CXX_FEATURE:1cxx_attributes
    Feature record: CXX_FEATURE:1cxx_attribute_deprecated
    Feature record: CXX_FEATURE:1cxx_auto_type
    Feature record: CXX_FEATURE:1cxx_binary_literals
    Feature record: CXX_FEATURE:1cxx_constexpr
    Feature record: CXX_FEATURE:1cxx_contextual_conversions
    Feature record: CXX_FEATURE:1cxx_decltype
    Feature record: CXX_FEATURE:1cxx_decltype_auto
    Feature record: CXX_FEATURE:1cxx_decltype_incomplete_return_types
    Feature record: CXX_FEATURE:1cxx_default_function_template_args
    Feature record: CXX_FEATURE:1cxx_defaulted_functions
    Feature record: CXX_FEATURE:1cxx_defaulted_move_initializers
    Feature record: CXX_FEATURE:1cxx_delegating_constructors
    Feature record: CXX_FEATURE:1cxx_deleted_functions
    Feature record: CXX_FEATURE:1cxx_digit_separators
    Feature record: CXX_FEATURE:1cxx_enum_forward_declarations
    Feature record: CXX_FEATURE:1cxx_explicit_conversions
    Feature record: CXX_FEATURE:1cxx_extended_friend_declarations
    Feature record: CXX_FEATURE:1cxx_extern_templates
    Feature record: CXX_FEATURE:1cxx_final
    Feature record: CXX_FEATURE:1cxx_func_identifier
    Feature record: CXX_FEATURE:1cxx_generalized_initializers
    Feature record: CXX_FEATURE:1cxx_generic_lambdas
    Feature record: CXX_FEATURE:1cxx_inheriting_constructors
    Feature record: CXX_FEATURE:1cxx_inline_namespaces
    Feature record: CXX_FEATURE:1cxx_lambdas
    Feature record: CXX_FEATURE:1cxx_lambda_init_captures
    Feature record: CXX_FEATURE:1cxx_local_type_template_args
    Feature record: CXX_FEATURE:1cxx_long_long_type
    Feature record: CXX_FEATURE:1cxx_noexcept
    Feature record: CXX_FEATURE:1cxx_nonstatic_member_init
    Feature record: CXX_FEATURE:1cxx_nullptr
    Feature record: CXX_FEATURE:1cxx_override
    Feature record: CXX_FEATURE:1cxx_range_for
    Feature record: CXX_FEATURE:1cxx_raw_string_literals
    Feature record: CXX_FEATURE:1cxx_reference_qualified_functions
    Feature record: CXX_FEATURE:0cxx_relaxed_constexpr
    Feature record: CXX_FEATURE:1cxx_return_type_deduction
    Feature record: CXX_FEATURE:1cxx_right_angle_brackets
    Feature record: CXX_FEATURE:1cxx_rvalue_references
    Feature record: CXX_FEATURE:1cxx_sizeof_member
    Feature record: CXX_FEATURE:1cxx_static_assert
    Feature record: CXX_FEATURE:1cxx_strong_enums
    Feature record: CXX_FEATURE:1cxx_template_template_parameters
    Feature record: CXX_FEATURE:1cxx_thread_local
    Feature record: CXX_FEATURE:1cxx_trailing_return_types
    Feature record: CXX_FEATURE:1cxx_unicode_literals
    Feature record: CXX_FEATURE:1cxx_uniform_initialization
    Feature record: CXX_FEATURE:1cxx_unrestricted_unions
    Feature record: CXX_FEATURE:1cxx_user_literals
    Feature record: CXX_FEATURE:0cxx_variable_templates
    Feature record: CXX_FEATURE:1cxx_variadic_macros
    Feature record: CXX_FEATURE:1cxx_variadic_templates


Detecting CXX [-std=c++11] compiler features compiled with the following output:
Change Dir: /media/Data/git/pi/OpenELEC.tv/build-pvr.mythtv-RPi2.arm/CMakeFiles/CMakeTmp

Run Build Command:"/usr/bin/make" "cmTC_28e0b/fast"
/usr/bin/make -f CMakeFiles/cmTC_28e0b.dir/build.make CMakeFiles/cmTC_28e0b.dir/build
make[1]: Entering directory '/media/Data/git/pi/OpenELEC.tv/build-pvr.mythtv-RPi2.arm/CMakeFiles/CMakeTmp'
Building CXX object CMakeFiles/cmTC_28e0b.dir/feature_tests.cxx.o
/media/Data/git/pi/OpenELEC.tv/build.OpenELEC-RPi2.arm-6.0-devel/toolchain/bin/armv7ve-openelec-linux-gnueabi-g++     -std=c++11 -o CMakeFiles/cmTC_28e0b.dir/feature_tests.cxx.o -c /media/Data/git/pi/OpenELEC.tv/build-pvr.mythtv-RPi2.arm/CMakeFiles/feature_tests.cxx
Linking CXX executable cmTC_28e0b
/usr/bin/cmake -E cmake_link_script CMakeFiles/cmTC_28e0b.dir/link.txt --verbose=1
/media/Data/git/pi/OpenELEC.tv/build.OpenELEC-RPi2.arm-6.0-devel/toolchain/bin/armv7ve-openelec-linux-gnueabi-g++        CMakeFiles/cmTC_28e0b.dir/feature_tests.cxx.o  -o cmTC_28e0b -rdynamic 
make[1]: Leaving directory '/media/Data/git/pi/OpenELEC.tv/build-pvr.mythtv-RPi2.arm/CMakeFiles/CMakeTmp'


    Feature record: CXX_FEATURE:0cxx_aggregate_default_initializers
    Feature record: CXX_FEATURE:1cxx_alias_templates
    Feature record: CXX_FEATURE:1cxx_alignas
    Feature record: CXX_FEATURE:1cxx_alignof
    Feature record: CXX_FEATURE:1cxx_attributes
    Feature record: CXX_FEATURE:0cxx_attribute_deprecated
    Feature record: CXX_FEATURE:1cxx_auto_type
    Feature record: CXX_FEATURE:0cxx_binary_literals
    Feature record: CXX_FEATURE:1cxx_constexpr
    Feature record: CXX_FEATURE:0cxx_contextual_conversions
    Feature record: CXX_FEATURE:1cxx_decltype
    Feature record: CXX_FEATURE:0cxx_decltype_auto
    Feature record: CXX_FEATURE:1cxx_decltype_incomplete_return_types
    Feature record: CXX_FEATURE:1cxx_default_function_template_args
    Feature record: CXX_FEATURE:1cxx_defaulted_functions
    Feature record: CXX_FEATURE:1cxx_defaulted_move_initializers
    Feature record: CXX_FEATURE:1cxx_delegating_constructors
    Feature record: CXX_FEATURE:1cxx_deleted_functions
    Feature record: CXX_FEATURE:0cxx_digit_separators
    Feature record: CXX_FEATURE:1cxx_enum_forward_declarations
    Feature record: CXX_FEATURE:1cxx_explicit_conversions
    Feature record: CXX_FEATURE:1cxx_extended_friend_declarations
    Feature record: CXX_FEATURE:1cxx_extern_templates
    Feature record: CXX_FEATURE:1cxx_final
    Feature record: CXX_FEATURE:1cxx_func_identifier
    Feature record: CXX_FEATURE:1cxx_generalized_initializers
    Feature record: CXX_FEATURE:0cxx_generic_lambdas
    Feature record: CXX_FEATURE:1cxx_inheriting_constructors
    Feature record: CXX_FEATURE:1cxx_inline_namespaces
    Feature record: CXX_FEATURE:1cxx_lambdas
    Feature record: CXX_FEATURE:0cxx_lambda_init_captures
    Feature record: CXX_FEATURE:1cxx_local_type_template_args
    Feature record: CXX_FEATURE:1cxx_long_long_type
    Feature record: CXX_FEATURE:1cxx_noexcept
    Feature record: CXX_FEATURE:1cxx_nonstatic_member_init
    Feature record: CXX_FEATURE:1cxx_nullptr
    Feature record: CXX_FEATURE:1cxx_override
    Feature record: CXX_FEATURE:1cxx_range_for
    Feature record: CXX_FEATURE:1cxx_raw_string_literals
    Feature record: CXX_FEATURE:1cxx_reference_qualified_functions
    Feature record: CXX_FEATURE:0cxx_relaxed_constexpr
    Feature record: CXX_FEATURE:0cxx_return_type_deduction
    Feature record: CXX_FEATURE:1cxx_right_angle_brackets
    Feature record: CXX_FEATURE:1cxx_rvalue_references
    Feature record: CXX_FEATURE:1cxx_sizeof_member
    Feature record: CXX_FEATURE:1cxx_static_assert
    Feature record: CXX_FEATURE:1cxx_strong_enums
    Feature record: CXX_FEATURE:1cxx_template_template_parameters
    Feature record: CXX_FEATURE:1cxx_thread_local
    Feature record: CXX_FEATURE:1cxx_trailing_return_types
    Feature record: CXX_FEATURE:1cxx_unicode_literals
    Feature record: CXX_FEATURE:1cxx_uniform_initialization
    Feature record: CXX_FEATURE:1cxx_unrestricted_unions
    Feature record: CXX_FEATURE:1cxx_user_literals
    Feature record: CXX_FEATURE:0cxx_variable_templates
    Feature record: CXX_FEATURE:1cxx_variadic_macros
    Feature record: CXX_FEATURE:1cxx_variadic_templates


Detecting CXX [-std=c++98] compiler features compiled with the following output:
Change Dir: /media/Data/git/pi/OpenELEC.tv/build-pvr.mythtv-RPi2.arm/CMakeFiles/CMakeTmp

Run Build Command:"/usr/bin/make" "cmTC_e4a16/fast"
/usr/bin/make -f CMakeFiles/cmTC_e4a16.dir/build.make CMakeFiles/cmTC_e4a16.dir/build
make[1]: Entering directory '/media/Data/git/pi/OpenELEC.tv/build-pvr.mythtv-RPi2.arm/CMakeFiles/CMakeTmp'
Building CXX object CMakeFiles/cmTC_e4a16.dir/feature_tests.cxx.o
/media/Data/git/pi/OpenELEC.tv/build.OpenELEC-RPi2.arm-6.0-devel/toolchain/bin/armv7ve-openelec-linux-gnueabi-g++     -std=c++98 -o CMakeFiles/cmTC_e4a16.dir/feature_tests.cxx.o -c /media/Data/git/pi/OpenELEC.tv/build-pvr.mythtv-RPi2.arm/CMakeFiles/feature_tests.cxx
Linking CXX executable cmTC_e4a16
/usr/bin/cmake -E cmake_link_script CMakeFiles/cmTC_e4a16.dir/link.txt --verbose=1
/media/Data/git/pi/OpenELEC.tv/build.OpenELEC-RPi2.arm-6.0-devel/toolchain/bin/armv7ve-openelec-linux-gnueabi-g++        CMakeFiles/cmTC_e4a16.dir/feature_tests.cxx.o  -o cmTC_e4a16 -rdynamic 
make[1]: Leaving directory '/media/Data/git/pi/OpenELEC.tv/build-pvr.mythtv-RPi2.arm/CMakeFiles/CMakeTmp'


    Feature record: CXX_FEATURE:0cxx_aggregate_default_initializers
    Feature record: CXX_FEATURE:0cxx_alias_templates
    Feature record: CXX_FEATURE:0cxx_alignas
    Feature record: CXX_FEATURE:0cxx_alignof
    Feature record: CXX_FEATURE:0cxx_attributes
    Feature record: CXX_FEATURE:0cxx_attribute_deprecated
    Feature record: CXX_FEATURE:0cxx_auto_type
    Feature record: CXX_FEATURE:0cxx_binary_literals
    Feature record: CXX_FEATURE:0cxx_constexpr
    Feature record: CXX_FEATURE:0cxx_contextual_conversions
    Feature record: CXX_FEATURE:0cxx_decltype
    Feature record: CXX_FEATURE:0cxx_decltype_auto
    Feature record: CXX_FEATURE:0cxx_decltype_incomplete_return_types
    Feature record: CXX_FEATURE:0cxx_default_function_template_args
    Feature record: CXX_FEATURE:0cxx_defaulted_functions
    Feature record: CXX_FEATURE:0cxx_defaulted_move_initializers
    Feature record: CXX_FEATURE:0cxx_delegating_constructors
    Feature record: CXX_FEATURE:0cxx_deleted_functions
    Feature record: CXX_FEATURE:0cxx_digit_separators
    Feature record: CXX_FEATURE:0cxx_enum_forward_declarations
    Feature record: CXX_FEATURE:0cxx_explicit_conversions
    Feature record: CXX_FEATURE:0cxx_extended_friend_declarations
    Feature record: CXX_FEATURE:0cxx_extern_templates
    Feature record: CXX_FEATURE:0cxx_final
    Feature record: CXX_FEATURE:0cxx_func_identifier
    Feature record: CXX_FEATURE:0cxx_generalized_initializers
    Feature record: CXX_FEATURE:0cxx_generic_lambdas
    Feature record: CXX_FEATURE:0cxx_inheriting_constructors
    Feature record: CXX_FEATURE:0cxx_inline_namespaces
    Feature record: CXX_FEATURE:0cxx_lambdas
    Feature record: CXX_FEATURE:0cxx_lambda_init_captures
    Feature record: CXX_FEATURE:0cxx_local_type_template_args
    Feature record: CXX_FEATURE:0cxx_long_long_type
    Feature record: CXX_FEATURE:0cxx_noexcept
    Feature record: CXX_FEATURE:0cxx_nonstatic_member_init
    Feature record: CXX_FEATURE:0cxx_nullptr
    Feature record: CXX_FEATURE:0cxx_override
    Feature record: CXX_FEATURE:0cxx_range_for
    Feature record: CXX_FEATURE:0cxx_raw_string_literals
    Feature record: CXX_FEATURE:0cxx_reference_qualified_functions
    Feature record: CXX_FEATURE:0cxx_relaxed_constexpr
    Feature record: CXX_FEATURE:0cxx_return_type_deduction
    Feature record: CXX_FEATURE:0cxx_right_angle_brackets
    Feature record: CXX_FEATURE:0cxx_rvalue_references
    Feature record: CXX_FEATURE:0cxx_sizeof_member
    Feature record: CXX_FEATURE:0cxx_static_assert
    Feature record: CXX_FEATURE:0cxx_strong_enums
    Feature record: CXX_FEATURE:1cxx_template_template_parameters
    Feature record: CXX_FEATURE:0cxx_thread_local
    Feature record: CXX_FEATURE:0cxx_trailing_return_types
    Feature record: CXX_FEATURE:0cxx_unicode_literals
    Feature record: CXX_FEATURE:0cxx_uniform_initialization
    Feature record: CXX_FEATURE:0cxx_unrestricted_unions
    Feature record: CXX_FEATURE:0cxx_user_literals
    Feature record: CXX_FEATURE:0cxx_variable_templates
    Feature record: CXX_FEATURE:0cxx_variadic_macros
    Feature record: CXX_FEATURE:0cxx_variadic_templates
Determining if the CXX compiler accepts the flag -flto passed with the following output:
Change Dir: /media/Data/git/pi/OpenELEC.tv/build-pvr.mythtv-RPi2.arm/CMakeFiles/CMakeTmp

Run Build Command:"/usr/bin/make" "cmTC_73c18/fast"
/usr/bin/make -f CMakeFiles/cmTC_73c18.dir/build.make CMakeFiles/cmTC_73c18.dir/build
make[1]: Entering directory '/media/Data/git/pi/OpenELEC.tv/build-pvr.mythtv-RPi2.arm/CMakeFiles/CMakeTmp'
Building CXX object CMakeFiles/cmTC_73c18.dir/DummyCXXFile.cxx.o
/media/Data/git/pi/OpenELEC.tv/build.OpenELEC-RPi2.arm-6.0-devel/toolchain/bin/armv7ve-openelec-linux-gnueabi-g++     -flto   -o CMakeFiles/cmTC_73c18.dir/DummyCXXFile.cxx.o -c /usr/share/cmake-3.5/Modules/DummyCXXFile.cxx
Linking CXX executable cmTC_73c18
/usr/bin/cmake -E cmake_link_script CMakeFiles/cmTC_73c18.dir/link.txt --verbose=1
/media/Data/git/pi/OpenELEC.tv/build.OpenELEC-RPi2.arm-6.0-devel/toolchain/bin/armv7ve-openelec-linux-gnueabi-g++    -flto    CMakeFiles/cmTC_73c18.dir/DummyCXXFile.cxx.o  -o cmTC_73c18 -rdynamic 
make[1]: Leaving directory '/media/Data/git/pi/OpenELEC.tv/build-pvr.mythtv-RPi2.arm/CMakeFiles/CMakeTmp'


Performing C++ SOURCE FILE Test HAS_BUILTIN_SYNC_ADD_AND_FETCH succeeded with the following output:
Change Dir: /media/Data/git/pi/OpenELEC.tv/build-pvr.mythtv-RPi2.arm/CMakeFiles/CMakeTmp

Run Build Command:"/usr/bin/make" "cmTC_8e2b7/fast"
/usr/bin/make -f CMakeFiles/cmTC_8e2b7.dir/build.make CMakeFiles/cmTC_8e2b7.dir/build
make[1]: Entering directory '/media/Data/git/pi/OpenELEC.tv/build-pvr.mythtv-RPi2.arm/CMakeFiles/CMakeTmp'
Building CXX object CMakeFiles/cmTC_8e2b7.dir/src.cxx.o
/media/Data/git/pi/OpenELEC.tv/build.OpenELEC-RPi2.arm-6.0-devel/toolchain/bin/armv7ve-openelec-linux-gnueabi-g++     -DHAS_BUILTIN_SYNC_ADD_AND_FETCH   -o CMakeFiles/cmTC_8e2b7.dir/src.cxx.o -c /media/Data/git/pi/OpenELEC.tv/build-pvr.mythtv-RPi2.arm/CMakeFiles/CMakeTmp/src.cxx
Linking CXX executable cmTC_8e2b7
/usr/bin/cmake -E cmake_link_script CMakeFiles/cmTC_8e2b7.dir/link.txt --verbose=1
/media/Data/git/pi/OpenELEC.tv/build.OpenELEC-RPi2.arm-6.0-devel/toolchain/bin/armv7ve-openelec-linux-gnueabi-g++    -DHAS_BUILTIN_SYNC_ADD_AND_FETCH    CMakeFiles/cmTC_8e2b7.dir/src.cxx.o  -o cmTC_8e2b7 -rdynamic 
make[1]: Leaving directory '/media/Data/git/pi/OpenELEC.tv/build-pvr.mythtv-RPi2.arm/CMakeFiles/CMakeTmp'

Source file was:
int main() { long* temp=0; long ret=__sync_add_and_fetch(temp, 1); return 0; }
Performing C++ SOURCE FILE Test HAS_BUILTIN_SYNC_SUB_AND_FETCH succeeded with the following output:
Change Dir: /media/Data/git/pi/OpenELEC.tv/build-pvr.mythtv-RPi2.arm/CMakeFiles/CMakeTmp

Run Build Command:"/usr/bin/make" "cmTC_868d2/fast"
/usr/bin/make -f CMakeFiles/cmTC_868d2.dir/build.make CMakeFiles/cmTC_868d2.dir/build
make[1]: Entering directory '/media/Data/git/pi/OpenELEC.tv/build-pvr.mythtv-RPi2.arm/CMakeFiles/CMakeTmp'
Building CXX object CMakeFiles/cmTC_868d2.dir/src.cxx.o
/media/Data/git/pi/OpenELEC.tv/build.OpenELEC-RPi2.arm-6.0-devel/toolchain/bin/armv7ve-openelec-linux-gnueabi-g++     -DHAS_BUILTIN_SYNC_SUB_AND_FETCH   -o CMakeFiles/cmTC_868d2.dir/src.cxx.o -c /media/Data/git/pi/OpenELEC.tv/build-pvr.mythtv-RPi2.arm/CMakeFiles/CMakeTmp/src.cxx
Linking CXX executable cmTC_868d2
/usr/bin/cmake -E cmake_link_script CMakeFiles/cmTC_868d2.dir/link.txt --verbose=1
/media/Data/git/pi/OpenELEC.tv/build.OpenELEC-RPi2.arm-6.0-devel/toolchain/bin/armv7ve-openelec-linux-gnueabi-g++    -DHAS_BUILTIN_SYNC_SUB_AND_FETCH    CMakeFiles/cmTC_868d2.dir/src.cxx.o  -o cmTC_868d2 -rdynamic 
make[1]: Leaving directory '/media/Data/git/pi/OpenELEC.tv/build-pvr.mythtv-RPi2.arm/CMakeFiles/CMakeTmp'

Source file was:
int main() { long* temp=0; long ret=__sync_sub_and_fetch(temp, 1); return 0; }
Performing C++ SOURCE FILE Test HAS_BUILTIN_SYNC_VAL_COMPARE_AND_SWAP succeeded with the following output:
Change Dir: /media/Data/git/pi/OpenELEC.tv/build-pvr.mythtv-RPi2.arm/CMakeFiles/CMakeTmp

Run Build Command:"/usr/bin/make" "cmTC_cb378/fast"
/usr/bin/make -f CMakeFiles/cmTC_cb378.dir/build.make CMakeFiles/cmTC_cb378.dir/build
make[1]: Entering directory '/media/Data/git/pi/OpenELEC.tv/build-pvr.mythtv-RPi2.arm/CMakeFiles/CMakeTmp'
Building CXX object CMakeFiles/cmTC_cb378.dir/src.cxx.o
/media/Data/git/pi/OpenELEC.tv/build.OpenELEC-RPi2.arm-6.0-devel/toolchain/bin/armv7ve-openelec-linux-gnueabi-g++     -DHAS_BUILTIN_SYNC_VAL_COMPARE_AND_SWAP   -o CMakeFiles/cmTC_cb378.dir/src.cxx.o -c /media/Data/git/pi/OpenELEC.tv/build-pvr.mythtv-RPi2.arm/CMakeFiles/CMakeTmp/src.cxx
Linking CXX executable cmTC_cb378
/usr/bin/cmake -E cmake_link_script CMakeFiles/cmTC_cb378.dir/link.txt --verbose=1
/media/Data/git/pi/OpenELEC.tv/build.OpenELEC-RPi2.arm-6.0-devel/toolchain/bin/armv7ve-openelec-linux-gnueabi-g++    -DHAS_BUILTIN_SYNC_VAL_COMPARE_AND_SWAP    CMakeFiles/cmTC_cb378.dir/src.cxx.o  -o cmTC_cb378 -rdynamic 
make[1]: Leaving directory '/media/Data/git/pi/OpenELEC.tv/build-pvr.mythtv-RPi2.arm/CMakeFiles/CMakeTmp'

Source file was:
int main() { long *temp = 0; long ret=__sync_val_compare_and_swap(temp, 1, 1); return 0; }
Determining if the include file pthread.h exists passed with the following output:
Change Dir: /media/Data/git/pi/OpenELEC.tv/build-pvr.mythtv-RPi2.arm/CMakeFiles/CMakeTmp

Run Build Command:"/usr/bin/make" "cmTC_934db/fast"
/usr/bin/make -f CMakeFiles/cmTC_934db.dir/build.make CMakeFiles/cmTC_934db.dir/build
make[1]: Entering directory '/media/Data/git/pi/OpenELEC.tv/build-pvr.mythtv-RPi2.arm/CMakeFiles/CMakeTmp'
Building C object CMakeFiles/cmTC_934db.dir/CheckIncludeFile.c.o
/media/Data/git/pi/OpenELEC.tv/build.OpenELEC-RPi2.arm-6.0-devel/toolchain/bin/armv7ve-openelec-linux-gnueabi-gcc     -o CMakeFiles/cmTC_934db.dir/CheckIncludeFile.c.o   -c /media/Data/git/pi/OpenELEC.tv/build-pvr.mythtv-RPi2.arm/CMakeFiles/CMakeTmp/CheckIncludeFile.c
Linking C executable cmTC_934db
/usr/bin/cmake -E cmake_link_script CMakeFiles/cmTC_934db.dir/link.txt --verbose=1
/media/Data/git/pi/OpenELEC.tv/build.OpenELEC-RPi2.arm-6.0-devel/toolchain/bin/armv7ve-openelec-linux-gnueabi-gcc       CMakeFiles/cmTC_934db.dir/CheckIncludeFile.c.o  -o cmTC_934db -rdynamic 
make[1]: Leaving directory '/media/Data/git/pi/OpenELEC.tv/build-pvr.mythtv-RPi2.arm/CMakeFiles/CMakeTmp'


Determining if the function pthread_create exists in the pthread passed with the following output:
Change Dir: /media/Data/git/pi/OpenELEC.tv/build-pvr.mythtv-RPi2.arm/CMakeFiles/CMakeTmp

Run Build Command:"/usr/bin/make" "cmTC_41d10/fast"
/usr/bin/make -f CMakeFiles/cmTC_41d10.dir/build.make CMakeFiles/cmTC_41d10.dir/build
make[1]: Entering directory '/media/Data/git/pi/OpenELEC.tv/build-pvr.mythtv-RPi2.arm/CMakeFiles/CMakeTmp'
Building C object CMakeFiles/cmTC_41d10.dir/CheckFunctionExists.c.o
/media/Data/git/pi/OpenELEC.tv/build.OpenELEC-RPi2.arm-6.0-devel/toolchain/bin/armv7ve-openelec-linux-gnueabi-gcc    -DCHECK_FUNCTION_EXISTS=pthread_create   -o CMakeFiles/cmTC_41d10.dir/CheckFunctionExists.c.o   -c /usr/share/cmake-3.5/Modules/CheckFunctionExists.c
Linking C executable cmTC_41d10
/usr/bin/cmake -E cmake_link_script CMakeFiles/cmTC_41d10.dir/link.txt --verbose=1
/media/Data/git/pi/OpenELEC.tv/build.OpenELEC-RPi2.arm-6.0-devel/toolchain/bin/armv7ve-openelec-linux-gnueabi-gcc   -DCHECK_FUNCTION_EXISTS=pthread_create    CMakeFiles/cmTC_41d10.dir/CheckFunctionExists.c.o  -o cmTC_41d10 -rdynamic -lpthread 
make[1]: Leaving directory '/media/Data/git/pi/OpenELEC.tv/build-pvr.mythtv-RPi2.arm/CMakeFiles/CMakeTmp'


Determining if the function timegm exists passed with the following output:
Change Dir: /media/Data/git/pi/OpenELEC.tv/build-pvr.mythtv-RPi2.arm/CMakeFiles/CMakeTmp

Run Build Command:"/usr/bin/make" "cmTC_e6ea7/fast"
/usr/bin/make -f CMakeFiles/cmTC_e6ea7.dir/build.make CMakeFiles/cmTC_e6ea7.dir/build
make[1]: Entering directory '/media/Data/git/pi/OpenELEC.tv/build-pvr.mythtv-RPi2.arm/CMakeFiles/CMakeTmp'
Building C object CMakeFiles/cmTC_e6ea7.dir/CheckFunctionExists.c.o
/media/Data/git/pi/OpenELEC.tv/build.OpenELEC-RPi2.arm-6.0-devel/toolchain/bin/armv7ve-openelec-linux-gnueabi-gcc    -DCHECK_FUNCTION_EXISTS=timegm   -o CMakeFiles/cmTC_e6ea7.dir/CheckFunctionExists.c.o   -c /usr/share/cmake-3.5/Modules/CheckFunctionExists.c
Linking C executable cmTC_e6ea7
/usr/bin/cmake -E cmake_link_script CMakeFiles/cmTC_e6ea7.dir/link.txt --verbose=1
/media/Data/git/pi/OpenELEC.tv/build.OpenELEC-RPi2.arm-6.0-devel/toolchain/bin/armv7ve-openelec-linux-gnueabi-gcc   -DCHECK_FUNCTION_EXISTS=timegm    CMakeFiles/cmTC_e6ea7.dir/CheckFunctionExists.c.o  -o cmTC_e6ea7 -rdynamic 
make[1]: Leaving directory '/media/Data/git/pi/OpenELEC.tv/build-pvr.mythtv-RPi2.arm/CMakeFiles/CMakeTmp'


Determining if the function localtime_r exists passed with the following output:
Change Dir: /media/Data/git/pi/OpenELEC.tv/build-pvr.mythtv-RPi2.arm/CMakeFiles/CMakeTmp

Run Build Command:"/usr/bin/make" "cmTC_b219a/fast"
/usr/bin/make -f CMakeFiles/cmTC_b219a.dir/build.make CMakeFiles/cmTC_b219a.dir/build
make[1]: Entering directory '/media/Data/git/pi/OpenELEC.tv/build-pvr.mythtv-RPi2.arm/CMakeFiles/CMakeTmp'
Building C object CMakeFiles/cmTC_b219a.dir/CheckFunctionExists.c.o
/media/Data/git/pi/OpenELEC.tv/build.OpenELEC-RPi2.arm-6.0-devel/toolchain/bin/armv7ve-openelec-linux-gnueabi-gcc    -DCHECK_FUNCTION_EXISTS=localtime_r   -o CMakeFiles/cmTC_b219a.dir/CheckFunctionExists.c.o   -c /usr/share/cmake-3.5/Modules/CheckFunctionExists.c
Linking C executable cmTC_b219a
/usr/bin/cmake -E cmake_link_script CMakeFiles/cmTC_b219a.dir/link.txt --verbose=1
/media/Data/git/pi/OpenELEC.tv/build.OpenELEC-RPi2.arm-6.0-devel/toolchain/bin/armv7ve-openelec-linux-gnueabi-gcc   -DCHECK_FUNCTION_EXISTS=localtime_r    CMakeFiles/cmTC_b219a.dir/CheckFunctionExists.c.o  -o cmTC_b219a -rdynamic 
make[1]: Leaving directory '/media/Data/git/pi/OpenELEC.tv/build-pvr.mythtv-RPi2.arm/CMakeFiles/CMakeTmp'


Determining if the function gmtime_r exists passed with the following output:
Change Dir: /media/Data/git/pi/OpenELEC.tv/build-pvr.mythtv-RPi2.arm/CMakeFiles/CMakeTmp

Run Build Command:"/usr/bin/make" "cmTC_cb91a/fast"
/usr/bin/make -f CMakeFiles/cmTC_cb91a.dir/build.make CMakeFiles/cmTC_cb91a.dir/build
make[1]: Entering directory '/media/Data/git/pi/OpenELEC.tv/build-pvr.mythtv-RPi2.arm/CMakeFiles/CMakeTmp'
Building C object CMakeFiles/cmTC_cb91a.dir/CheckFunctionExists.c.o
/media/Data/git/pi/OpenELEC.tv/build.OpenELEC-RPi2.arm-6.0-devel/toolchain/bin/armv7ve-openelec-linux-gnueabi-gcc    -DCHECK_FUNCTION_EXISTS=gmtime_r   -o CMakeFiles/cmTC_cb91a.dir/CheckFunctionExists.c.o   -c /usr/share/cmake-3.5/Modules/CheckFunctionExists.c
Linking C executable cmTC_cb91a
/usr/bin/cmake -E cmake_link_script CMakeFiles/cmTC_cb91a.dir/link.txt --verbose=1
/media/Data/git/pi/OpenELEC.tv/build.OpenELEC-RPi2.arm-6.0-devel/toolchain/bin/armv7ve-openelec-linux-gnueabi-gcc   -DCHECK_FUNCTION_EXISTS=gmtime_r    CMakeFiles/cmTC_cb91a.dir/CheckFunctionExists.c.o  -o cmTC_cb91a -rdynamic 
make[1]: Leaving directory '/media/Data/git/pi/OpenELEC.tv/build-pvr.mythtv-RPi2.arm/CMakeFiles/CMakeTmp'


Performing C SOURCE FILE Test HAVE_INLINE succeeded with the following output:
Change Dir: /media/Data/git/pi/OpenELEC.tv/build-pvr.mythtv-RPi2.arm/CMakeFiles/CMakeTmp

Run Build Command:"/usr/bin/make" "cmTC_42ad3/fast"
/usr/bin/make -f CMakeFiles/cmTC_42ad3.dir/build.make CMakeFiles/cmTC_42ad3.dir/build
make[1]: Entering directory '/media/Data/git/pi/OpenELEC.tv/build-pvr.mythtv-RPi2.arm/CMakeFiles/CMakeTmp'
Building C object CMakeFiles/cmTC_42ad3.dir/src.c.o
/media/Data/git/pi/OpenELEC.tv/build.OpenELEC-RPi2.arm-6.0-devel/toolchain/bin/armv7ve-openelec-linux-gnueabi-gcc    -DHAVE_INLINE   -o CMakeFiles/cmTC_42ad3.dir/src.c.o   -c /media/Data/git/pi/OpenELEC.tv/build-pvr.mythtv-RPi2.arm/CMakeFiles/CMakeTmp/src.c
Linking C executable cmTC_42ad3
/usr/bin/cmake -E cmake_link_script CMakeFiles/cmTC_42ad3.dir/link.txt --verbose=1
/media/Data/git/pi/OpenELEC.tv/build.OpenELEC-RPi2.arm-6.0-devel/toolchain/bin/armv7ve-openelec-linux-gnueabi-gcc   -DHAVE_INLINE    CMakeFiles/cmTC_42ad3.dir/src.c.o  -o cmTC_42ad3 -rdynamic 
make[1]: Leaving directory '/media/Data/git/pi/OpenELEC.tv/build-pvr.mythtv-RPi2.arm/CMakeFiles/CMakeTmp'

Source file was:
inline void func(); void func() { } int main() { func(); return 0; }
Performing C SOURCE FILE Test HAVE___INLINE succeeded with the following output:
Change Dir: /media/Data/git/pi/OpenELEC.tv/build-pvr.mythtv-RPi2.arm/CMakeFiles/CMakeTmp

Run Build Command:"/usr/bin/make" "cmTC_8fa83/fast"
/usr/bin/make -f CMakeFiles/cmTC_8fa83.dir/build.make CMakeFiles/cmTC_8fa83.dir/build
make[1]: Entering directory '/media/Data/git/pi/OpenELEC.tv/build-pvr.mythtv-RPi2.arm/CMakeFiles/CMakeTmp'
Building C object CMakeFiles/cmTC_8fa83.dir/src.c.o
/media/Data/git/pi/OpenELEC.tv/build.OpenELEC-RPi2.arm-6.0-devel/toolchain/bin/armv7ve-openelec-linux-gnueabi-gcc    -DHAVE___INLINE   -o CMakeFiles/cmTC_8fa83.dir/src.c.o   -c /media/Data/git/pi/OpenELEC.tv/build-pvr.mythtv-RPi2.arm/CMakeFiles/CMakeTmp/src.c
Linking C executable cmTC_8fa83
/usr/bin/cmake -E cmake_link_script CMakeFiles/cmTC_8fa83.dir/link.txt --verbose=1
/media/Data/git/pi/OpenELEC.tv/build.OpenELEC-RPi2.arm-6.0-devel/toolchain/bin/armv7ve-openelec-linux-gnueabi-gcc   -DHAVE___INLINE    CMakeFiles/cmTC_8fa83.dir/src.c.o  -o cmTC_8fa83 -rdynamic 
make[1]: Leaving directory '/media/Data/git/pi/OpenELEC.tv/build-pvr.mythtv-RPi2.arm/CMakeFiles/CMakeTmp'

Source file was:
__inline void func(); void func() { } int main() { func(); return 0; }
Performing C SOURCE FILE Test HAVE___INLINE__ succeeded with the following output:
Change Dir: /media/Data/git/pi/OpenELEC.tv/build-pvr.mythtv-RPi2.arm/CMakeFiles/CMakeTmp

Run Build Command:"/usr/bin/make" "cmTC_a5a9c/fast"
/usr/bin/make -f CMakeFiles/cmTC_a5a9c.dir/build.make CMakeFiles/cmTC_a5a9c.dir/build
make[1]: Entering directory '/media/Data/git/pi/OpenELEC.tv/build-pvr.mythtv-RPi2.arm/CMakeFiles/CMakeTmp'
Building C object CMakeFiles/cmTC_a5a9c.dir/src.c.o
/media/Data/git/pi/OpenELEC.tv/build.OpenELEC-RPi2.arm-6.0-devel/toolchain/bin/armv7ve-openelec-linux-gnueabi-gcc    -DHAVE___INLINE__   -o CMakeFiles/cmTC_a5a9c.dir/src.c.o   -c /media/Data/git/pi/OpenELEC.tv/build-pvr.mythtv-RPi2.arm/CMakeFiles/CMakeTmp/src.c
Linking C executable cmTC_a5a9c
/usr/bin/cmake -E cmake_link_script CMakeFiles/cmTC_a5a9c.dir/link.txt --verbose=1
/media/Data/git/pi/OpenELEC.tv/build.OpenELEC-RPi2.arm-6.0-devel/toolchain/bin/armv7ve-openelec-linux-gnueabi-gcc   -DHAVE___INLINE__    CMakeFiles/cmTC_a5a9c.dir/src.c.o  -o cmTC_a5a9c -rdynamic 
make[1]: Leaving directory '/media/Data/git/pi/OpenELEC.tv/build-pvr.mythtv-RPi2.arm/CMakeFiles/CMakeTmp'

Source file was:
__inline__ void func(); void func() { } int main() { func(); return 0; }
Performing C++ SOURCE FILE Test COMPILER_SUPPORTS_CXX11 succeeded with the following output:
Change Dir: /media/Data/git/pi/OpenELEC.tv/build-pvr.mythtv-RPi2.arm/CMakeFiles/CMakeTmp

Run Build Command:"/usr/bin/make" "cmTC_a475b/fast"
/usr/bin/make -f CMakeFiles/cmTC_a475b.dir/build.make CMakeFiles/cmTC_a475b.dir/build
make[1]: Entering directory '/media/Data/git/pi/OpenELEC.tv/build-pvr.mythtv-RPi2.arm/CMakeFiles/CMakeTmp'
Building CXX object CMakeFiles/cmTC_a475b.dir/src.cxx.o
/media/Data/git/pi/OpenELEC.tv/build.OpenELEC-RPi2.arm-6.0-devel/toolchain/bin/armv7ve-openelec-linux-gnueabi-g++     -DCOMPILER_SUPPORTS_CXX11   -std=c++11 -o CMakeFiles/cmTC_a475b.dir/src.cxx.o -c /media/Data/git/pi/OpenELEC.tv/build-pvr.mythtv-RPi2.arm/CMakeFiles/CMakeTmp/src.cxx
Linking CXX executable cmTC_a475b
/usr/bin/cmake -E cmake_link_script CMakeFiles/cmTC_a475b.dir/link.txt --verbose=1
/media/Data/git/pi/OpenELEC.tv/build.OpenELEC-RPi2.arm-6.0-devel/toolchain/bin/armv7ve-openelec-linux-gnueabi-g++    -DCOMPILER_SUPPORTS_CXX11    CMakeFiles/cmTC_a475b.dir/src.cxx.o  -o cmTC_a475b -rdynamic 
make[1]: Leaving directory '/media/Data/git/pi/OpenELEC.tv/build-pvr.mythtv-RPi2.arm/CMakeFiles/CMakeTmp'

Source file was:
int main() { return 0; }
